CRITICAL - 2021-04-17 02:08:14 --> Invalid file: admin/barang/satuan.php
#0 C:\xampp\htdocs\kasir\vendor\codeigniter4\framework\system\View\View.php(203): CodeIgniter\Exceptions\FrameworkException::forInvalidFile('admin/barang/sa...')
#1 C:\xampp\htdocs\kasir\vendor\codeigniter4\framework\system\Common.php(1217): CodeIgniter\View\View->render('admin/barang/sa...', Array, true)
#2 C:\xampp\htdocs\kasir\app\Controllers\Admin.php(154): view('admin/barang/sa...', Array)
#3 C:\xampp\htdocs\kasir\vendor\codeigniter4\framework\system\CodeIgniter.php(936): App\Controllers\Admin->satuan()
#4 C:\xampp\htdocs\kasir\vendor\codeigniter4\framework\system\CodeIgniter.php(432): CodeIgniter\CodeIgniter->runController(Object(App\Controllers\Admin))
#5 C:\xampp\htdocs\kasir\vendor\codeigniter4\framework\system\CodeIgniter.php(333): CodeIgniter\CodeIgniter->handleRequest(NULL, Object(Config\Cache), false)
#6 C:\xampp\htdocs\kasir\index.php(44): CodeIgniter\CodeIgniter->run()
#7 {main}
CRITICAL - 2021-04-17 02:13:06 --> Invalid file: admin/barang/kategori/kategori.php
#0 C:\xampp\htdocs\kasir\vendor\codeigniter4\framework\system\View\View.php(203): CodeIgniter\Exceptions\FrameworkException::forInvalidFile('admin/barang/ka...')
#1 C:\xampp\htdocs\kasir\vendor\codeigniter4\framework\system\Common.php(1217): CodeIgniter\View\View->render('admin/barang/ka...', Array, true)
#2 C:\xampp\htdocs\kasir\app\Controllers\Admin.php(86): view('admin/barang/ka...', Array)
#3 C:\xampp\htdocs\kasir\vendor\codeigniter4\framework\system\CodeIgniter.php(936): App\Controllers\Admin->kategori()
#4 C:\xampp\htdocs\kasir\vendor\codeigniter4\framework\system\CodeIgniter.php(432): CodeIgniter\CodeIgniter->runController(Object(App\Controllers\Admin))
#5 C:\xampp\htdocs\kasir\vendor\codeigniter4\framework\system\CodeIgniter.php(333): CodeIgniter\CodeIgniter->handleRequest(NULL, Object(Config\Cache), false)
#6 C:\xampp\htdocs\kasir\index.php(44): CodeIgniter\CodeIgniter->run()
#7 {main}
CRITICAL - 2021-04-17 02:16:27 --> Call to undefined method App\Models\KategoriModel::getkKategori
#0 C:\xampp\htdocs\kasir\app\Controllers\Admin.php(94): CodeIgniter\Model->__call('getkKategori', Array)
#1 C:\xampp\htdocs\kasir\vendor\codeigniter4\framework\system\CodeIgniter.php(936): App\Controllers\Admin->kategori_tambah()
#2 C:\xampp\htdocs\kasir\vendor\codeigniter4\framework\system\CodeIgniter.php(432): CodeIgniter\CodeIgniter->runController(Object(App\Controllers\Admin))
#3 C:\xampp\htdocs\kasir\vendor\codeigniter4\framework\system\CodeIgniter.php(333): CodeIgniter\CodeIgniter->handleRequest(NULL, Object(Config\Cache), false)
#4 C:\xampp\htdocs\kasir\index.php(44): CodeIgniter\CodeIgniter->run()
#5 {main}
CRITICAL - 2021-04-17 02:37:32 --> Undefined variable $kategori
#0 C:\xampp\htdocs\kasir\app\Views\admin\barang\satuan\satuan_ubah.php(27): CodeIgniter\Debug\Exceptions->errorHandler(2, 'Undefined varia...', 'C:\\xampp\\htdocs...', 27)
#1 C:\xampp\htdocs\kasir\vendor\codeigniter4\framework\system\View\View.php(220): include('C:\\xampp\\htdocs...')
#2 C:\xampp\htdocs\kasir\vendor\codeigniter4\framework\system\View\View.php(222): CodeIgniter\View\View->CodeIgniter\View\{closure}()
#3 C:\xampp\htdocs\kasir\vendor\codeigniter4\framework\system\Common.php(1217): CodeIgniter\View\View->render('admin/barang/sa...', Array, true)
#4 C:\xampp\htdocs\kasir\app\Controllers\Admin.php(261): view('admin/barang/sa...', Array)
#5 C:\xampp\htdocs\kasir\vendor\codeigniter4\framework\system\CodeIgniter.php(936): App\Controllers\Admin->satuan_ubah('59')
#6 C:\xampp\htdocs\kasir\vendor\codeigniter4\framework\system\CodeIgniter.php(432): CodeIgniter\CodeIgniter->runController(Object(App\Controllers\Admin))
#7 C:\xampp\htdocs\kasir\vendor\codeigniter4\framework\system\CodeIgniter.php(333): CodeIgniter\CodeIgniter->handleRequest(NULL, Object(Config\Cache), false)
#8 C:\xampp\htdocs\kasir\index.php(44): CodeIgniter\CodeIgniter->run()
#9 {main}
CRITICAL - 2021-04-17 07:59:15 --> Trying to access array offset on value of type null
#0 C:\xampp\htdocs\kasir\app\Views\admin\barang\kategori\kategori.php(55): CodeIgniter\Debug\Exceptions->errorHandler(2, 'Trying to acces...', 'C:\\xampp\\htdocs...', 55)
#1 C:\xampp\htdocs\kasir\vendor\codeigniter4\framework\system\View\View.php(220): include('C:\\xampp\\htdocs...')
#2 C:\xampp\htdocs\kasir\vendor\codeigniter4\framework\system\View\View.php(222): CodeIgniter\View\View->CodeIgniter\View\{closure}()
#3 C:\xampp\htdocs\kasir\vendor\codeigniter4\framework\system\Common.php(1217): CodeIgniter\View\View->render('admin/barang/ka...', Array, true)
#4 C:\xampp\htdocs\kasir\app\Controllers\Admin.php(94): view('admin/barang/ka...', Array)
#5 C:\xampp\htdocs\kasir\vendor\codeigniter4\framework\system\CodeIgniter.php(936): App\Controllers\Admin->kategori()
#6 C:\xampp\htdocs\kasir\vendor\codeigniter4\framework\system\CodeIgniter.php(432): CodeIgniter\CodeIgniter->runController(Object(App\Controllers\Admin))
#7 C:\xampp\htdocs\kasir\vendor\codeigniter4\framework\system\CodeIgniter.php(333): CodeIgniter\CodeIgniter->handleRequest(NULL, Object(Config\Cache), false)
#8 C:\xampp\htdocs\kasir\index.php(44): CodeIgniter\CodeIgniter->run()
#9 {main}
CRITICAL - 2021-04-17 09:05:40 --> Trying to access array offset on value of type bool
#0 C:\xampp\htdocs\kasir\app\Models\KategoriModel.php(27): CodeIgniter\Debug\Exceptions->errorHandler(2, 'Trying to acces...', 'C:\\xampp\\htdocs...', 27)
#1 C:\xampp\htdocs\kasir\app\Controllers\Admin.php(99): App\Models\KategoriModel->generatenewidKategori()
#2 C:\xampp\htdocs\kasir\vendor\codeigniter4\framework\system\CodeIgniter.php(936): App\Controllers\Admin->kategori()
#3 C:\xampp\htdocs\kasir\vendor\codeigniter4\framework\system\CodeIgniter.php(432): CodeIgniter\CodeIgniter->runController(Object(App\Controllers\Admin))
#4 C:\xampp\htdocs\kasir\vendor\codeigniter4\framework\system\CodeIgniter.php(333): CodeIgniter\CodeIgniter->handleRequest(NULL, Object(Config\Cache), false)
#5 C:\xampp\htdocs\kasir\index.php(44): CodeIgniter\CodeIgniter->run()
#6 {main}
CRITICAL - 2021-04-17 09:06:44 --> Trying to access array offset on value of type bool
#0 C:\xampp\htdocs\kasir\app\Models\KategoriModel.php(27): CodeIgniter\Debug\Exceptions->errorHandler(2, 'Trying to acces...', 'C:\\xampp\\htdocs...', 27)
#1 C:\xampp\htdocs\kasir\app\Controllers\Admin.php(99): App\Models\KategoriModel->generatenewidKategori()
#2 C:\xampp\htdocs\kasir\vendor\codeigniter4\framework\system\CodeIgniter.php(936): App\Controllers\Admin->kategori()
#3 C:\xampp\htdocs\kasir\vendor\codeigniter4\framework\system\CodeIgniter.php(432): CodeIgniter\CodeIgniter->runController(Object(App\Controllers\Admin))
#4 C:\xampp\htdocs\kasir\vendor\codeigniter4\framework\system\CodeIgniter.php(333): CodeIgniter\CodeIgniter->handleRequest(NULL, Object(Config\Cache), false)
#5 C:\xampp\htdocs\kasir\index.php(44): CodeIgniter\CodeIgniter->run()
#6 {main}
CRITICAL - 2021-04-17 09:06:53 --> Trying to access array offset on value of type bool
#0 C:\xampp\htdocs\kasir\app\Models\KategoriModel.php(27): CodeIgniter\Debug\Exceptions->errorHandler(2, 'Trying to acces...', 'C:\\xampp\\htdocs...', 27)
#1 C:\xampp\htdocs\kasir\app\Controllers\Admin.php(99): App\Models\KategoriModel->generatenewidKategori()
#2 C:\xampp\htdocs\kasir\vendor\codeigniter4\framework\system\CodeIgniter.php(936): App\Controllers\Admin->kategori()
#3 C:\xampp\htdocs\kasir\vendor\codeigniter4\framework\system\CodeIgniter.php(432): CodeIgniter\CodeIgniter->runController(Object(App\Controllers\Admin))
#4 C:\xampp\htdocs\kasir\vendor\codeigniter4\framework\system\CodeIgniter.php(333): CodeIgniter\CodeIgniter->handleRequest(NULL, Object(Config\Cache), false)
#5 C:\xampp\htdocs\kasir\index.php(44): CodeIgniter\CodeIgniter->run()
#6 {main}
CRITICAL - 2021-04-17 09:07:26 --> Trying to access array offset on value of type bool
#0 C:\xampp\htdocs\kasir\app\Models\KategoriModel.php(31): CodeIgniter\Debug\Exceptions->errorHandler(2, 'Trying to acces...', 'C:\\xampp\\htdocs...', 31)
#1 C:\xampp\htdocs\kasir\app\Controllers\Admin.php(99): App\Models\KategoriModel->generatenewidKategori()
#2 C:\xampp\htdocs\kasir\vendor\codeigniter4\framework\system\CodeIgniter.php(936): App\Controllers\Admin->kategori()
#3 C:\xampp\htdocs\kasir\vendor\codeigniter4\framework\system\CodeIgniter.php(432): CodeIgniter\CodeIgniter->runController(Object(App\Controllers\Admin))
#4 C:\xampp\htdocs\kasir\vendor\codeigniter4\framework\system\CodeIgniter.php(333): CodeIgniter\CodeIgniter->handleRequest(NULL, Object(Config\Cache), false)
#5 C:\xampp\htdocs\kasir\index.php(44): CodeIgniter\CodeIgniter->run()
#6 {main}
CRITICAL - 2021-04-17 09:07:57 --> Trying to access array offset on value of type bool
#0 C:\xampp\htdocs\kasir\app\Models\KategoriModel.php(31): CodeIgniter\Debug\Exceptions->errorHandler(2, 'Trying to acces...', 'C:\\xampp\\htdocs...', 31)
#1 C:\xampp\htdocs\kasir\app\Controllers\Admin.php(99): App\Models\KategoriModel->generatenewidKategori()
#2 C:\xampp\htdocs\kasir\vendor\codeigniter4\framework\system\CodeIgniter.php(936): App\Controllers\Admin->kategori()
#3 C:\xampp\htdocs\kasir\vendor\codeigniter4\framework\system\CodeIgniter.php(432): CodeIgniter\CodeIgniter->runController(Object(App\Controllers\Admin))
#4 C:\xampp\htdocs\kasir\vendor\codeigniter4\framework\system\CodeIgniter.php(333): CodeIgniter\CodeIgniter->handleRequest(NULL, Object(Config\Cache), false)
#5 C:\xampp\htdocs\kasir\index.php(44): CodeIgniter\CodeIgniter->run()
#6 {main}
CRITICAL - 2021-04-17 09:08:15 --> Trying to access array offset on value of type bool
#0 C:\xampp\htdocs\kasir\app\Models\KategoriModel.php(31): CodeIgniter\Debug\Exceptions->errorHandler(2, 'Trying to acces...', 'C:\\xampp\\htdocs...', 31)
#1 C:\xampp\htdocs\kasir\app\Controllers\Admin.php(99): App\Models\KategoriModel->generatenewidKategori()
#2 C:\xampp\htdocs\kasir\vendor\codeigniter4\framework\system\CodeIgniter.php(936): App\Controllers\Admin->kategori()
#3 C:\xampp\htdocs\kasir\vendor\codeigniter4\framework\system\CodeIgniter.php(432): CodeIgniter\CodeIgniter->runController(Object(App\Controllers\Admin))
#4 C:\xampp\htdocs\kasir\vendor\codeigniter4\framework\system\CodeIgniter.php(333): CodeIgniter\CodeIgniter->handleRequest(NULL, Object(Config\Cache), false)
#5 C:\xampp\htdocs\kasir\index.php(44): CodeIgniter\CodeIgniter->run()
#6 {main}
CRITICAL - 2021-04-17 09:10:14 --> Trying to access array offset on value of type null
#0 C:\xampp\htdocs\kasir\app\Views\admin\barang\kategori\kategori.php(57): CodeIgniter\Debug\Exceptions->errorHandler(2, 'Trying to acces...', 'C:\\xampp\\htdocs...', 57)
#1 C:\xampp\htdocs\kasir\vendor\codeigniter4\framework\system\View\View.php(220): include('C:\\xampp\\htdocs...')
#2 C:\xampp\htdocs\kasir\vendor\codeigniter4\framework\system\View\View.php(222): CodeIgniter\View\View->CodeIgniter\View\{closure}()
#3 C:\xampp\htdocs\kasir\vendor\codeigniter4\framework\system\Common.php(1217): CodeIgniter\View\View->render('admin/barang/ka...', Array, true)
#4 C:\xampp\htdocs\kasir\app\Controllers\Admin.php(101): view('admin/barang/ka...', Array)
#5 C:\xampp\htdocs\kasir\vendor\codeigniter4\framework\system\CodeIgniter.php(936): App\Controllers\Admin->kategori()
#6 C:\xampp\htdocs\kasir\vendor\codeigniter4\framework\system\CodeIgniter.php(432): CodeIgniter\CodeIgniter->runController(Object(App\Controllers\Admin))
#7 C:\xampp\htdocs\kasir\vendor\codeigniter4\framework\system\CodeIgniter.php(333): CodeIgniter\CodeIgniter->handleRequest(NULL, Object(Config\Cache), false)
#8 C:\xampp\htdocs\kasir\index.php(44): CodeIgniter\CodeIgniter->run()
#9 {main}
CRITICAL - 2021-04-17 09:11:05 --> Trying to access array offset on value of type bool
#0 C:\xampp\htdocs\kasir\app\Models\KategoriModel.php(31): CodeIgniter\Debug\Exceptions->errorHandler(2, 'Trying to acces...', 'C:\\xampp\\htdocs...', 31)
#1 C:\xampp\htdocs\kasir\app\Controllers\Admin.php(99): App\Models\KategoriModel->generatenewidKategori()
#2 C:\xampp\htdocs\kasir\vendor\codeigniter4\framework\system\CodeIgniter.php(936): App\Controllers\Admin->kategori()
#3 C:\xampp\htdocs\kasir\vendor\codeigniter4\framework\system\CodeIgniter.php(432): CodeIgniter\CodeIgniter->runController(Object(App\Controllers\Admin))
#4 C:\xampp\htdocs\kasir\vendor\codeigniter4\framework\system\CodeIgniter.php(333): CodeIgniter\CodeIgniter->handleRequest(NULL, Object(Config\Cache), false)
#5 C:\xampp\htdocs\kasir\index.php(44): CodeIgniter\CodeIgniter->run()
#6 {main}
CRITICAL - 2021-04-17 09:11:35 --> Trying to access array offset on value of type null
#0 C:\xampp\htdocs\kasir\app\Views\admin\barang\kategori\kategori.php(57): CodeIgniter\Debug\Exceptions->errorHandler(2, 'Trying to acces...', 'C:\\xampp\\htdocs...', 57)
#1 C:\xampp\htdocs\kasir\vendor\codeigniter4\framework\system\View\View.php(220): include('C:\\xampp\\htdocs...')
#2 C:\xampp\htdocs\kasir\vendor\codeigniter4\framework\system\View\View.php(222): CodeIgniter\View\View->CodeIgniter\View\{closure}()
#3 C:\xampp\htdocs\kasir\vendor\codeigniter4\framework\system\Common.php(1217): CodeIgniter\View\View->render('admin/barang/ka...', Array, true)
#4 C:\xampp\htdocs\kasir\app\Controllers\Admin.php(101): view('admin/barang/ka...', Array)
#5 C:\xampp\htdocs\kasir\vendor\codeigniter4\framework\system\CodeIgniter.php(936): App\Controllers\Admin->kategori()
#6 C:\xampp\htdocs\kasir\vendor\codeigniter4\framework\system\CodeIgniter.php(432): CodeIgniter\CodeIgniter->runController(Object(App\Controllers\Admin))
#7 C:\xampp\htdocs\kasir\vendor\codeigniter4\framework\system\CodeIgniter.php(333): CodeIgniter\CodeIgniter->handleRequest(NULL, Object(Config\Cache), false)
#8 C:\xampp\htdocs\kasir\index.php(44): CodeIgniter\CodeIgniter->run()
#9 {main}
CRITICAL - 2021-04-17 09:12:34 --> Trying to access array offset on value of type null
#0 C:\xampp\htdocs\kasir\app\Views\admin\barang\kategori\kategori.php(57): CodeIgniter\Debug\Exceptions->errorHandler(2, 'Trying to acces...', 'C:\\xampp\\htdocs...', 57)
#1 C:\xampp\htdocs\kasir\vendor\codeigniter4\framework\system\View\View.php(220): include('C:\\xampp\\htdocs...')
#2 C:\xampp\htdocs\kasir\vendor\codeigniter4\framework\system\View\View.php(222): CodeIgniter\View\View->CodeIgniter\View\{closure}()
#3 C:\xampp\htdocs\kasir\vendor\codeigniter4\framework\system\Common.php(1217): CodeIgniter\View\View->render('admin/barang/ka...', Array, true)
#4 C:\xampp\htdocs\kasir\app\Controllers\Admin.php(102): view('admin/barang/ka...', Array)
#5 C:\xampp\htdocs\kasir\vendor\codeigniter4\framework\system\CodeIgniter.php(936): App\Controllers\Admin->kategori()
#6 C:\xampp\htdocs\kasir\vendor\codeigniter4\framework\system\CodeIgniter.php(432): CodeIgniter\CodeIgniter->runController(Object(App\Controllers\Admin))
#7 C:\xampp\htdocs\kasir\vendor\codeigniter4\framework\system\CodeIgniter.php(333): CodeIgniter\CodeIgniter->handleRequest(NULL, Object(Config\Cache), false)
#8 C:\xampp\htdocs\kasir\index.php(44): CodeIgniter\CodeIgniter->run()
#9 {main}
CRITICAL - 2021-04-17 09:12:43 --> Trying to access array offset on value of type null
#0 C:\xampp\htdocs\kasir\app\Views\admin\barang\kategori\kategori.php(57): CodeIgniter\Debug\Exceptions->errorHandler(2, 'Trying to acces...', 'C:\\xampp\\htdocs...', 57)
#1 C:\xampp\htdocs\kasir\vendor\codeigniter4\framework\system\View\View.php(220): include('C:\\xampp\\htdocs...')
#2 C:\xampp\htdocs\kasir\vendor\codeigniter4\framework\system\View\View.php(222): CodeIgniter\View\View->CodeIgniter\View\{closure}()
#3 C:\xampp\htdocs\kasir\vendor\codeigniter4\framework\system\Common.php(1217): CodeIgniter\View\View->render('admin/barang/ka...', Array, true)
#4 C:\xampp\htdocs\kasir\app\Controllers\Admin.php(102): view('admin/barang/ka...', Array)
#5 C:\xampp\htdocs\kasir\vendor\codeigniter4\framework\system\CodeIgniter.php(936): App\Controllers\Admin->kategori()
#6 C:\xampp\htdocs\kasir\vendor\codeigniter4\framework\system\CodeIgniter.php(432): CodeIgniter\CodeIgniter->runController(Object(App\Controllers\Admin))
#7 C:\xampp\htdocs\kasir\vendor\codeigniter4\framework\system\CodeIgniter.php(333): CodeIgniter\CodeIgniter->handleRequest(NULL, Object(Config\Cache), false)
#8 C:\xampp\htdocs\kasir\index.php(44): CodeIgniter\CodeIgniter->run()
#9 {main}
CRITICAL - 2021-04-17 09:15:49 --> Trying to access array offset on value of type null
#0 C:\xampp\htdocs\kasir\app\Views\admin\barang\kategori\kategori.php(57): CodeIgniter\Debug\Exceptions->errorHandler(2, 'Trying to acces...', 'C:\\xampp\\htdocs...', 57)
#1 C:\xampp\htdocs\kasir\vendor\codeigniter4\framework\system\View\View.php(220): include('C:\\xampp\\htdocs...')
#2 C:\xampp\htdocs\kasir\vendor\codeigniter4\framework\system\View\View.php(222): CodeIgniter\View\View->CodeIgniter\View\{closure}()
#3 C:\xampp\htdocs\kasir\vendor\codeigniter4\framework\system\Common.php(1217): CodeIgniter\View\View->render('admin/barang/ka...', Array, true)
#4 C:\xampp\htdocs\kasir\app\Controllers\Admin.php(103): view('admin/barang/ka...', Array)
#5 C:\xampp\htdocs\kasir\vendor\codeigniter4\framework\system\CodeIgniter.php(936): App\Controllers\Admin->kategori()
#6 C:\xampp\htdocs\kasir\vendor\codeigniter4\framework\system\CodeIgniter.php(432): CodeIgniter\CodeIgniter->runController(Object(App\Controllers\Admin))
#7 C:\xampp\htdocs\kasir\vendor\codeigniter4\framework\system\CodeIgniter.php(333): CodeIgniter\CodeIgniter->handleRequest(NULL, Object(Config\Cache), false)
#8 C:\xampp\htdocs\kasir\index.php(44): CodeIgniter\CodeIgniter->run()
#9 {main}
CRITICAL - 2021-04-17 09:16:00 --> Trying to access array offset on value of type bool
#0 C:\xampp\htdocs\kasir\app\Models\KategoriModel.php(33): CodeIgniter\Debug\Exceptions->errorHandler(2, 'Trying to acces...', 'C:\\xampp\\htdocs...', 33)
#1 C:\xampp\htdocs\kasir\app\Controllers\Admin.php(100): App\Models\KategoriModel->generatenewidKategori()
#2 C:\xampp\htdocs\kasir\vendor\codeigniter4\framework\system\CodeIgniter.php(936): App\Controllers\Admin->kategori()
#3 C:\xampp\htdocs\kasir\vendor\codeigniter4\framework\system\CodeIgniter.php(432): CodeIgniter\CodeIgniter->runController(Object(App\Controllers\Admin))
#4 C:\xampp\htdocs\kasir\vendor\codeigniter4\framework\system\CodeIgniter.php(333): CodeIgniter\CodeIgniter->handleRequest(NULL, Object(Config\Cache), false)
#5 C:\xampp\htdocs\kasir\index.php(44): CodeIgniter\CodeIgniter->run()
#6 {main}
CRITICAL - 2021-04-17 09:16:12 --> Trying to access array offset on value of type null
#0 C:\xampp\htdocs\kasir\app\Views\admin\barang\kategori\kategori.php(57): CodeIgniter\Debug\Exceptions->errorHandler(2, 'Trying to acces...', 'C:\\xampp\\htdocs...', 57)
#1 C:\xampp\htdocs\kasir\vendor\codeigniter4\framework\system\View\View.php(220): include('C:\\xampp\\htdocs...')
#2 C:\xampp\htdocs\kasir\vendor\codeigniter4\framework\system\View\View.php(222): CodeIgniter\View\View->CodeIgniter\View\{closure}()
#3 C:\xampp\htdocs\kasir\vendor\codeigniter4\framework\system\Common.php(1217): CodeIgniter\View\View->render('admin/barang/ka...', Array, true)
#4 C:\xampp\htdocs\kasir\app\Controllers\Admin.php(103): view('admin/barang/ka...', Array)
#5 C:\xampp\htdocs\kasir\vendor\codeigniter4\framework\system\CodeIgniter.php(936): App\Controllers\Admin->kategori()
#6 C:\xampp\htdocs\kasir\vendor\codeigniter4\framework\system\CodeIgniter.php(432): CodeIgniter\CodeIgniter->runController(Object(App\Controllers\Admin))
#7 C:\xampp\htdocs\kasir\vendor\codeigniter4\framework\system\CodeIgniter.php(333): CodeIgniter\CodeIgniter->handleRequest(NULL, Object(Config\Cache), false)
#8 C:\xampp\htdocs\kasir\index.php(44): CodeIgniter\CodeIgniter->run()
#9 {main}
CRITICAL - 2021-04-17 09:17:24 --> Trying to access array offset on value of type null
#0 C:\xampp\htdocs\kasir\app\Views\admin\barang\kategori\kategori.php(57): CodeIgniter\Debug\Exceptions->errorHandler(2, 'Trying to acces...', 'C:\\xampp\\htdocs...', 57)
#1 C:\xampp\htdocs\kasir\vendor\codeigniter4\framework\system\View\View.php(220): include('C:\\xampp\\htdocs...')
#2 C:\xampp\htdocs\kasir\vendor\codeigniter4\framework\system\View\View.php(222): CodeIgniter\View\View->CodeIgniter\View\{closure}()
#3 C:\xampp\htdocs\kasir\vendor\codeigniter4\framework\system\Common.php(1217): CodeIgniter\View\View->render('admin/barang/ka...', Array, true)
#4 C:\xampp\htdocs\kasir\app\Controllers\Admin.php(103): view('admin/barang/ka...', Array)
#5 C:\xampp\htdocs\kasir\vendor\codeigniter4\framework\system\CodeIgniter.php(936): App\Controllers\Admin->kategori()
#6 C:\xampp\htdocs\kasir\vendor\codeigniter4\framework\system\CodeIgniter.php(432): CodeIgniter\CodeIgniter->runController(Object(App\Controllers\Admin))
#7 C:\xampp\htdocs\kasir\vendor\codeigniter4\framework\system\CodeIgniter.php(333): CodeIgniter\CodeIgniter->handleRequest(NULL, Object(Config\Cache), false)
#8 C:\xampp\htdocs\kasir\index.php(44): CodeIgniter\CodeIgniter->run()
#9 {main}
CRITICAL - 2021-04-17 09:21:37 --> Undefined variable $keyword
#0 C:\xampp\htdocs\kasir\app\Controllers\Admin.php(91): CodeIgniter\Debug\Exceptions->errorHandler(2, 'Undefined varia...', 'C:\\xampp\\htdocs...', 91)
#1 C:\xampp\htdocs\kasir\vendor\codeigniter4\framework\system\CodeIgniter.php(936): App\Controllers\Admin->kategori()
#2 C:\xampp\htdocs\kasir\vendor\codeigniter4\framework\system\CodeIgniter.php(432): CodeIgniter\CodeIgniter->runController(Object(App\Controllers\Admin))
#3 C:\xampp\htdocs\kasir\vendor\codeigniter4\framework\system\CodeIgniter.php(333): CodeIgniter\CodeIgniter->handleRequest(NULL, Object(Config\Cache), false)
#4 C:\xampp\htdocs\kasir\index.php(44): CodeIgniter\CodeIgniter->run()
#5 {main}
CRITICAL - 2021-04-17 09:25:38 --> Undefined variable $keyword
#0 C:\xampp\htdocs\kasir\app\Controllers\Admin.php(91): CodeIgniter\Debug\Exceptions->errorHandler(2, 'Undefined varia...', 'C:\\xampp\\htdocs...', 91)
#1 C:\xampp\htdocs\kasir\vendor\codeigniter4\framework\system\CodeIgniter.php(936): App\Controllers\Admin->kategori()
#2 C:\xampp\htdocs\kasir\vendor\codeigniter4\framework\system\CodeIgniter.php(432): CodeIgniter\CodeIgniter->runController(Object(App\Controllers\Admin))
#3 C:\xampp\htdocs\kasir\vendor\codeigniter4\framework\system\CodeIgniter.php(333): CodeIgniter\CodeIgniter->handleRequest(NULL, Object(Config\Cache), false)
#4 C:\xampp\htdocs\kasir\index.php(44): CodeIgniter\CodeIgniter->run()
#5 {main}
CRITICAL - 2021-04-17 09:26:22 --> Undefined variable $keyword
#0 C:\xampp\htdocs\kasir\app\Controllers\Admin.php(91): CodeIgniter\Debug\Exceptions->errorHandler(2, 'Undefined varia...', 'C:\\xampp\\htdocs...', 91)
#1 C:\xampp\htdocs\kasir\vendor\codeigniter4\framework\system\CodeIgniter.php(936): App\Controllers\Admin->kategori()
#2 C:\xampp\htdocs\kasir\vendor\codeigniter4\framework\system\CodeIgniter.php(432): CodeIgniter\CodeIgniter->runController(Object(App\Controllers\Admin))
#3 C:\xampp\htdocs\kasir\vendor\codeigniter4\framework\system\CodeIgniter.php(333): CodeIgniter\CodeIgniter->handleRequest(NULL, Object(Config\Cache), false)
#4 C:\xampp\htdocs\kasir\index.php(44): CodeIgniter\CodeIgniter->run()
#5 {main}
CRITICAL - 2021-04-17 09:26:59 --> Undefined variable $keyword
#0 C:\xampp\htdocs\kasir\app\Controllers\Admin.php(91): CodeIgniter\Debug\Exceptions->errorHandler(2, 'Undefined varia...', 'C:\\xampp\\htdocs...', 91)
#1 C:\xampp\htdocs\kasir\vendor\codeigniter4\framework\system\CodeIgniter.php(936): App\Controllers\Admin->kategori()
#2 C:\xampp\htdocs\kasir\vendor\codeigniter4\framework\system\CodeIgniter.php(432): CodeIgniter\CodeIgniter->runController(Object(App\Controllers\Admin))
#3 C:\xampp\htdocs\kasir\vendor\codeigniter4\framework\system\CodeIgniter.php(333): CodeIgniter\CodeIgniter->handleRequest(NULL, Object(Config\Cache), false)
#4 C:\xampp\htdocs\kasir\index.php(44): CodeIgniter\CodeIgniter->run()
#5 {main}
CRITICAL - 2021-04-17 09:27:05 --> Undefined variable $keyword
#0 C:\xampp\htdocs\kasir\app\Controllers\Admin.php(91): CodeIgniter\Debug\Exceptions->errorHandler(2, 'Undefined varia...', 'C:\\xampp\\htdocs...', 91)
#1 C:\xampp\htdocs\kasir\vendor\codeigniter4\framework\system\CodeIgniter.php(936): App\Controllers\Admin->kategori()
#2 C:\xampp\htdocs\kasir\vendor\codeigniter4\framework\system\CodeIgniter.php(432): CodeIgniter\CodeIgniter->runController(Object(App\Controllers\Admin))
#3 C:\xampp\htdocs\kasir\vendor\codeigniter4\framework\system\CodeIgniter.php(333): CodeIgniter\CodeIgniter->handleRequest(NULL, Object(Config\Cache), false)
#4 C:\xampp\htdocs\kasir\index.php(44): CodeIgniter\CodeIgniter->run()
#5 {main}
CRITICAL - 2021-04-17 09:29:05 --> Trying to access array offset on value of type null
#0 C:\xampp\htdocs\kasir\app\Views\admin\barang\kategori\kategori.php(57): CodeIgniter\Debug\Exceptions->errorHandler(2, 'Trying to acces...', 'C:\\xampp\\htdocs...', 57)
#1 C:\xampp\htdocs\kasir\vendor\codeigniter4\framework\system\View\View.php(220): include('C:\\xampp\\htdocs...')
#2 C:\xampp\htdocs\kasir\vendor\codeigniter4\framework\system\View\View.php(222): CodeIgniter\View\View->CodeIgniter\View\{closure}()
#3 C:\xampp\htdocs\kasir\vendor\codeigniter4\framework\system\Common.php(1217): CodeIgniter\View\View->render('admin/barang/ka...', Array, true)
#4 C:\xampp\htdocs\kasir\app\Controllers\Admin.php(105): view('admin/barang/ka...', Array)
#5 C:\xampp\htdocs\kasir\vendor\codeigniter4\framework\system\CodeIgniter.php(936): App\Controllers\Admin->kategori()
#6 C:\xampp\htdocs\kasir\vendor\codeigniter4\framework\system\CodeIgniter.php(432): CodeIgniter\CodeIgniter->runController(Object(App\Controllers\Admin))
#7 C:\xampp\htdocs\kasir\vendor\codeigniter4\framework\system\CodeIgniter.php(333): CodeIgniter\CodeIgniter->handleRequest(NULL, Object(Config\Cache), false)
#8 C:\xampp\htdocs\kasir\index.php(44): CodeIgniter\CodeIgniter->run()
#9 {main}
CRITICAL - 2021-04-17 09:30:15 --> Trying to access array offset on value of type null
#0 C:\xampp\htdocs\kasir\app\Views\admin\barang\kategori\kategori.php(57): CodeIgniter\Debug\Exceptions->errorHandler(2, 'Trying to acces...', 'C:\\xampp\\htdocs...', 57)
#1 C:\xampp\htdocs\kasir\vendor\codeigniter4\framework\system\View\View.php(220): include('C:\\xampp\\htdocs...')
#2 C:\xampp\htdocs\kasir\vendor\codeigniter4\framework\system\View\View.php(222): CodeIgniter\View\View->CodeIgniter\View\{closure}()
#3 C:\xampp\htdocs\kasir\vendor\codeigniter4\framework\system\Common.php(1217): CodeIgniter\View\View->render('admin/barang/ka...', Array, true)
#4 C:\xampp\htdocs\kasir\app\Controllers\Admin.php(105): view('admin/barang/ka...', Array)
#5 C:\xampp\htdocs\kasir\vendor\codeigniter4\framework\system\CodeIgniter.php(936): App\Controllers\Admin->kategori()
#6 C:\xampp\htdocs\kasir\vendor\codeigniter4\framework\system\CodeIgniter.php(432): CodeIgniter\CodeIgniter->runController(Object(App\Controllers\Admin))
#7 C:\xampp\htdocs\kasir\vendor\codeigniter4\framework\system\CodeIgniter.php(333): CodeIgniter\CodeIgniter->handleRequest(NULL, Object(Config\Cache), false)
#8 C:\xampp\htdocs\kasir\index.php(44): CodeIgniter\CodeIgniter->run()
#9 {main}
CRITICAL - 2021-04-17 09:30:18 --> Trying to access array offset on value of type null
#0 C:\xampp\htdocs\kasir\app\Views\admin\barang\kategori\kategori.php(57): CodeIgniter\Debug\Exceptions->errorHandler(2, 'Trying to acces...', 'C:\\xampp\\htdocs...', 57)
#1 C:\xampp\htdocs\kasir\vendor\codeigniter4\framework\system\View\View.php(220): include('C:\\xampp\\htdocs...')
#2 C:\xampp\htdocs\kasir\vendor\codeigniter4\framework\system\View\View.php(222): CodeIgniter\View\View->CodeIgniter\View\{closure}()
#3 C:\xampp\htdocs\kasir\vendor\codeigniter4\framework\system\Common.php(1217): CodeIgniter\View\View->render('admin/barang/ka...', Array, true)
#4 C:\xampp\htdocs\kasir\app\Controllers\Admin.php(105): view('admin/barang/ka...', Array)
#5 C:\xampp\htdocs\kasir\vendor\codeigniter4\framework\system\CodeIgniter.php(936): App\Controllers\Admin->kategori()
#6 C:\xampp\htdocs\kasir\vendor\codeigniter4\framework\system\CodeIgniter.php(432): CodeIgniter\CodeIgniter->runController(Object(App\Controllers\Admin))
#7 C:\xampp\htdocs\kasir\vendor\codeigniter4\framework\system\CodeIgniter.php(333): CodeIgniter\CodeIgniter->handleRequest(NULL, Object(Config\Cache), false)
#8 C:\xampp\htdocs\kasir\index.php(44): CodeIgniter\CodeIgniter->run()
#9 {main}
CRITICAL - 2021-04-17 09:30:31 --> Trying to access array offset on value of type null
#0 C:\xampp\htdocs\kasir\app\Views\admin\barang\kategori\kategori.php(57): CodeIgniter\Debug\Exceptions->errorHandler(2, 'Trying to acces...', 'C:\\xampp\\htdocs...', 57)
#1 C:\xampp\htdocs\kasir\vendor\codeigniter4\framework\system\View\View.php(220): include('C:\\xampp\\htdocs...')
#2 C:\xampp\htdocs\kasir\vendor\codeigniter4\framework\system\View\View.php(222): CodeIgniter\View\View->CodeIgniter\View\{closure}()
#3 C:\xampp\htdocs\kasir\vendor\codeigniter4\framework\system\Common.php(1217): CodeIgniter\View\View->render('admin/barang/ka...', Array, true)
#4 C:\xampp\htdocs\kasir\app\Controllers\Admin.php(105): view('admin/barang/ka...', Array)
#5 C:\xampp\htdocs\kasir\vendor\codeigniter4\framework\system\CodeIgniter.php(936): App\Controllers\Admin->kategori()
#6 C:\xampp\htdocs\kasir\vendor\codeigniter4\framework\system\CodeIgniter.php(432): CodeIgniter\CodeIgniter->runController(Object(App\Controllers\Admin))
#7 C:\xampp\htdocs\kasir\vendor\codeigniter4\framework\system\CodeIgniter.php(333): CodeIgniter\CodeIgniter->handleRequest(NULL, Object(Config\Cache), false)
#8 C:\xampp\htdocs\kasir\index.php(44): CodeIgniter\CodeIgniter->run()
#9 {main}
CRITICAL - 2021-04-17 09:31:08 --> Call to a member function search() on array
#0 C:\xampp\htdocs\kasir\vendor\codeigniter4\framework\system\CodeIgniter.php(936): App\Controllers\Admin->kategori()
#1 C:\xampp\htdocs\kasir\vendor\codeigniter4\framework\system\CodeIgniter.php(432): CodeIgniter\CodeIgniter->runController(Object(App\Controllers\Admin))
#2 C:\xampp\htdocs\kasir\vendor\codeigniter4\framework\system\CodeIgniter.php(333): CodeIgniter\CodeIgniter->handleRequest(NULL, Object(Config\Cache), false)
#3 C:\xampp\htdocs\kasir\index.php(44): CodeIgniter\CodeIgniter->run()
#4 {main}
CRITICAL - 2021-04-17 09:31:56 --> CodeIgniter\BaseModel::findAll(): Argument #1 ($limit) must be of type int, string given, called in C:\xampp\htdocs\kasir\app\Controllers\Admin.php on line 94
#0 C:\xampp\htdocs\kasir\app\Controllers\Admin.php(94): CodeIgniter\BaseModel->findAll('a')
#1 C:\xampp\htdocs\kasir\vendor\codeigniter4\framework\system\CodeIgniter.php(936): App\Controllers\Admin->kategori()
#2 C:\xampp\htdocs\kasir\vendor\codeigniter4\framework\system\CodeIgniter.php(432): CodeIgniter\CodeIgniter->runController(Object(App\Controllers\Admin))
#3 C:\xampp\htdocs\kasir\vendor\codeigniter4\framework\system\CodeIgniter.php(333): CodeIgniter\CodeIgniter->handleRequest(NULL, Object(Config\Cache), false)
#4 C:\xampp\htdocs\kasir\index.php(44): CodeIgniter\CodeIgniter->run()
#5 {main}
CRITICAL - 2021-04-17 09:32:21 --> Trying to access array offset on value of type null
#0 C:\xampp\htdocs\kasir\app\Views\admin\barang\kategori\kategori.php(57): CodeIgniter\Debug\Exceptions->errorHandler(2, 'Trying to acces...', 'C:\\xampp\\htdocs...', 57)
#1 C:\xampp\htdocs\kasir\vendor\codeigniter4\framework\system\View\View.php(220): include('C:\\xampp\\htdocs...')
#2 C:\xampp\htdocs\kasir\vendor\codeigniter4\framework\system\View\View.php(222): CodeIgniter\View\View->CodeIgniter\View\{closure}()
#3 C:\xampp\htdocs\kasir\vendor\codeigniter4\framework\system\Common.php(1217): CodeIgniter\View\View->render('admin/barang/ka...', Array, true)
#4 C:\xampp\htdocs\kasir\app\Controllers\Admin.php(105): view('admin/barang/ka...', Array)
#5 C:\xampp\htdocs\kasir\vendor\codeigniter4\framework\system\CodeIgniter.php(936): App\Controllers\Admin->kategori()
#6 C:\xampp\htdocs\kasir\vendor\codeigniter4\framework\system\CodeIgniter.php(432): CodeIgniter\CodeIgniter->runController(Object(App\Controllers\Admin))
#7 C:\xampp\htdocs\kasir\vendor\codeigniter4\framework\system\CodeIgniter.php(333): CodeIgniter\CodeIgniter->handleRequest(NULL, Object(Config\Cache), false)
#8 C:\xampp\htdocs\kasir\index.php(44): CodeIgniter\CodeIgniter->run()
#9 {main}
CRITICAL - 2021-04-17 09:37:17 --> Trying to access array offset on value of type null
#0 C:\xampp\htdocs\kasir\app\Views\admin\barang\kategori\kategori.php(57): CodeIgniter\Debug\Exceptions->errorHandler(2, 'Trying to acces...', 'C:\\xampp\\htdocs...', 57)
#1 C:\xampp\htdocs\kasir\vendor\codeigniter4\framework\system\View\View.php(220): include('C:\\xampp\\htdocs...')
#2 C:\xampp\htdocs\kasir\vendor\codeigniter4\framework\system\View\View.php(222): CodeIgniter\View\View->CodeIgniter\View\{closure}()
#3 C:\xampp\htdocs\kasir\vendor\codeigniter4\framework\system\Common.php(1217): CodeIgniter\View\View->render('admin/barang/ka...', Array, true)
#4 C:\xampp\htdocs\kasir\app\Controllers\Admin.php(105): view('admin/barang/ka...', Array)
#5 C:\xampp\htdocs\kasir\vendor\codeigniter4\framework\system\CodeIgniter.php(936): App\Controllers\Admin->kategori()
#6 C:\xampp\htdocs\kasir\vendor\codeigniter4\framework\system\CodeIgniter.php(432): CodeIgniter\CodeIgniter->runController(Object(App\Controllers\Admin))
#7 C:\xampp\htdocs\kasir\vendor\codeigniter4\framework\system\CodeIgniter.php(333): CodeIgniter\CodeIgniter->handleRequest(NULL, Object(Config\Cache), false)
#8 C:\xampp\htdocs\kasir\index.php(44): CodeIgniter\CodeIgniter->run()
#9 {main}
CRITICAL - 2021-04-17 09:38:37 --> Object of class App\Models\KategoriModel could not be converted to string
#0 C:\xampp\htdocs\kasir\vendor\codeigniter4\framework\system\View\View.php(220): include()
#1 C:\xampp\htdocs\kasir\vendor\codeigniter4\framework\system\View\View.php(222): CodeIgniter\View\View->CodeIgniter\View\{closure}()
#2 C:\xampp\htdocs\kasir\vendor\codeigniter4\framework\system\Common.php(1217): CodeIgniter\View\View->render('admin/barang/ka...', Array, true)
#3 C:\xampp\htdocs\kasir\app\Controllers\Admin.php(105): view('admin/barang/ka...', Array)
#4 C:\xampp\htdocs\kasir\vendor\codeigniter4\framework\system\CodeIgniter.php(936): App\Controllers\Admin->kategori()
#5 C:\xampp\htdocs\kasir\vendor\codeigniter4\framework\system\CodeIgniter.php(432): CodeIgniter\CodeIgniter->runController(Object(App\Controllers\Admin))
#6 C:\xampp\htdocs\kasir\vendor\codeigniter4\framework\system\CodeIgniter.php(333): CodeIgniter\CodeIgniter->handleRequest(NULL, Object(Config\Cache), false)
#7 C:\xampp\htdocs\kasir\index.php(44): CodeIgniter\CodeIgniter->run()
#8 {main}
CRITICAL - 2021-04-17 09:39:05 --> Cannot use object of type App\Models\KategoriModel as array
#0 C:\xampp\htdocs\kasir\vendor\codeigniter4\framework\system\View\View.php(220): include()
#1 C:\xampp\htdocs\kasir\vendor\codeigniter4\framework\system\View\View.php(222): CodeIgniter\View\View->CodeIgniter\View\{closure}()
#2 C:\xampp\htdocs\kasir\vendor\codeigniter4\framework\system\Common.php(1217): CodeIgniter\View\View->render('admin/barang/ka...', Array, true)
#3 C:\xampp\htdocs\kasir\app\Controllers\Admin.php(105): view('admin/barang/ka...', Array)
#4 C:\xampp\htdocs\kasir\vendor\codeigniter4\framework\system\CodeIgniter.php(936): App\Controllers\Admin->kategori()
#5 C:\xampp\htdocs\kasir\vendor\codeigniter4\framework\system\CodeIgniter.php(432): CodeIgniter\CodeIgniter->runController(Object(App\Controllers\Admin))
#6 C:\xampp\htdocs\kasir\vendor\codeigniter4\framework\system\CodeIgniter.php(333): CodeIgniter\CodeIgniter->handleRequest(NULL, Object(Config\Cache), false)
#7 C:\xampp\htdocs\kasir\index.php(44): CodeIgniter\CodeIgniter->run()
#8 {main}
CRITICAL - 2021-04-17 09:39:37 --> Cannot use object of type App\Models\KategoriModel as array
#0 C:\xampp\htdocs\kasir\vendor\codeigniter4\framework\system\View\View.php(220): include()
#1 C:\xampp\htdocs\kasir\vendor\codeigniter4\framework\system\View\View.php(222): CodeIgniter\View\View->CodeIgniter\View\{closure}()
#2 C:\xampp\htdocs\kasir\vendor\codeigniter4\framework\system\Common.php(1217): CodeIgniter\View\View->render('admin/barang/ka...', Array, true)
#3 C:\xampp\htdocs\kasir\app\Controllers\Admin.php(105): view('admin/barang/ka...', Array)
#4 C:\xampp\htdocs\kasir\vendor\codeigniter4\framework\system\CodeIgniter.php(936): App\Controllers\Admin->kategori()
#5 C:\xampp\htdocs\kasir\vendor\codeigniter4\framework\system\CodeIgniter.php(432): CodeIgniter\CodeIgniter->runController(Object(App\Controllers\Admin))
#6 C:\xampp\htdocs\kasir\vendor\codeigniter4\framework\system\CodeIgniter.php(333): CodeIgniter\CodeIgniter->handleRequest(NULL, Object(Config\Cache), false)
#7 C:\xampp\htdocs\kasir\index.php(44): CodeIgniter\CodeIgniter->run()
#8 {main}
CRITICAL - 2021-04-17 09:41:15 --> Trying to access array offset on value of type null
#0 C:\xampp\htdocs\kasir\app\Views\admin\barang\kategori\kategori.php(56): CodeIgniter\Debug\Exceptions->errorHandler(2, 'Trying to acces...', 'C:\\xampp\\htdocs...', 56)
#1 C:\xampp\htdocs\kasir\vendor\codeigniter4\framework\system\View\View.php(220): include('C:\\xampp\\htdocs...')
#2 C:\xampp\htdocs\kasir\vendor\codeigniter4\framework\system\View\View.php(222): CodeIgniter\View\View->CodeIgniter\View\{closure}()
#3 C:\xampp\htdocs\kasir\vendor\codeigniter4\framework\system\Common.php(1217): CodeIgniter\View\View->render('admin/barang/ka...', Array, true)
#4 C:\xampp\htdocs\kasir\app\Controllers\Admin.php(105): view('admin/barang/ka...', Array)
#5 C:\xampp\htdocs\kasir\vendor\codeigniter4\framework\system\CodeIgniter.php(936): App\Controllers\Admin->kategori()
#6 C:\xampp\htdocs\kasir\vendor\codeigniter4\framework\system\CodeIgniter.php(432): CodeIgniter\CodeIgniter->runController(Object(App\Controllers\Admin))
#7 C:\xampp\htdocs\kasir\vendor\codeigniter4\framework\system\CodeIgniter.php(333): CodeIgniter\CodeIgniter->handleRequest(NULL, Object(Config\Cache), false)
#8 C:\xampp\htdocs\kasir\index.php(44): CodeIgniter\CodeIgniter->run()
#9 {main}
CRITICAL - 2021-04-17 09:53:01 --> Undefined variable $kategori
#0 C:\xampp\htdocs\kasir\app\Controllers\Admin.php(109): CodeIgniter\Debug\Exceptions->errorHandler(2, 'Undefined varia...', 'C:\\xampp\\htdocs...', 109)
#1 C:\xampp\htdocs\kasir\vendor\codeigniter4\framework\system\CodeIgniter.php(936): App\Controllers\Admin->kategori()
#2 C:\xampp\htdocs\kasir\vendor\codeigniter4\framework\system\CodeIgniter.php(432): CodeIgniter\CodeIgniter->runController(Object(App\Controllers\Admin))
#3 C:\xampp\htdocs\kasir\vendor\codeigniter4\framework\system\CodeIgniter.php(333): CodeIgniter\CodeIgniter->handleRequest(NULL, Object(Config\Cache), false)
#4 C:\xampp\htdocs\kasir\index.php(44): CodeIgniter\CodeIgniter->run()
#5 {main}
CRITICAL - 2021-04-17 09:53:51 --> Call to undefined method App\Models\KategoriModel::getAll
#0 C:\xampp\htdocs\kasir\app\Controllers\Admin.php(103): CodeIgniter\Model->__call('getAll', Array)
#1 C:\xampp\htdocs\kasir\vendor\codeigniter4\framework\system\CodeIgniter.php(936): App\Controllers\Admin->kategori()
#2 C:\xampp\htdocs\kasir\vendor\codeigniter4\framework\system\CodeIgniter.php(432): CodeIgniter\CodeIgniter->runController(Object(App\Controllers\Admin))
#3 C:\xampp\htdocs\kasir\vendor\codeigniter4\framework\system\CodeIgniter.php(333): CodeIgniter\CodeIgniter->handleRequest(NULL, Object(Config\Cache), false)
#4 C:\xampp\htdocs\kasir\index.php(44): CodeIgniter\CodeIgniter->run()
#5 {main}
CRITICAL - 2021-04-17 09:53:55 --> Call to undefined method App\Models\KategoriModel::getAll
#0 C:\xampp\htdocs\kasir\app\Controllers\Admin.php(103): CodeIgniter\Model->__call('getAll', Array)
#1 C:\xampp\htdocs\kasir\vendor\codeigniter4\framework\system\CodeIgniter.php(936): App\Controllers\Admin->kategori()
#2 C:\xampp\htdocs\kasir\vendor\codeigniter4\framework\system\CodeIgniter.php(432): CodeIgniter\CodeIgniter->runController(Object(App\Controllers\Admin))
#3 C:\xampp\htdocs\kasir\vendor\codeigniter4\framework\system\CodeIgniter.php(333): CodeIgniter\CodeIgniter->handleRequest(NULL, Object(Config\Cache), false)
#4 C:\xampp\htdocs\kasir\index.php(44): CodeIgniter\CodeIgniter->run()
#5 {main}
CRITICAL - 2021-04-17 09:54:05 --> Call to undefined method App\Models\KategoriModel::getAll
#0 C:\xampp\htdocs\kasir\app\Controllers\Admin.php(103): CodeIgniter\Model->__call('getAll', Array)
#1 C:\xampp\htdocs\kasir\vendor\codeigniter4\framework\system\CodeIgniter.php(936): App\Controllers\Admin->kategori()
#2 C:\xampp\htdocs\kasir\vendor\codeigniter4\framework\system\CodeIgniter.php(432): CodeIgniter\CodeIgniter->runController(Object(App\Controllers\Admin))
#3 C:\xampp\htdocs\kasir\vendor\codeigniter4\framework\system\CodeIgniter.php(333): CodeIgniter\CodeIgniter->handleRequest(NULL, Object(Config\Cache), false)
#4 C:\xampp\htdocs\kasir\index.php(44): CodeIgniter\CodeIgniter->run()
#5 {main}
CRITICAL - 2021-04-17 09:59:23 --> Undefined variable $kategori
#0 C:\xampp\htdocs\kasir\app\Views\admin\barang\kategori\kategori.php(53): CodeIgniter\Debug\Exceptions->errorHandler(2, 'Undefined varia...', 'C:\\xampp\\htdocs...', 53)
#1 C:\xampp\htdocs\kasir\vendor\codeigniter4\framework\system\View\View.php(220): include('C:\\xampp\\htdocs...')
#2 C:\xampp\htdocs\kasir\vendor\codeigniter4\framework\system\View\View.php(222): CodeIgniter\View\View->CodeIgniter\View\{closure}()
#3 C:\xampp\htdocs\kasir\vendor\codeigniter4\framework\system\Common.php(1217): CodeIgniter\View\View->render('admin/barang/ka...', Array, true)
#4 C:\xampp\htdocs\kasir\app\Controllers\Admin.php(111): view('admin/barang/ka...', Array)
#5 C:\xampp\htdocs\kasir\vendor\codeigniter4\framework\system\CodeIgniter.php(936): App\Controllers\Admin->kategori()
#6 C:\xampp\htdocs\kasir\vendor\codeigniter4\framework\system\CodeIgniter.php(432): CodeIgniter\CodeIgniter->runController(Object(App\Controllers\Admin))
#7 C:\xampp\htdocs\kasir\vendor\codeigniter4\framework\system\CodeIgniter.php(333): CodeIgniter\CodeIgniter->handleRequest(NULL, Object(Config\Cache), false)
#8 C:\xampp\htdocs\kasir\index.php(44): CodeIgniter\CodeIgniter->run()
#9 {main}
CRITICAL - 2021-04-17 10:00:14 --> syntax error, unexpected token "}"
#0 C:\xampp\htdocs\kasir\vendor\codeigniter4\framework\system\Router\Router.php(170): CodeIgniter\Router\Router->autoRoute('admin/kategori')
#1 C:\xampp\htdocs\kasir\vendor\codeigniter4\framework\system\CodeIgniter.php(816): CodeIgniter\Router\Router->handle('admin/kategori')
#2 C:\xampp\htdocs\kasir\vendor\codeigniter4\framework\system\CodeIgniter.php(385): CodeIgniter\CodeIgniter->tryToRouteIt(Object(CodeIgniter\Router\RouteCollection))
#3 C:\xampp\htdocs\kasir\vendor\codeigniter4\framework\system\CodeIgniter.php(333): CodeIgniter\CodeIgniter->handleRequest(NULL, Object(Config\Cache), false)
#4 C:\xampp\htdocs\kasir\index.php(44): CodeIgniter\CodeIgniter->run()
#5 {main}
CRITICAL - 2021-04-17 10:00:21 --> Undefined variable $kategori
#0 C:\xampp\htdocs\kasir\app\Views\admin\barang\kategori\kategori.php(53): CodeIgniter\Debug\Exceptions->errorHandler(2, 'Undefined varia...', 'C:\\xampp\\htdocs...', 53)
#1 C:\xampp\htdocs\kasir\vendor\codeigniter4\framework\system\View\View.php(220): include('C:\\xampp\\htdocs...')
#2 C:\xampp\htdocs\kasir\vendor\codeigniter4\framework\system\View\View.php(222): CodeIgniter\View\View->CodeIgniter\View\{closure}()
#3 C:\xampp\htdocs\kasir\vendor\codeigniter4\framework\system\Common.php(1217): CodeIgniter\View\View->render('admin/barang/ka...', Array, true)
#4 C:\xampp\htdocs\kasir\app\Controllers\Admin.php(108): view('admin/barang/ka...', Array)
#5 C:\xampp\htdocs\kasir\vendor\codeigniter4\framework\system\CodeIgniter.php(936): App\Controllers\Admin->kategori()
#6 C:\xampp\htdocs\kasir\vendor\codeigniter4\framework\system\CodeIgniter.php(432): CodeIgniter\CodeIgniter->runController(Object(App\Controllers\Admin))
#7 C:\xampp\htdocs\kasir\vendor\codeigniter4\framework\system\CodeIgniter.php(333): CodeIgniter\CodeIgniter->handleRequest(NULL, Object(Config\Cache), false)
#8 C:\xampp\htdocs\kasir\index.php(44): CodeIgniter\CodeIgniter->run()
#9 {main}
CRITICAL - 2021-04-17 10:00:39 --> syntax error, unexpected token "=>"
#0 C:\xampp\htdocs\kasir\vendor\codeigniter4\framework\system\Router\Router.php(170): CodeIgniter\Router\Router->autoRoute('admin/kategori')
#1 C:\xampp\htdocs\kasir\vendor\codeigniter4\framework\system\CodeIgniter.php(816): CodeIgniter\Router\Router->handle('admin/kategori')
#2 C:\xampp\htdocs\kasir\vendor\codeigniter4\framework\system\CodeIgniter.php(385): CodeIgniter\CodeIgniter->tryToRouteIt(Object(CodeIgniter\Router\RouteCollection))
#3 C:\xampp\htdocs\kasir\vendor\codeigniter4\framework\system\CodeIgniter.php(333): CodeIgniter\CodeIgniter->handleRequest(NULL, Object(Config\Cache), false)
#4 C:\xampp\htdocs\kasir\index.php(44): CodeIgniter\CodeIgniter->run()
#5 {main}
CRITICAL - 2021-04-17 10:09:18 --> Call to undefined method App\Models\KategoriModel::getSatuan
#0 C:\xampp\htdocs\kasir\app\Controllers\Admin.php(96): CodeIgniter\Model->__call('getSatuan', Array)
#1 C:\xampp\htdocs\kasir\vendor\codeigniter4\framework\system\CodeIgniter.php(936): App\Controllers\Admin->kategori()
#2 C:\xampp\htdocs\kasir\vendor\codeigniter4\framework\system\CodeIgniter.php(432): CodeIgniter\CodeIgniter->runController(Object(App\Controllers\Admin))
#3 C:\xampp\htdocs\kasir\vendor\codeigniter4\framework\system\CodeIgniter.php(333): CodeIgniter\CodeIgniter->handleRequest(NULL, Object(Config\Cache), false)
#4 C:\xampp\htdocs\kasir\index.php(44): CodeIgniter\CodeIgniter->run()
#5 {main}
CRITICAL - 2021-04-17 10:10:53 --> Trying to access array offset on value of type null
#0 C:\xampp\htdocs\kasir\app\Views\admin\barang\kategori\kategori.php(56): CodeIgniter\Debug\Exceptions->errorHandler(2, 'Trying to acces...', 'C:\\xampp\\htdocs...', 56)
#1 C:\xampp\htdocs\kasir\vendor\codeigniter4\framework\system\View\View.php(220): include('C:\\xampp\\htdocs...')
#2 C:\xampp\htdocs\kasir\vendor\codeigniter4\framework\system\View\View.php(222): CodeIgniter\View\View->CodeIgniter\View\{closure}()
#3 C:\xampp\htdocs\kasir\vendor\codeigniter4\framework\system\Common.php(1217): CodeIgniter\View\View->render('admin/barang/ka...', Array, true)
#4 C:\xampp\htdocs\kasir\app\Controllers\Admin.php(102): view('admin/barang/ka...', Array)
#5 C:\xampp\htdocs\kasir\vendor\codeigniter4\framework\system\CodeIgniter.php(936): App\Controllers\Admin->kategori()
#6 C:\xampp\htdocs\kasir\vendor\codeigniter4\framework\system\CodeIgniter.php(432): CodeIgniter\CodeIgniter->runController(Object(App\Controllers\Admin))
#7 C:\xampp\htdocs\kasir\vendor\codeigniter4\framework\system\CodeIgniter.php(333): CodeIgniter\CodeIgniter->handleRequest(NULL, Object(Config\Cache), false)
#8 C:\xampp\htdocs\kasir\index.php(44): CodeIgniter\CodeIgniter->run()
#9 {main}
CRITICAL - 2021-04-17 10:28:39 --> Call to undefined method App\Models\SatuanModel::or_like
#0 C:\xampp\htdocs\kasir\app\Controllers\Admin.php(218): CodeIgniter\Model->__call('or_like', Array)
#1 C:\xampp\htdocs\kasir\vendor\codeigniter4\framework\system\CodeIgniter.php(936): App\Controllers\Admin->satuan()
#2 C:\xampp\htdocs\kasir\vendor\codeigniter4\framework\system\CodeIgniter.php(432): CodeIgniter\CodeIgniter->runController(Object(App\Controllers\Admin))
#3 C:\xampp\htdocs\kasir\vendor\codeigniter4\framework\system\CodeIgniter.php(333): CodeIgniter\CodeIgniter->handleRequest(NULL, Object(Config\Cache), false)
#4 C:\xampp\htdocs\kasir\index.php(44): CodeIgniter\CodeIgniter->run()
#5 {main}
CRITICAL - 2021-04-17 10:28:52 --> Call to undefined method App\Models\SatuanModel::or_like
#0 C:\xampp\htdocs\kasir\app\Controllers\Admin.php(218): CodeIgniter\Model->__call('or_like', Array)
#1 C:\xampp\htdocs\kasir\vendor\codeigniter4\framework\system\CodeIgniter.php(936): App\Controllers\Admin->satuan()
#2 C:\xampp\htdocs\kasir\vendor\codeigniter4\framework\system\CodeIgniter.php(432): CodeIgniter\CodeIgniter->runController(Object(App\Controllers\Admin))
#3 C:\xampp\htdocs\kasir\vendor\codeigniter4\framework\system\CodeIgniter.php(333): CodeIgniter\CodeIgniter->handleRequest(NULL, Object(Config\Cache), false)
#4 C:\xampp\htdocs\kasir\index.php(44): CodeIgniter\CodeIgniter->run()
#5 {main}
CRITICAL - 2021-04-17 10:41:44 --> Undefined variable $table
#0 C:\xampp\htdocs\kasir\app\Models\SatuanModel.php(35): CodeIgniter\Debug\Exceptions->errorHandler(2, 'Undefined varia...', 'C:\\xampp\\htdocs...', 35)
#1 C:\xampp\htdocs\kasir\app\Controllers\Admin.php(214): App\Models\SatuanModel->search('1')
#2 C:\xampp\htdocs\kasir\vendor\codeigniter4\framework\system\CodeIgniter.php(936): App\Controllers\Admin->satuan()
#3 C:\xampp\htdocs\kasir\vendor\codeigniter4\framework\system\CodeIgniter.php(432): CodeIgniter\CodeIgniter->runController(Object(App\Controllers\Admin))
#4 C:\xampp\htdocs\kasir\vendor\codeigniter4\framework\system\CodeIgniter.php(333): CodeIgniter\CodeIgniter->handleRequest(NULL, Object(Config\Cache), false)
#5 C:\xampp\htdocs\kasir\index.php(44): CodeIgniter\CodeIgniter->run()
#6 {main}
CRITICAL - 2021-04-17 10:42:10 --> Trying to access array offset on value of type null
#0 C:\xampp\htdocs\kasir\app\Views\admin\barang\satuan\satuan.php(56): CodeIgniter\Debug\Exceptions->errorHandler(2, 'Trying to acces...', 'C:\\xampp\\htdocs...', 56)
#1 C:\xampp\htdocs\kasir\vendor\codeigniter4\framework\system\View\View.php(220): include('C:\\xampp\\htdocs...')
#2 C:\xampp\htdocs\kasir\vendor\codeigniter4\framework\system\View\View.php(222): CodeIgniter\View\View->CodeIgniter\View\{closure}()
#3 C:\xampp\htdocs\kasir\vendor\codeigniter4\framework\system\Common.php(1217): CodeIgniter\View\View->render('admin/barang/sa...', Array, true)
#4 C:\xampp\htdocs\kasir\app\Controllers\Admin.php(225): view('admin/barang/sa...', Array)
#5 C:\xampp\htdocs\kasir\vendor\codeigniter4\framework\system\CodeIgniter.php(936): App\Controllers\Admin->satuan()
#6 C:\xampp\htdocs\kasir\vendor\codeigniter4\framework\system\CodeIgniter.php(432): CodeIgniter\CodeIgniter->runController(Object(App\Controllers\Admin))
#7 C:\xampp\htdocs\kasir\vendor\codeigniter4\framework\system\CodeIgniter.php(333): CodeIgniter\CodeIgniter->handleRequest(NULL, Object(Config\Cache), false)
#8 C:\xampp\htdocs\kasir\index.php(44): CodeIgniter\CodeIgniter->run()
#9 {main}
