CRITICAL - 2021-05-25 04:32:11 --> Undefined variable $session
#0 C:\xampp\htdocs\kasir\app\Controllers\Pegawai.php(41): CodeIgniter\Debug\Exceptions->errorHandler(2, 'Undefined varia...', 'C:\\xampp\\htdocs...', 41)
#1 C:\xampp\htdocs\kasir\vendor\codeigniter4\framework\system\CodeIgniter.php(936): App\Controllers\Pegawai->Pegawai()
#2 C:\xampp\htdocs\kasir\vendor\codeigniter4\framework\system\CodeIgniter.php(432): CodeIgniter\CodeIgniter->runController(Object(App\Controllers\Pegawai))
#3 C:\xampp\htdocs\kasir\vendor\codeigniter4\framework\system\CodeIgniter.php(333): CodeIgniter\CodeIgniter->handleRequest(NULL, Object(Config\Cache), false)
#4 C:\xampp\htdocs\kasir\public\index.php(44): CodeIgniter\CodeIgniter->run()
#5 C:\xampp\htdocs\kasir\vendor\codeigniter4\framework\system\Commands\Server\rewrite.php(45): require_once('C:\\xampp\\htdocs...')
#6 {main}
CRITICAL - 2021-05-25 04:33:49 --> Undefined variable $session
#0 C:\xampp\htdocs\kasir\app\Controllers\Pegawai.php(41): CodeIgniter\Debug\Exceptions->errorHandler(2, 'Undefined varia...', 'C:\\xampp\\htdocs...', 41)
#1 C:\xampp\htdocs\kasir\vendor\codeigniter4\framework\system\CodeIgniter.php(936): App\Controllers\Pegawai->Pegawai()
#2 C:\xampp\htdocs\kasir\vendor\codeigniter4\framework\system\CodeIgniter.php(432): CodeIgniter\CodeIgniter->runController(Object(App\Controllers\Pegawai))
#3 C:\xampp\htdocs\kasir\vendor\codeigniter4\framework\system\CodeIgniter.php(333): CodeIgniter\CodeIgniter->handleRequest(NULL, Object(Config\Cache), false)
#4 C:\xampp\htdocs\kasir\public\index.php(44): CodeIgniter\CodeIgniter->run()
#5 C:\xampp\htdocs\kasir\vendor\codeigniter4\framework\system\Commands\Server\rewrite.php(45): require_once('C:\\xampp\\htdocs...')
#6 {main}
CRITICAL - 2021-05-25 04:35:19 --> Call to undefined function App\Controllers\checkAkses()
#0 C:\xampp\htdocs\kasir\vendor\codeigniter4\framework\system\CodeIgniter.php(936): App\Controllers\Pegawai->Pegawai()
#1 C:\xampp\htdocs\kasir\vendor\codeigniter4\framework\system\CodeIgniter.php(432): CodeIgniter\CodeIgniter->runController(Object(App\Controllers\Pegawai))
#2 C:\xampp\htdocs\kasir\vendor\codeigniter4\framework\system\CodeIgniter.php(333): CodeIgniter\CodeIgniter->handleRequest(NULL, Object(Config\Cache), false)
#3 C:\xampp\htdocs\kasir\public\index.php(44): CodeIgniter\CodeIgniter->run()
#4 C:\xampp\htdocs\kasir\vendor\codeigniter4\framework\system\Commands\Server\rewrite.php(45): require_once('C:\\xampp\\htdocs...')
#5 {main}
CRITICAL - 2021-05-25 04:35:46 --> Call to undefined function App\Controllers\checkAkses()
#0 C:\xampp\htdocs\kasir\vendor\codeigniter4\framework\system\CodeIgniter.php(936): App\Controllers\Pegawai->Pegawai()
#1 C:\xampp\htdocs\kasir\vendor\codeigniter4\framework\system\CodeIgniter.php(432): CodeIgniter\CodeIgniter->runController(Object(App\Controllers\Pegawai))
#2 C:\xampp\htdocs\kasir\vendor\codeigniter4\framework\system\CodeIgniter.php(333): CodeIgniter\CodeIgniter->handleRequest(NULL, Object(Config\Cache), false)
#3 C:\xampp\htdocs\kasir\public\index.php(44): CodeIgniter\CodeIgniter->run()
#4 C:\xampp\htdocs\kasir\vendor\codeigniter4\framework\system\Commands\Server\rewrite.php(45): require_once('C:\\xampp\\htdocs...')
#5 {main}
CRITICAL - 2021-05-25 04:35:47 --> Call to undefined function App\Controllers\checkAkses()
#0 C:\xampp\htdocs\kasir\vendor\codeigniter4\framework\system\CodeIgniter.php(936): App\Controllers\Pegawai->Pegawai()
#1 C:\xampp\htdocs\kasir\vendor\codeigniter4\framework\system\CodeIgniter.php(432): CodeIgniter\CodeIgniter->runController(Object(App\Controllers\Pegawai))
#2 C:\xampp\htdocs\kasir\vendor\codeigniter4\framework\system\CodeIgniter.php(333): CodeIgniter\CodeIgniter->handleRequest(NULL, Object(Config\Cache), false)
#3 C:\xampp\htdocs\kasir\public\index.php(44): CodeIgniter\CodeIgniter->run()
#4 C:\xampp\htdocs\kasir\vendor\codeigniter4\framework\system\Commands\Server\rewrite.php(45): require_once('C:\\xampp\\htdocs...')
#5 {main}
CRITICAL - 2021-05-25 04:35:48 --> Call to undefined function App\Controllers\checkAkses()
#0 C:\xampp\htdocs\kasir\vendor\codeigniter4\framework\system\CodeIgniter.php(936): App\Controllers\Pegawai->Pegawai()
#1 C:\xampp\htdocs\kasir\vendor\codeigniter4\framework\system\CodeIgniter.php(432): CodeIgniter\CodeIgniter->runController(Object(App\Controllers\Pegawai))
#2 C:\xampp\htdocs\kasir\vendor\codeigniter4\framework\system\CodeIgniter.php(333): CodeIgniter\CodeIgniter->handleRequest(NULL, Object(Config\Cache), false)
#3 C:\xampp\htdocs\kasir\public\index.php(44): CodeIgniter\CodeIgniter->run()
#4 C:\xampp\htdocs\kasir\vendor\codeigniter4\framework\system\Commands\Server\rewrite.php(45): require_once('C:\\xampp\\htdocs...')
#5 {main}
CRITICAL - 2021-05-25 04:43:46 --> Undefined variable $check
#0 C:\xampp\htdocs\kasir\app\Controllers\Pegawai.php(40): CodeIgniter\Debug\Exceptions->errorHandler(2, 'Undefined varia...', 'C:\\xampp\\htdocs...', 40)
#1 C:\xampp\htdocs\kasir\vendor\codeigniter4\framework\system\CodeIgniter.php(936): App\Controllers\Pegawai->Pegawai()
#2 C:\xampp\htdocs\kasir\vendor\codeigniter4\framework\system\CodeIgniter.php(432): CodeIgniter\CodeIgniter->runController(Object(App\Controllers\Pegawai))
#3 C:\xampp\htdocs\kasir\vendor\codeigniter4\framework\system\CodeIgniter.php(333): CodeIgniter\CodeIgniter->handleRequest(NULL, Object(Config\Cache), false)
#4 C:\xampp\htdocs\kasir\public\index.php(44): CodeIgniter\CodeIgniter->run()
#5 C:\xampp\htdocs\kasir\vendor\codeigniter4\framework\system\Commands\Server\rewrite.php(45): require_once('C:\\xampp\\htdocs...')
#6 {main}
CRITICAL - 2021-05-25 04:45:07 --> Undefined variable $check
#0 C:\xampp\htdocs\kasir\app\Controllers\Pegawai.php(33): CodeIgniter\Debug\Exceptions->errorHandler(2, 'Undefined varia...', 'C:\\xampp\\htdocs...', 33)
#1 C:\xampp\htdocs\kasir\vendor\codeigniter4\framework\system\CodeIgniter.php(936): App\Controllers\Pegawai->Pegawai()
#2 C:\xampp\htdocs\kasir\vendor\codeigniter4\framework\system\CodeIgniter.php(432): CodeIgniter\CodeIgniter->runController(Object(App\Controllers\Pegawai))
#3 C:\xampp\htdocs\kasir\vendor\codeigniter4\framework\system\CodeIgniter.php(333): CodeIgniter\CodeIgniter->handleRequest(NULL, Object(Config\Cache), false)
#4 C:\xampp\htdocs\kasir\public\index.php(44): CodeIgniter\CodeIgniter->run()
#5 C:\xampp\htdocs\kasir\vendor\codeigniter4\framework\system\Commands\Server\rewrite.php(45): require_once('C:\\xampp\\htdocs...')
#6 {main}
CRITICAL - 2021-05-25 04:45:38 --> syntax error, unexpected token "public"
#0 C:\xampp\htdocs\kasir\vendor\codeigniter4\framework\system\Autoloader\Autoloader.php(265): CodeIgniter\Autoloader\Autoloader->includeFile('C:\\xampp\\htdocs...')
#1 C:\xampp\htdocs\kasir\vendor\codeigniter4\framework\system\Autoloader\Autoloader.php(228): CodeIgniter\Autoloader\Autoloader->loadInNamespace('App\\Controllers...')
#2 [internal function]: CodeIgniter\Autoloader\Autoloader->loadClass('App\\Controllers...')
#3 C:\xampp\htdocs\kasir\vendor\codeigniter4\framework\system\CodeIgniter.php(893): class_exists('\\App\\Controller...', true)
#4 C:\xampp\htdocs\kasir\vendor\codeigniter4\framework\system\CodeIgniter.php(417): CodeIgniter\CodeIgniter->startController()
#5 C:\xampp\htdocs\kasir\vendor\codeigniter4\framework\system\CodeIgniter.php(333): CodeIgniter\CodeIgniter->handleRequest(NULL, Object(Config\Cache), false)
#6 C:\xampp\htdocs\kasir\public\index.php(44): CodeIgniter\CodeIgniter->run()
#7 C:\xampp\htdocs\kasir\vendor\codeigniter4\framework\system\Commands\Server\rewrite.php(45): require_once('C:\\xampp\\htdocs...')
#8 {main}
CRITICAL - 2021-05-25 04:45:39 --> syntax error, unexpected token "public"
#0 C:\xampp\htdocs\kasir\vendor\codeigniter4\framework\system\Autoloader\Autoloader.php(265): CodeIgniter\Autoloader\Autoloader->includeFile('C:\\xampp\\htdocs...')
#1 C:\xampp\htdocs\kasir\vendor\codeigniter4\framework\system\Autoloader\Autoloader.php(228): CodeIgniter\Autoloader\Autoloader->loadInNamespace('App\\Controllers...')
#2 [internal function]: CodeIgniter\Autoloader\Autoloader->loadClass('App\\Controllers...')
#3 C:\xampp\htdocs\kasir\vendor\codeigniter4\framework\system\CodeIgniter.php(893): class_exists('\\App\\Controller...', true)
#4 C:\xampp\htdocs\kasir\vendor\codeigniter4\framework\system\CodeIgniter.php(417): CodeIgniter\CodeIgniter->startController()
#5 C:\xampp\htdocs\kasir\vendor\codeigniter4\framework\system\CodeIgniter.php(333): CodeIgniter\CodeIgniter->handleRequest(NULL, Object(Config\Cache), false)
#6 C:\xampp\htdocs\kasir\public\index.php(44): CodeIgniter\CodeIgniter->run()
#7 C:\xampp\htdocs\kasir\vendor\codeigniter4\framework\system\Commands\Server\rewrite.php(45): require_once('C:\\xampp\\htdocs...')
#8 {main}
CRITICAL - 2021-05-25 04:45:40 --> syntax error, unexpected token "public"
#0 C:\xampp\htdocs\kasir\vendor\codeigniter4\framework\system\Autoloader\Autoloader.php(265): CodeIgniter\Autoloader\Autoloader->includeFile('C:\\xampp\\htdocs...')
#1 C:\xampp\htdocs\kasir\vendor\codeigniter4\framework\system\Autoloader\Autoloader.php(228): CodeIgniter\Autoloader\Autoloader->loadInNamespace('App\\Controllers...')
#2 [internal function]: CodeIgniter\Autoloader\Autoloader->loadClass('App\\Controllers...')
#3 C:\xampp\htdocs\kasir\vendor\codeigniter4\framework\system\CodeIgniter.php(893): class_exists('\\App\\Controller...', true)
#4 C:\xampp\htdocs\kasir\vendor\codeigniter4\framework\system\CodeIgniter.php(417): CodeIgniter\CodeIgniter->startController()
#5 C:\xampp\htdocs\kasir\vendor\codeigniter4\framework\system\CodeIgniter.php(333): CodeIgniter\CodeIgniter->handleRequest(NULL, Object(Config\Cache), false)
#6 C:\xampp\htdocs\kasir\public\index.php(44): CodeIgniter\CodeIgniter->run()
#7 C:\xampp\htdocs\kasir\vendor\codeigniter4\framework\system\Commands\Server\rewrite.php(45): require_once('C:\\xampp\\htdocs...')
#8 {main}
CRITICAL - 2021-05-25 04:46:14 --> Undefined variable $session
#0 C:\xampp\htdocs\kasir\app\Controllers\Pegawai.php(41): CodeIgniter\Debug\Exceptions->errorHandler(2, 'Undefined varia...', 'C:\\xampp\\htdocs...', 41)
#1 C:\xampp\htdocs\kasir\vendor\codeigniter4\framework\system\CodeIgniter.php(936): App\Controllers\Pegawai->Pegawai()
#2 C:\xampp\htdocs\kasir\vendor\codeigniter4\framework\system\CodeIgniter.php(432): CodeIgniter\CodeIgniter->runController(Object(App\Controllers\Pegawai))
#3 C:\xampp\htdocs\kasir\vendor\codeigniter4\framework\system\CodeIgniter.php(333): CodeIgniter\CodeIgniter->handleRequest(NULL, Object(Config\Cache), false)
#4 C:\xampp\htdocs\kasir\public\index.php(44): CodeIgniter\CodeIgniter->run()
#5 C:\xampp\htdocs\kasir\vendor\codeigniter4\framework\system\Commands\Server\rewrite.php(45): require_once('C:\\xampp\\htdocs...')
#6 {main}
CRITICAL - 2021-05-25 04:46:21 --> Undefined variable $session
#0 C:\xampp\htdocs\kasir\app\Controllers\Pegawai.php(41): CodeIgniter\Debug\Exceptions->errorHandler(2, 'Undefined varia...', 'C:\\xampp\\htdocs...', 41)
#1 C:\xampp\htdocs\kasir\vendor\codeigniter4\framework\system\CodeIgniter.php(936): App\Controllers\Pegawai->Pegawai()
#2 C:\xampp\htdocs\kasir\vendor\codeigniter4\framework\system\CodeIgniter.php(432): CodeIgniter\CodeIgniter->runController(Object(App\Controllers\Pegawai))
#3 C:\xampp\htdocs\kasir\vendor\codeigniter4\framework\system\CodeIgniter.php(333): CodeIgniter\CodeIgniter->handleRequest(NULL, Object(Config\Cache), false)
#4 C:\xampp\htdocs\kasir\public\index.php(44): CodeIgniter\CodeIgniter->run()
#5 C:\xampp\htdocs\kasir\vendor\codeigniter4\framework\system\Commands\Server\rewrite.php(45): require_once('C:\\xampp\\htdocs...')
#6 {main}
CRITICAL - 2021-05-25 04:48:55 --> syntax error, unexpected token ";"
#0 C:\xampp\htdocs\kasir\vendor\codeigniter4\framework\system\Autoloader\Autoloader.php(265): CodeIgniter\Autoloader\Autoloader->includeFile('C:\\xampp\\htdocs...')
#1 C:\xampp\htdocs\kasir\vendor\codeigniter4\framework\system\Autoloader\Autoloader.php(228): CodeIgniter\Autoloader\Autoloader->loadInNamespace('App\\Controllers...')
#2 [internal function]: CodeIgniter\Autoloader\Autoloader->loadClass('App\\Controllers...')
#3 C:\xampp\htdocs\kasir\vendor\codeigniter4\framework\system\CodeIgniter.php(893): class_exists('\\App\\Controller...', true)
#4 C:\xampp\htdocs\kasir\vendor\codeigniter4\framework\system\CodeIgniter.php(417): CodeIgniter\CodeIgniter->startController()
#5 C:\xampp\htdocs\kasir\vendor\codeigniter4\framework\system\CodeIgniter.php(333): CodeIgniter\CodeIgniter->handleRequest(NULL, Object(Config\Cache), false)
#6 C:\xampp\htdocs\kasir\public\index.php(44): CodeIgniter\CodeIgniter->run()
#7 C:\xampp\htdocs\kasir\vendor\codeigniter4\framework\system\Commands\Server\rewrite.php(45): require_once('C:\\xampp\\htdocs...')
#8 {main}
CRITICAL - 2021-05-25 04:56:12 --> Undefined variable $akses
#0 C:\xampp\htdocs\kasir\app\Controllers\Pegawai.php(33): CodeIgniter\Debug\Exceptions->errorHandler(2, 'Undefined varia...', 'C:\\xampp\\htdocs...', 33)
#1 C:\xampp\htdocs\kasir\vendor\codeigniter4\framework\system\CodeIgniter.php(936): App\Controllers\Pegawai->Pegawai()
#2 C:\xampp\htdocs\kasir\vendor\codeigniter4\framework\system\CodeIgniter.php(432): CodeIgniter\CodeIgniter->runController(Object(App\Controllers\Pegawai))
#3 C:\xampp\htdocs\kasir\vendor\codeigniter4\framework\system\CodeIgniter.php(333): CodeIgniter\CodeIgniter->handleRequest(NULL, Object(Config\Cache), false)
#4 C:\xampp\htdocs\kasir\public\index.php(44): CodeIgniter\CodeIgniter->run()
#5 C:\xampp\htdocs\kasir\vendor\codeigniter4\framework\system\Commands\Server\rewrite.php(45): require_once('C:\\xampp\\htdocs...')
#6 {main}
CRITICAL - 2021-05-25 04:56:46 --> Undefined variable $akses
#0 C:\xampp\htdocs\kasir\app\Controllers\Pegawai.php(20): CodeIgniter\Debug\Exceptions->errorHandler(2, 'Undefined varia...', 'C:\\xampp\\htdocs...', 20)
#1 C:\xampp\htdocs\kasir\vendor\codeigniter4\framework\system\CodeIgniter.php(908): App\Controllers\Pegawai->__construct()
#2 C:\xampp\htdocs\kasir\vendor\codeigniter4\framework\system\CodeIgniter.php(422): CodeIgniter\CodeIgniter->createController()
#3 C:\xampp\htdocs\kasir\vendor\codeigniter4\framework\system\CodeIgniter.php(333): CodeIgniter\CodeIgniter->handleRequest(NULL, Object(Config\Cache), false)
#4 C:\xampp\htdocs\kasir\public\index.php(44): CodeIgniter\CodeIgniter->run()
#5 C:\xampp\htdocs\kasir\vendor\codeigniter4\framework\system\Commands\Server\rewrite.php(45): require_once('C:\\xampp\\htdocs...')
#6 {main}
CRITICAL - 2021-05-25 04:56:47 --> Undefined variable $akses
#0 C:\xampp\htdocs\kasir\app\Controllers\Pegawai.php(20): CodeIgniter\Debug\Exceptions->errorHandler(2, 'Undefined varia...', 'C:\\xampp\\htdocs...', 20)
#1 C:\xampp\htdocs\kasir\vendor\codeigniter4\framework\system\CodeIgniter.php(908): App\Controllers\Pegawai->__construct()
#2 C:\xampp\htdocs\kasir\vendor\codeigniter4\framework\system\CodeIgniter.php(422): CodeIgniter\CodeIgniter->createController()
#3 C:\xampp\htdocs\kasir\vendor\codeigniter4\framework\system\CodeIgniter.php(333): CodeIgniter\CodeIgniter->handleRequest(NULL, Object(Config\Cache), false)
#4 C:\xampp\htdocs\kasir\public\index.php(44): CodeIgniter\CodeIgniter->run()
#5 C:\xampp\htdocs\kasir\vendor\codeigniter4\framework\system\Commands\Server\rewrite.php(45): require_once('C:\\xampp\\htdocs...')
#6 {main}
CRITICAL - 2021-05-25 04:59:19 --> Undefined variable $akses
#0 C:\xampp\htdocs\kasir\app\Controllers\Pegawai.php(33): CodeIgniter\Debug\Exceptions->errorHandler(2, 'Undefined varia...', 'C:\\xampp\\htdocs...', 33)
#1 C:\xampp\htdocs\kasir\vendor\codeigniter4\framework\system\CodeIgniter.php(936): App\Controllers\Pegawai->Pegawai()
#2 C:\xampp\htdocs\kasir\vendor\codeigniter4\framework\system\CodeIgniter.php(432): CodeIgniter\CodeIgniter->runController(Object(App\Controllers\Pegawai))
#3 C:\xampp\htdocs\kasir\vendor\codeigniter4\framework\system\CodeIgniter.php(333): CodeIgniter\CodeIgniter->handleRequest(NULL, Object(Config\Cache), false)
#4 C:\xampp\htdocs\kasir\public\index.php(44): CodeIgniter\CodeIgniter->run()
#5 C:\xampp\htdocs\kasir\vendor\codeigniter4\framework\system\Commands\Server\rewrite.php(45): require_once('C:\\xampp\\htdocs...')
#6 {main}
CRITICAL - 2021-05-25 04:59:32 --> Undefined variable $akses
#0 C:\xampp\htdocs\kasir\app\Controllers\Pegawai.php(32): CodeIgniter\Debug\Exceptions->errorHandler(2, 'Undefined varia...', 'C:\\xampp\\htdocs...', 32)
#1 C:\xampp\htdocs\kasir\vendor\codeigniter4\framework\system\CodeIgniter.php(936): App\Controllers\Pegawai->Pegawai()
#2 C:\xampp\htdocs\kasir\vendor\codeigniter4\framework\system\CodeIgniter.php(432): CodeIgniter\CodeIgniter->runController(Object(App\Controllers\Pegawai))
#3 C:\xampp\htdocs\kasir\vendor\codeigniter4\framework\system\CodeIgniter.php(333): CodeIgniter\CodeIgniter->handleRequest(NULL, Object(Config\Cache), false)
#4 C:\xampp\htdocs\kasir\public\index.php(44): CodeIgniter\CodeIgniter->run()
#5 C:\xampp\htdocs\kasir\vendor\codeigniter4\framework\system\Commands\Server\rewrite.php(45): require_once('C:\\xampp\\htdocs...')
#6 {main}
CRITICAL - 2021-05-25 04:59:34 --> Undefined variable $akses
#0 C:\xampp\htdocs\kasir\app\Controllers\Pegawai.php(32): CodeIgniter\Debug\Exceptions->errorHandler(2, 'Undefined varia...', 'C:\\xampp\\htdocs...', 32)
#1 C:\xampp\htdocs\kasir\vendor\codeigniter4\framework\system\CodeIgniter.php(936): App\Controllers\Pegawai->Pegawai()
#2 C:\xampp\htdocs\kasir\vendor\codeigniter4\framework\system\CodeIgniter.php(432): CodeIgniter\CodeIgniter->runController(Object(App\Controllers\Pegawai))
#3 C:\xampp\htdocs\kasir\vendor\codeigniter4\framework\system\CodeIgniter.php(333): CodeIgniter\CodeIgniter->handleRequest(NULL, Object(Config\Cache), false)
#4 C:\xampp\htdocs\kasir\public\index.php(44): CodeIgniter\CodeIgniter->run()
#5 C:\xampp\htdocs\kasir\vendor\codeigniter4\framework\system\Commands\Server\rewrite.php(45): require_once('C:\\xampp\\htdocs...')
#6 {main}
CRITICAL - 2021-05-25 06:11:09 --> Namespace declaration statement has to be the very first statement or after any declare call in the script
#0 [internal function]: CodeIgniter\Debug\Exceptions->shutdownHandler()
#1 {main}
CRITICAL - 2021-05-25 06:11:16 --> Namespace declaration statement has to be the very first statement or after any declare call in the script
#0 [internal function]: CodeIgniter\Debug\Exceptions->shutdownHandler()
#1 {main}
CRITICAL - 2021-05-25 06:11:17 --> Namespace declaration statement has to be the very first statement or after any declare call in the script
#0 [internal function]: CodeIgniter\Debug\Exceptions->shutdownHandler()
#1 {main}
CRITICAL - 2021-05-25 06:11:18 --> Namespace declaration statement has to be the very first statement or after any declare call in the script
#0 [internal function]: CodeIgniter\Debug\Exceptions->shutdownHandler()
#1 {main}
CRITICAL - 2021-05-25 06:11:46 --> Namespace declaration statement has to be the very first statement or after any declare call in the script
#0 [internal function]: CodeIgniter\Debug\Exceptions->shutdownHandler()
#1 {main}
CRITICAL - 2021-05-25 06:11:47 --> Namespace declaration statement has to be the very first statement or after any declare call in the script
#0 [internal function]: CodeIgniter\Debug\Exceptions->shutdownHandler()
#1 {main}
CRITICAL - 2021-05-25 06:44:06 --> syntax error, unexpected variable "$role", expecting "function" or "const"
#0 C:\xampp\htdocs\kasir\vendor\codeigniter4\framework\system\Autoloader\Autoloader.php(265): CodeIgniter\Autoloader\Autoloader->includeFile('C:\\xampp\\htdocs...')
#1 C:\xampp\htdocs\kasir\vendor\codeigniter4\framework\system\Autoloader\Autoloader.php(228): CodeIgniter\Autoloader\Autoloader->loadInNamespace('App\\Models\\Peru...')
#2 C:\xampp\htdocs\kasir\app\Controllers\Perusahaan.php(14): CodeIgniter\Autoloader\Autoloader->loadClass('App\\Models\\Peru...')
#3 C:\xampp\htdocs\kasir\vendor\codeigniter4\framework\system\CodeIgniter.php(908): App\Controllers\Perusahaan->__construct()
#4 C:\xampp\htdocs\kasir\vendor\codeigniter4\framework\system\CodeIgniter.php(422): CodeIgniter\CodeIgniter->createController()
#5 C:\xampp\htdocs\kasir\vendor\codeigniter4\framework\system\CodeIgniter.php(333): CodeIgniter\CodeIgniter->handleRequest(NULL, Object(Config\Cache), false)
#6 C:\xampp\htdocs\kasir\public\index.php(44): CodeIgniter\CodeIgniter->run()
#7 C:\xampp\htdocs\kasir\vendor\codeigniter4\framework\system\Commands\Server\rewrite.php(45): require_once('C:\\xampp\\htdocs...')
#8 {main}
CRITICAL - 2021-05-25 06:46:12 --> Only variables should be passed by reference
#0 C:\xampp\htdocs\kasir\app\Models\PerusahaanModel.php(31): CodeIgniter\Debug\Exceptions->errorHandler(8, 'Only variables ...', 'C:\\xampp\\htdocs...', 31)
#1 C:\xampp\htdocs\kasir\app\Controllers\Perusahaan.php(68): App\Models\PerusahaanModel->generatenewidPerusahaan()
#2 C:\xampp\htdocs\kasir\vendor\codeigniter4\framework\system\CodeIgniter.php(936): App\Controllers\Perusahaan->perusahaan_tambah()
#3 C:\xampp\htdocs\kasir\vendor\codeigniter4\framework\system\CodeIgniter.php(432): CodeIgniter\CodeIgniter->runController(Object(App\Controllers\Perusahaan))
#4 C:\xampp\htdocs\kasir\vendor\codeigniter4\framework\system\CodeIgniter.php(333): CodeIgniter\CodeIgniter->handleRequest(NULL, Object(Config\Cache), false)
#5 C:\xampp\htdocs\kasir\public\index.php(44): CodeIgniter\CodeIgniter->run()
#6 C:\xampp\htdocs\kasir\vendor\codeigniter4\framework\system\Commands\Server\rewrite.php(45): require_once('C:\\xampp\\htdocs...')
#7 {main}
CRITICAL - 2021-05-25 06:55:57 --> Call to undefined method App\Models\SatuanModel::generatenewidSatuanbarang
#0 C:\xampp\htdocs\kasir\app\Controllers\Satuan.php(64): CodeIgniter\Model->__call('generatenewidSa...', Array)
#1 C:\xampp\htdocs\kasir\vendor\codeigniter4\framework\system\CodeIgniter.php(936): App\Controllers\Satuan->satuan_tambah()
#2 C:\xampp\htdocs\kasir\vendor\codeigniter4\framework\system\CodeIgniter.php(432): CodeIgniter\CodeIgniter->runController(Object(App\Controllers\Satuan))
#3 C:\xampp\htdocs\kasir\vendor\codeigniter4\framework\system\CodeIgniter.php(333): CodeIgniter\CodeIgniter->handleRequest(NULL, Object(Config\Cache), false)
#4 C:\xampp\htdocs\kasir\public\index.php(44): CodeIgniter\CodeIgniter->run()
#5 C:\xampp\htdocs\kasir\vendor\codeigniter4\framework\system\Commands\Server\rewrite.php(45): require_once('C:\\xampp\\htdocs...')
#6 {main}
CRITICAL - 2021-05-25 06:56:07 --> Call to undefined method App\Models\SatuanModel::generatenewidSatuanBarang
#0 C:\xampp\htdocs\kasir\app\Controllers\Satuan.php(64): CodeIgniter\Model->__call('generatenewidSa...', Array)
#1 C:\xampp\htdocs\kasir\vendor\codeigniter4\framework\system\CodeIgniter.php(936): App\Controllers\Satuan->satuan_tambah()
#2 C:\xampp\htdocs\kasir\vendor\codeigniter4\framework\system\CodeIgniter.php(432): CodeIgniter\CodeIgniter->runController(Object(App\Controllers\Satuan))
#3 C:\xampp\htdocs\kasir\vendor\codeigniter4\framework\system\CodeIgniter.php(333): CodeIgniter\CodeIgniter->handleRequest(NULL, Object(Config\Cache), false)
#4 C:\xampp\htdocs\kasir\public\index.php(44): CodeIgniter\CodeIgniter->run()
#5 C:\xampp\htdocs\kasir\vendor\codeigniter4\framework\system\Commands\Server\rewrite.php(45): require_once('C:\\xampp\\htdocs...')
#6 {main}
CRITICAL - 2021-05-25 06:57:44 --> Trying to access array offset on value of type bool
#0 C:\xampp\htdocs\kasir\app\Models\SatuanbarangModel.php(29): CodeIgniter\Debug\Exceptions->errorHandler(2, 'Trying to acces...', 'C:\\xampp\\htdocs...', 29)
#1 C:\xampp\htdocs\kasir\app\Controllers\Satuan.php(64): App\Models\SatuanbarangModel->generatenewidSatuanbarang()
#2 C:\xampp\htdocs\kasir\vendor\codeigniter4\framework\system\CodeIgniter.php(936): App\Controllers\Satuan->satuan_tambah()
#3 C:\xampp\htdocs\kasir\vendor\codeigniter4\framework\system\CodeIgniter.php(432): CodeIgniter\CodeIgniter->runController(Object(App\Controllers\Satuan))
#4 C:\xampp\htdocs\kasir\vendor\codeigniter4\framework\system\CodeIgniter.php(333): CodeIgniter\CodeIgniter->handleRequest(NULL, Object(Config\Cache), false)
#5 C:\xampp\htdocs\kasir\public\index.php(44): CodeIgniter\CodeIgniter->run()
#6 C:\xampp\htdocs\kasir\vendor\codeigniter4\framework\system\Commands\Server\rewrite.php(45): require_once('C:\\xampp\\htdocs...')
#7 {main}
CRITICAL - 2021-05-25 07:20:55 --> Undefined array key "username"
#0 C:\xampp\htdocs\kasir\app\Views\pegawai\pegawai.php(47): CodeIgniter\Debug\Exceptions->errorHandler(2, 'Undefined array...', 'C:\\xampp\\htdocs...', 47)
#1 C:\xampp\htdocs\kasir\vendor\codeigniter4\framework\system\View\View.php(220): include('C:\\xampp\\htdocs...')
#2 C:\xampp\htdocs\kasir\vendor\codeigniter4\framework\system\View\View.php(222): CodeIgniter\View\View->CodeIgniter\View\{closure}()
#3 C:\xampp\htdocs\kasir\vendor\codeigniter4\framework\system\Common.php(1217): CodeIgniter\View\View->render('pegawai/pegawai', Array, true)
#4 C:\xampp\htdocs\kasir\app\Controllers\Pegawai.php(49): view('pegawai/pegawai', Array)
#5 C:\xampp\htdocs\kasir\vendor\codeigniter4\framework\system\CodeIgniter.php(936): App\Controllers\Pegawai->Pegawai()
#6 C:\xampp\htdocs\kasir\vendor\codeigniter4\framework\system\CodeIgniter.php(432): CodeIgniter\CodeIgniter->runController(Object(App\Controllers\Pegawai))
#7 C:\xampp\htdocs\kasir\vendor\codeigniter4\framework\system\CodeIgniter.php(333): CodeIgniter\CodeIgniter->handleRequest(NULL, Object(Config\Cache), false)
#8 C:\xampp\htdocs\kasir\public\index.php(44): CodeIgniter\CodeIgniter->run()
#9 C:\xampp\htdocs\kasir\vendor\codeigniter4\framework\system\Commands\Server\rewrite.php(45): require_once('C:\\xampp\\htdocs...')
#10 {main}
CRITICAL - 2021-05-25 07:48:42 --> syntax error, unexpected token "||"
#0 C:\xampp\htdocs\kasir\vendor\codeigniter4\framework\system\Autoloader\Autoloader.php(265): CodeIgniter\Autoloader\Autoloader->includeFile('C:\\xampp\\htdocs...')
#1 C:\xampp\htdocs\kasir\vendor\codeigniter4\framework\system\Autoloader\Autoloader.php(228): CodeIgniter\Autoloader\Autoloader->loadInNamespace('App\\Models\\Bara...')
#2 C:\xampp\htdocs\kasir\app\Controllers\Barang.php(16): CodeIgniter\Autoloader\Autoloader->loadClass('App\\Models\\Bara...')
#3 C:\xampp\htdocs\kasir\vendor\codeigniter4\framework\system\CodeIgniter.php(908): App\Controllers\Barang->__construct()
#4 C:\xampp\htdocs\kasir\vendor\codeigniter4\framework\system\CodeIgniter.php(422): CodeIgniter\CodeIgniter->createController()
#5 C:\xampp\htdocs\kasir\vendor\codeigniter4\framework\system\CodeIgniter.php(333): CodeIgniter\CodeIgniter->handleRequest(NULL, Object(Config\Cache), false)
#6 C:\xampp\htdocs\kasir\public\index.php(44): CodeIgniter\CodeIgniter->run()
#7 C:\xampp\htdocs\kasir\vendor\codeigniter4\framework\system\Commands\Server\rewrite.php(45): require_once('C:\\xampp\\htdocs...')
#8 {main}
CRITICAL - 2021-05-25 08:34:28 --> Invalid file: admin/home.php
#0 C:\xampp\htdocs\kasir\vendor\codeigniter4\framework\system\View\View.php(203): CodeIgniter\Exceptions\FrameworkException::forInvalidFile('admin/home.php')
#1 C:\xampp\htdocs\kasir\vendor\codeigniter4\framework\system\Common.php(1217): CodeIgniter\View\View->render('admin/home', Array, true)
#2 C:\xampp\htdocs\kasir\app\Controllers\Dashboard.php(18): view('admin/home', Array)
#3 C:\xampp\htdocs\kasir\vendor\codeigniter4\framework\system\CodeIgniter.php(936): App\Controllers\Dashboard->index()
#4 C:\xampp\htdocs\kasir\vendor\codeigniter4\framework\system\CodeIgniter.php(432): CodeIgniter\CodeIgniter->runController(Object(App\Controllers\Dashboard))
#5 C:\xampp\htdocs\kasir\vendor\codeigniter4\framework\system\CodeIgniter.php(333): CodeIgniter\CodeIgniter->handleRequest(NULL, Object(Config\Cache), false)
#6 C:\xampp\htdocs\kasir\public\index.php(44): CodeIgniter\CodeIgniter->run()
#7 C:\xampp\htdocs\kasir\vendor\codeigniter4\framework\system\Commands\Server\rewrite.php(45): require_once('C:\\xampp\\htdocs...')
#8 {main}
CRITICAL - 2021-05-25 08:35:15 --> Invalid file: admin/home.php
#0 C:\xampp\htdocs\kasir\vendor\codeigniter4\framework\system\View\View.php(203): CodeIgniter\Exceptions\FrameworkException::forInvalidFile('admin/home.php')
#1 C:\xampp\htdocs\kasir\vendor\codeigniter4\framework\system\Common.php(1217): CodeIgniter\View\View->render('admin/home', Array, true)
#2 C:\xampp\htdocs\kasir\app\Controllers\Dashboard.php(18): view('admin/home', Array)
#3 C:\xampp\htdocs\kasir\vendor\codeigniter4\framework\system\CodeIgniter.php(936): App\Controllers\Dashboard->index()
#4 C:\xampp\htdocs\kasir\vendor\codeigniter4\framework\system\CodeIgniter.php(432): CodeIgniter\CodeIgniter->runController(Object(App\Controllers\Dashboard))
#5 C:\xampp\htdocs\kasir\vendor\codeigniter4\framework\system\CodeIgniter.php(333): CodeIgniter\CodeIgniter->handleRequest(NULL, Object(Config\Cache), false)
#6 C:\xampp\htdocs\kasir\public\index.php(44): CodeIgniter\CodeIgniter->run()
#7 C:\xampp\htdocs\kasir\vendor\codeigniter4\framework\system\Commands\Server\rewrite.php(45): require_once('C:\\xampp\\htdocs...')
#8 {main}
CRITICAL - 2021-05-25 08:41:12 --> Class "App\Models\SatuanbarangModel" not found
#0 C:\xampp\htdocs\kasir\vendor\codeigniter4\framework\system\CodeIgniter.php(908): App\Controllers\Satuan->__construct()
#1 C:\xampp\htdocs\kasir\vendor\codeigniter4\framework\system\CodeIgniter.php(422): CodeIgniter\CodeIgniter->createController()
#2 C:\xampp\htdocs\kasir\vendor\codeigniter4\framework\system\CodeIgniter.php(333): CodeIgniter\CodeIgniter->handleRequest(NULL, Object(Config\Cache), false)
#3 C:\xampp\htdocs\kasir\public\index.php(44): CodeIgniter\CodeIgniter->run()
#4 C:\xampp\htdocs\kasir\vendor\codeigniter4\framework\system\Commands\Server\rewrite.php(45): require_once('C:\\xampp\\htdocs...')
#5 {main}
CRITICAL - 2021-05-25 10:34:51 --> Undefined variable $kategori
#0 C:\xampp\htdocs\kasir\app\Views\kategori\kategori.php(45): CodeIgniter\Debug\Exceptions->errorHandler(2, 'Undefined varia...', 'C:\\xampp\\htdocs...', 45)
#1 C:\xampp\htdocs\kasir\vendor\codeigniter4\framework\system\View\View.php(220): include('C:\\xampp\\htdocs...')
#2 C:\xampp\htdocs\kasir\vendor\codeigniter4\framework\system\View\View.php(222): CodeIgniter\View\View->CodeIgniter\View\{closure}()
#3 C:\xampp\htdocs\kasir\vendor\codeigniter4\framework\system\Common.php(1217): CodeIgniter\View\View->render('kategori/katego...', Array, true)
#4 C:\xampp\htdocs\kasir\app\Controllers\Kategori.php(43): view('kategori/katego...', Array)
#5 C:\xampp\htdocs\kasir\vendor\codeigniter4\framework\system\CodeIgniter.php(936): App\Controllers\Kategori->kategori()
#6 C:\xampp\htdocs\kasir\vendor\codeigniter4\framework\system\CodeIgniter.php(432): CodeIgniter\CodeIgniter->runController(Object(App\Controllers\Kategori))
#7 C:\xampp\htdocs\kasir\vendor\codeigniter4\framework\system\CodeIgniter.php(333): CodeIgniter\CodeIgniter->handleRequest(NULL, Object(Config\Cache), false)
#8 C:\xampp\htdocs\kasir\public\index.php(44): CodeIgniter\CodeIgniter->run()
#9 C:\xampp\htdocs\kasir\vendor\codeigniter4\framework\system\Commands\Server\rewrite.php(45): require_once('C:\\xampp\\htdocs...')
#10 {main}
CRITICAL - 2021-05-25 10:41:29 --> Undefined array key "nama"
#0 C:\xampp\htdocs\kasir\app\Controllers\Kategori.php(175): CodeIgniter\Debug\Exceptions->errorHandler(2, 'Undefined array...', 'C:\\xampp\\htdocs...', 175)
#1 C:\xampp\htdocs\kasir\vendor\codeigniter4\framework\system\CodeIgniter.php(936): App\Controllers\Kategori->kategori_update('5')
#2 C:\xampp\htdocs\kasir\vendor\codeigniter4\framework\system\CodeIgniter.php(432): CodeIgniter\CodeIgniter->runController(Object(App\Controllers\Kategori))
#3 C:\xampp\htdocs\kasir\vendor\codeigniter4\framework\system\CodeIgniter.php(333): CodeIgniter\CodeIgniter->handleRequest(NULL, Object(Config\Cache), false)
#4 C:\xampp\htdocs\kasir\public\index.php(44): CodeIgniter\CodeIgniter->run()
#5 C:\xampp\htdocs\kasir\vendor\codeigniter4\framework\system\Commands\Server\rewrite.php(45): require_once('C:\\xampp\\htdocs...')
#6 {main}
CRITICAL - 2021-05-25 11:22:01 --> Call to undefined method App\Models\SupplierModel::checkAksesSupplier
#0 C:\xampp\htdocs\kasir\app\Controllers\Supplier.php(35): CodeIgniter\Model->__call('checkAksesSuppl...', Array)
#1 C:\xampp\htdocs\kasir\vendor\codeigniter4\framework\system\CodeIgniter.php(936): App\Controllers\Supplier->supplier()
#2 C:\xampp\htdocs\kasir\vendor\codeigniter4\framework\system\CodeIgniter.php(432): CodeIgniter\CodeIgniter->runController(Object(App\Controllers\Supplier))
#3 C:\xampp\htdocs\kasir\vendor\codeigniter4\framework\system\CodeIgniter.php(333): CodeIgniter\CodeIgniter->handleRequest(NULL, Object(Config\Cache), false)
#4 C:\xampp\htdocs\kasir\public\index.php(44): CodeIgniter\CodeIgniter->run()
#5 C:\xampp\htdocs\kasir\vendor\codeigniter4\framework\system\Commands\Server\rewrite.php(45): require_once('C:\\xampp\\htdocs...')
#6 {main}
CRITICAL - 2021-05-25 13:11:18 --> Cannot declare class App\Controllers\Satuan, because the name is already in use
#0 [internal function]: CodeIgniter\Debug\Exceptions->shutdownHandler()
#1 {main}
CRITICAL - 2021-05-25 13:14:37 --> Cannot declare class App\Controllers\Satuan, because the name is already in use
#0 [internal function]: CodeIgniter\Debug\Exceptions->shutdownHandler()
#1 {main}
CRITICAL - 2021-05-25 13:14:53 --> Cannot declare class App\Controllers\Satuan, because the name is already in use
#0 [internal function]: CodeIgniter\Debug\Exceptions->shutdownHandler()
#1 {main}
