CRITICAL - 2021-05-02 02:29:59 --> Undefined variable $nama
#0 C:\xampp\htdocs\kasir\app\Views\layout\template.php(37): CodeIgniter\Debug\Exceptions->errorHandler(2, 'Undefined varia...', 'C:\\xampp\\htdocs...', 37)
#1 C:\xampp\htdocs\kasir\vendor\codeigniter4\framework\system\View\View.php(220): include('C:\\xampp\\htdocs...')
#2 C:\xampp\htdocs\kasir\vendor\codeigniter4\framework\system\View\View.php(222): CodeIgniter\View\View->CodeIgniter\View\{closure}()
#3 C:\xampp\htdocs\kasir\vendor\codeigniter4\framework\system\View\View.php(236): CodeIgniter\View\View->render('layout/template', Array, true)
#4 C:\xampp\htdocs\kasir\vendor\codeigniter4\framework\system\Common.php(1217): CodeIgniter\View\View->render('admin/supplier/...', Array, true)
#5 C:\xampp\htdocs\kasir\app\Controllers\Admin.php(563): view('admin/supplier/...', Array)
#6 C:\xampp\htdocs\kasir\vendor\codeigniter4\framework\system\CodeIgniter.php(936): App\Controllers\Admin->perusahaan()
#7 C:\xampp\htdocs\kasir\vendor\codeigniter4\framework\system\CodeIgniter.php(432): CodeIgniter\CodeIgniter->runController(Object(App\Controllers\Admin))
#8 C:\xampp\htdocs\kasir\vendor\codeigniter4\framework\system\CodeIgniter.php(333): CodeIgniter\CodeIgniter->handleRequest(NULL, Object(Config\Cache), false)
#9 C:\xampp\htdocs\kasir\public\index.php(44): CodeIgniter\CodeIgniter->run()
#10 C:\xampp\htdocs\kasir\vendor\codeigniter4\framework\system\Commands\Server\rewrite.php(45): require_once('C:\\xampp\\htdocs...')
#11 {main}
CRITICAL - 2021-05-02 02:32:39 --> Undefined variable $nama
#0 C:\xampp\htdocs\kasir\app\Views\layout\template.php(37): CodeIgniter\Debug\Exceptions->errorHandler(2, 'Undefined varia...', 'C:\\xampp\\htdocs...', 37)
#1 C:\xampp\htdocs\kasir\vendor\codeigniter4\framework\system\View\View.php(220): include('C:\\xampp\\htdocs...')
#2 C:\xampp\htdocs\kasir\vendor\codeigniter4\framework\system\View\View.php(222): CodeIgniter\View\View->CodeIgniter\View\{closure}()
#3 C:\xampp\htdocs\kasir\vendor\codeigniter4\framework\system\View\View.php(236): CodeIgniter\View\View->render('layout/template', Array, true)
#4 C:\xampp\htdocs\kasir\vendor\codeigniter4\framework\system\Common.php(1217): CodeIgniter\View\View->render('admin/supplier/...', Array, true)
#5 C:\xampp\htdocs\kasir\app\Controllers\Admin.php(563): view('admin/supplier/...', Array)
#6 C:\xampp\htdocs\kasir\vendor\codeigniter4\framework\system\CodeIgniter.php(936): App\Controllers\Admin->perusahaan()
#7 C:\xampp\htdocs\kasir\vendor\codeigniter4\framework\system\CodeIgniter.php(432): CodeIgniter\CodeIgniter->runController(Object(App\Controllers\Admin))
#8 C:\xampp\htdocs\kasir\vendor\codeigniter4\framework\system\CodeIgniter.php(333): CodeIgniter\CodeIgniter->handleRequest(NULL, Object(Config\Cache), false)
#9 C:\xampp\htdocs\kasir\public\index.php(44): CodeIgniter\CodeIgniter->run()
#10 C:\xampp\htdocs\kasir\vendor\codeigniter4\framework\system\Commands\Server\rewrite.php(45): require_once('C:\\xampp\\htdocs...')
#11 {main}
CRITICAL - 2021-05-02 02:36:29 --> Undefined variable $nama
#0 C:\xampp\htdocs\kasir\app\Views\layout\template.php(37): CodeIgniter\Debug\Exceptions->errorHandler(2, 'Undefined varia...', 'C:\\xampp\\htdocs...', 37)
#1 C:\xampp\htdocs\kasir\vendor\codeigniter4\framework\system\View\View.php(220): include('C:\\xampp\\htdocs...')
#2 C:\xampp\htdocs\kasir\vendor\codeigniter4\framework\system\View\View.php(222): CodeIgniter\View\View->CodeIgniter\View\{closure}()
#3 C:\xampp\htdocs\kasir\vendor\codeigniter4\framework\system\View\View.php(236): CodeIgniter\View\View->render('layout/template', Array, true)
#4 C:\xampp\htdocs\kasir\vendor\codeigniter4\framework\system\Common.php(1217): CodeIgniter\View\View->render('admin/transaksi', Array, true)
#5 C:\xampp\htdocs\kasir\app\Controllers\Admin.php(59): view('admin/transaksi', Array)
#6 C:\xampp\htdocs\kasir\vendor\codeigniter4\framework\system\CodeIgniter.php(936): App\Controllers\Admin->transaksi()
#7 C:\xampp\htdocs\kasir\vendor\codeigniter4\framework\system\CodeIgniter.php(432): CodeIgniter\CodeIgniter->runController(Object(App\Controllers\Admin))
#8 C:\xampp\htdocs\kasir\vendor\codeigniter4\framework\system\CodeIgniter.php(333): CodeIgniter\CodeIgniter->handleRequest(NULL, Object(Config\Cache), false)
#9 C:\xampp\htdocs\kasir\public\index.php(44): CodeIgniter\CodeIgniter->run()
#10 C:\xampp\htdocs\kasir\vendor\codeigniter4\framework\system\Commands\Server\rewrite.php(45): require_once('C:\\xampp\\htdocs...')
#11 {main}
CRITICAL - 2021-05-02 02:36:39 --> Undefined variable $nama
#0 C:\xampp\htdocs\kasir\app\Views\layout\template.php(37): CodeIgniter\Debug\Exceptions->errorHandler(2, 'Undefined varia...', 'C:\\xampp\\htdocs...', 37)
#1 C:\xampp\htdocs\kasir\vendor\codeigniter4\framework\system\View\View.php(220): include('C:\\xampp\\htdocs...')
#2 C:\xampp\htdocs\kasir\vendor\codeigniter4\framework\system\View\View.php(222): CodeIgniter\View\View->CodeIgniter\View\{closure}()
#3 C:\xampp\htdocs\kasir\vendor\codeigniter4\framework\system\View\View.php(236): CodeIgniter\View\View->render('layout/template', Array, true)
#4 C:\xampp\htdocs\kasir\vendor\codeigniter4\framework\system\Common.php(1217): CodeIgniter\View\View->render('admin/transaksi', Array, true)
#5 C:\xampp\htdocs\kasir\app\Controllers\Admin.php(59): view('admin/transaksi', Array)
#6 C:\xampp\htdocs\kasir\vendor\codeigniter4\framework\system\CodeIgniter.php(936): App\Controllers\Admin->transaksi()
#7 C:\xampp\htdocs\kasir\vendor\codeigniter4\framework\system\CodeIgniter.php(432): CodeIgniter\CodeIgniter->runController(Object(App\Controllers\Admin))
#8 C:\xampp\htdocs\kasir\vendor\codeigniter4\framework\system\CodeIgniter.php(333): CodeIgniter\CodeIgniter->handleRequest(NULL, Object(Config\Cache), false)
#9 C:\xampp\htdocs\kasir\public\index.php(44): CodeIgniter\CodeIgniter->run()
#10 C:\xampp\htdocs\kasir\vendor\codeigniter4\framework\system\Commands\Server\rewrite.php(45): require_once('C:\\xampp\\htdocs...')
#11 {main}
CRITICAL - 2021-05-02 02:38:27 --> Undefined variable $nama
#0 C:\xampp\htdocs\kasir\app\Views\layout\template.php(37): CodeIgniter\Debug\Exceptions->errorHandler(2, 'Undefined varia...', 'C:\\xampp\\htdocs...', 37)
#1 C:\xampp\htdocs\kasir\vendor\codeigniter4\framework\system\View\View.php(220): include('C:\\xampp\\htdocs...')
#2 C:\xampp\htdocs\kasir\vendor\codeigniter4\framework\system\View\View.php(222): CodeIgniter\View\View->CodeIgniter\View\{closure}()
#3 C:\xampp\htdocs\kasir\vendor\codeigniter4\framework\system\View\View.php(236): CodeIgniter\View\View->render('layout/template', Array, true)
#4 C:\xampp\htdocs\kasir\vendor\codeigniter4\framework\system\Common.php(1217): CodeIgniter\View\View->render('admin/transaksi', Array, true)
#5 C:\xampp\htdocs\kasir\app\Controllers\Admin.php(59): view('admin/transaksi', Array)
#6 C:\xampp\htdocs\kasir\vendor\codeigniter4\framework\system\CodeIgniter.php(936): App\Controllers\Admin->transaksi()
#7 C:\xampp\htdocs\kasir\vendor\codeigniter4\framework\system\CodeIgniter.php(432): CodeIgniter\CodeIgniter->runController(Object(App\Controllers\Admin))
#8 C:\xampp\htdocs\kasir\vendor\codeigniter4\framework\system\CodeIgniter.php(333): CodeIgniter\CodeIgniter->handleRequest(NULL, Object(Config\Cache), false)
#9 C:\xampp\htdocs\kasir\public\index.php(44): CodeIgniter\CodeIgniter->run()
#10 C:\xampp\htdocs\kasir\vendor\codeigniter4\framework\system\Commands\Server\rewrite.php(45): require_once('C:\\xampp\\htdocs...')
#11 {main}
CRITICAL - 2021-05-02 02:38:43 --> Undefined variable $nama
#0 C:\xampp\htdocs\kasir\app\Views\layout\template.php(37): CodeIgniter\Debug\Exceptions->errorHandler(2, 'Undefined varia...', 'C:\\xampp\\htdocs...', 37)
#1 C:\xampp\htdocs\kasir\vendor\codeigniter4\framework\system\View\View.php(220): include('C:\\xampp\\htdocs...')
#2 C:\xampp\htdocs\kasir\vendor\codeigniter4\framework\system\View\View.php(222): CodeIgniter\View\View->CodeIgniter\View\{closure}()
#3 C:\xampp\htdocs\kasir\vendor\codeigniter4\framework\system\View\View.php(236): CodeIgniter\View\View->render('layout/template', Array, true)
#4 C:\xampp\htdocs\kasir\vendor\codeigniter4\framework\system\Common.php(1217): CodeIgniter\View\View->render('admin/laporan', Array, true)
#5 C:\xampp\htdocs\kasir\app\Controllers\Admin.php(810): view('admin/laporan', Array)
#6 C:\xampp\htdocs\kasir\vendor\codeigniter4\framework\system\CodeIgniter.php(936): App\Controllers\Admin->laporan()
#7 C:\xampp\htdocs\kasir\vendor\codeigniter4\framework\system\CodeIgniter.php(432): CodeIgniter\CodeIgniter->runController(Object(App\Controllers\Admin))
#8 C:\xampp\htdocs\kasir\vendor\codeigniter4\framework\system\CodeIgniter.php(333): CodeIgniter\CodeIgniter->handleRequest(NULL, Object(Config\Cache), false)
#9 C:\xampp\htdocs\kasir\public\index.php(44): CodeIgniter\CodeIgniter->run()
#10 C:\xampp\htdocs\kasir\vendor\codeigniter4\framework\system\Commands\Server\rewrite.php(45): require_once('C:\\xampp\\htdocs...')
#11 {main}
CRITICAL - 2021-05-02 02:39:11 --> Undefined variable $nama
#0 C:\xampp\htdocs\kasir\app\Views\layout\template.php(37): CodeIgniter\Debug\Exceptions->errorHandler(2, 'Undefined varia...', 'C:\\xampp\\htdocs...', 37)
#1 C:\xampp\htdocs\kasir\vendor\codeigniter4\framework\system\View\View.php(220): include('C:\\xampp\\htdocs...')
#2 C:\xampp\htdocs\kasir\vendor\codeigniter4\framework\system\View\View.php(222): CodeIgniter\View\View->CodeIgniter\View\{closure}()
#3 C:\xampp\htdocs\kasir\vendor\codeigniter4\framework\system\View\View.php(236): CodeIgniter\View\View->render('layout/template', Array, true)
#4 C:\xampp\htdocs\kasir\vendor\codeigniter4\framework\system\Common.php(1217): CodeIgniter\View\View->render('admin/laporan', Array, true)
#5 C:\xampp\htdocs\kasir\app\Controllers\Admin.php(810): view('admin/laporan', Array)
#6 C:\xampp\htdocs\kasir\vendor\codeigniter4\framework\system\CodeIgniter.php(936): App\Controllers\Admin->laporan()
#7 C:\xampp\htdocs\kasir\vendor\codeigniter4\framework\system\CodeIgniter.php(432): CodeIgniter\CodeIgniter->runController(Object(App\Controllers\Admin))
#8 C:\xampp\htdocs\kasir\vendor\codeigniter4\framework\system\CodeIgniter.php(333): CodeIgniter\CodeIgniter->handleRequest(NULL, Object(Config\Cache), false)
#9 C:\xampp\htdocs\kasir\public\index.php(44): CodeIgniter\CodeIgniter->run()
#10 C:\xampp\htdocs\kasir\vendor\codeigniter4\framework\system\Commands\Server\rewrite.php(45): require_once('C:\\xampp\\htdocs...')
#11 {main}
CRITICAL - 2021-05-02 02:40:38 --> Undefined variable $nama
#0 C:\xampp\htdocs\kasir\app\Views\layout\template.php(37): CodeIgniter\Debug\Exceptions->errorHandler(2, 'Undefined varia...', 'C:\\xampp\\htdocs...', 37)
#1 C:\xampp\htdocs\kasir\vendor\codeigniter4\framework\system\View\View.php(220): include('C:\\xampp\\htdocs...')
#2 C:\xampp\htdocs\kasir\vendor\codeigniter4\framework\system\View\View.php(222): CodeIgniter\View\View->CodeIgniter\View\{closure}()
#3 C:\xampp\htdocs\kasir\vendor\codeigniter4\framework\system\View\View.php(236): CodeIgniter\View\View->render('layout/template', Array, true)
#4 C:\xampp\htdocs\kasir\vendor\codeigniter4\framework\system\Common.php(1217): CodeIgniter\View\View->render('admin/supplier/...', Array, true)
#5 C:\xampp\htdocs\kasir\app\Controllers\Admin.php(563): view('admin/supplier/...', Array)
#6 C:\xampp\htdocs\kasir\vendor\codeigniter4\framework\system\CodeIgniter.php(936): App\Controllers\Admin->perusahaan()
#7 C:\xampp\htdocs\kasir\vendor\codeigniter4\framework\system\CodeIgniter.php(432): CodeIgniter\CodeIgniter->runController(Object(App\Controllers\Admin))
#8 C:\xampp\htdocs\kasir\vendor\codeigniter4\framework\system\CodeIgniter.php(333): CodeIgniter\CodeIgniter->handleRequest(NULL, Object(Config\Cache), false)
#9 C:\xampp\htdocs\kasir\public\index.php(44): CodeIgniter\CodeIgniter->run()
#10 C:\xampp\htdocs\kasir\vendor\codeigniter4\framework\system\Commands\Server\rewrite.php(45): require_once('C:\\xampp\\htdocs...')
#11 {main}
CRITICAL - 2021-05-02 02:40:46 --> Undefined variable $nama
#0 C:\xampp\htdocs\kasir\app\Views\layout\template.php(37): CodeIgniter\Debug\Exceptions->errorHandler(2, 'Undefined varia...', 'C:\\xampp\\htdocs...', 37)
#1 C:\xampp\htdocs\kasir\vendor\codeigniter4\framework\system\View\View.php(220): include('C:\\xampp\\htdocs...')
#2 C:\xampp\htdocs\kasir\vendor\codeigniter4\framework\system\View\View.php(222): CodeIgniter\View\View->CodeIgniter\View\{closure}()
#3 C:\xampp\htdocs\kasir\vendor\codeigniter4\framework\system\View\View.php(236): CodeIgniter\View\View->render('layout/template', Array, true)
#4 C:\xampp\htdocs\kasir\vendor\codeigniter4\framework\system\Common.php(1217): CodeIgniter\View\View->render('admin/supplier/...', Array, true)
#5 C:\xampp\htdocs\kasir\app\Controllers\Admin.php(563): view('admin/supplier/...', Array)
#6 C:\xampp\htdocs\kasir\vendor\codeigniter4\framework\system\CodeIgniter.php(936): App\Controllers\Admin->perusahaan()
#7 C:\xampp\htdocs\kasir\vendor\codeigniter4\framework\system\CodeIgniter.php(432): CodeIgniter\CodeIgniter->runController(Object(App\Controllers\Admin))
#8 C:\xampp\htdocs\kasir\vendor\codeigniter4\framework\system\CodeIgniter.php(333): CodeIgniter\CodeIgniter->handleRequest(NULL, Object(Config\Cache), false)
#9 C:\xampp\htdocs\kasir\public\index.php(44): CodeIgniter\CodeIgniter->run()
#10 C:\xampp\htdocs\kasir\vendor\codeigniter4\framework\system\Commands\Server\rewrite.php(45): require_once('C:\\xampp\\htdocs...')
#11 {main}
CRITICAL - 2021-05-02 03:04:54 --> Undefined variable $nama
#0 C:\xampp\htdocs\kasir\app\Views\layout\template.php(37): CodeIgniter\Debug\Exceptions->errorHandler(2, 'Undefined varia...', 'C:\\xampp\\htdocs...', 37)
#1 C:\xampp\htdocs\kasir\vendor\codeigniter4\framework\system\View\View.php(220): include('C:\\xampp\\htdocs...')
#2 C:\xampp\htdocs\kasir\vendor\codeigniter4\framework\system\View\View.php(222): CodeIgniter\View\View->CodeIgniter\View\{closure}()
#3 C:\xampp\htdocs\kasir\vendor\codeigniter4\framework\system\View\View.php(236): CodeIgniter\View\View->render('layout/template', Array, true)
#4 C:\xampp\htdocs\kasir\vendor\codeigniter4\framework\system\Common.php(1217): CodeIgniter\View\View->render('admin/home', Array, true)
#5 C:\xampp\htdocs\kasir\app\Controllers\Admin.php(35): view('admin/home', Array)
#6 C:\xampp\htdocs\kasir\vendor\codeigniter4\framework\system\CodeIgniter.php(936): App\Controllers\Admin->index()
#7 C:\xampp\htdocs\kasir\vendor\codeigniter4\framework\system\CodeIgniter.php(432): CodeIgniter\CodeIgniter->runController(Object(App\Controllers\Admin))
#8 C:\xampp\htdocs\kasir\vendor\codeigniter4\framework\system\CodeIgniter.php(333): CodeIgniter\CodeIgniter->handleRequest(NULL, Object(Config\Cache), false)
#9 C:\xampp\htdocs\kasir\public\index.php(44): CodeIgniter\CodeIgniter->run()
#10 C:\xampp\htdocs\kasir\vendor\codeigniter4\framework\system\Commands\Server\rewrite.php(45): require_once('C:\\xampp\\htdocs...')
#11 {main}
CRITICAL - 2021-05-02 03:04:55 --> Undefined variable $nama
#0 C:\xampp\htdocs\kasir\app\Views\layout\template.php(37): CodeIgniter\Debug\Exceptions->errorHandler(2, 'Undefined varia...', 'C:\\xampp\\htdocs...', 37)
#1 C:\xampp\htdocs\kasir\vendor\codeigniter4\framework\system\View\View.php(220): include('C:\\xampp\\htdocs...')
#2 C:\xampp\htdocs\kasir\vendor\codeigniter4\framework\system\View\View.php(222): CodeIgniter\View\View->CodeIgniter\View\{closure}()
#3 C:\xampp\htdocs\kasir\vendor\codeigniter4\framework\system\View\View.php(236): CodeIgniter\View\View->render('layout/template', Array, true)
#4 C:\xampp\htdocs\kasir\vendor\codeigniter4\framework\system\Common.php(1217): CodeIgniter\View\View->render('admin/home', Array, true)
#5 C:\xampp\htdocs\kasir\app\Controllers\Admin.php(35): view('admin/home', Array)
#6 C:\xampp\htdocs\kasir\vendor\codeigniter4\framework\system\CodeIgniter.php(936): App\Controllers\Admin->index()
#7 C:\xampp\htdocs\kasir\vendor\codeigniter4\framework\system\CodeIgniter.php(432): CodeIgniter\CodeIgniter->runController(Object(App\Controllers\Admin))
#8 C:\xampp\htdocs\kasir\vendor\codeigniter4\framework\system\CodeIgniter.php(333): CodeIgniter\CodeIgniter->handleRequest(NULL, Object(Config\Cache), false)
#9 C:\xampp\htdocs\kasir\public\index.php(44): CodeIgniter\CodeIgniter->run()
#10 C:\xampp\htdocs\kasir\vendor\codeigniter4\framework\system\Commands\Server\rewrite.php(45): require_once('C:\\xampp\\htdocs...')
#11 {main}
CRITICAL - 2021-05-02 03:32:50 --> syntax error, unexpected token "<"
#0 C:\xampp\htdocs\kasir\vendor\codeigniter4\framework\system\View\View.php(222): CodeIgniter\View\View->CodeIgniter\View\{closure}()
#1 C:\xampp\htdocs\kasir\vendor\codeigniter4\framework\system\Common.php(1217): CodeIgniter\View\View->render('admin/home', Array, true)
#2 C:\xampp\htdocs\kasir\app\Controllers\Dashboard.php(17): view('admin/home', Array)
#3 C:\xampp\htdocs\kasir\vendor\codeigniter4\framework\system\CodeIgniter.php(936): App\Controllers\Dashboard->index()
#4 C:\xampp\htdocs\kasir\vendor\codeigniter4\framework\system\CodeIgniter.php(432): CodeIgniter\CodeIgniter->runController(Object(App\Controllers\Dashboard))
#5 C:\xampp\htdocs\kasir\vendor\codeigniter4\framework\system\CodeIgniter.php(333): CodeIgniter\CodeIgniter->handleRequest(NULL, Object(Config\Cache), false)
#6 C:\xampp\htdocs\kasir\public\index.php(44): CodeIgniter\CodeIgniter->run()
#7 C:\xampp\htdocs\kasir\vendor\codeigniter4\framework\system\Commands\Server\rewrite.php(45): require_once('C:\\xampp\\htdocs...')
#8 {main}
CRITICAL - 2021-05-02 03:33:13 --> syntax error, unexpected identifier "ini"
#0 C:\xampp\htdocs\kasir\vendor\codeigniter4\framework\system\View\View.php(222): CodeIgniter\View\View->CodeIgniter\View\{closure}()
#1 C:\xampp\htdocs\kasir\vendor\codeigniter4\framework\system\Common.php(1217): CodeIgniter\View\View->render('admin/home', Array, true)
#2 C:\xampp\htdocs\kasir\app\Controllers\Dashboard.php(17): view('admin/home', Array)
#3 C:\xampp\htdocs\kasir\vendor\codeigniter4\framework\system\CodeIgniter.php(936): App\Controllers\Dashboard->index()
#4 C:\xampp\htdocs\kasir\vendor\codeigniter4\framework\system\CodeIgniter.php(432): CodeIgniter\CodeIgniter->runController(Object(App\Controllers\Dashboard))
#5 C:\xampp\htdocs\kasir\vendor\codeigniter4\framework\system\CodeIgniter.php(333): CodeIgniter\CodeIgniter->handleRequest(NULL, Object(Config\Cache), false)
#6 C:\xampp\htdocs\kasir\public\index.php(44): CodeIgniter\CodeIgniter->run()
#7 C:\xampp\htdocs\kasir\vendor\codeigniter4\framework\system\Commands\Server\rewrite.php(45): require_once('C:\\xampp\\htdocs...')
#8 {main}
CRITICAL - 2021-05-02 03:33:27 --> syntax error, unexpected token "}", expecting "," or ";"
#0 C:\xampp\htdocs\kasir\vendor\codeigniter4\framework\system\View\View.php(222): CodeIgniter\View\View->CodeIgniter\View\{closure}()
#1 C:\xampp\htdocs\kasir\vendor\codeigniter4\framework\system\Common.php(1217): CodeIgniter\View\View->render('admin/home', Array, true)
#2 C:\xampp\htdocs\kasir\app\Controllers\Dashboard.php(17): view('admin/home', Array)
#3 C:\xampp\htdocs\kasir\vendor\codeigniter4\framework\system\CodeIgniter.php(936): App\Controllers\Dashboard->index()
#4 C:\xampp\htdocs\kasir\vendor\codeigniter4\framework\system\CodeIgniter.php(432): CodeIgniter\CodeIgniter->runController(Object(App\Controllers\Dashboard))
#5 C:\xampp\htdocs\kasir\vendor\codeigniter4\framework\system\CodeIgniter.php(333): CodeIgniter\CodeIgniter->handleRequest(NULL, Object(Config\Cache), false)
#6 C:\xampp\htdocs\kasir\public\index.php(44): CodeIgniter\CodeIgniter->run()
#7 C:\xampp\htdocs\kasir\vendor\codeigniter4\framework\system\Commands\Server\rewrite.php(45): require_once('C:\\xampp\\htdocs...')
#8 {main}
CRITICAL - 2021-05-02 03:36:36 --> syntax error, unexpected variable "$nama", expecting "," or ";"
#0 C:\xampp\htdocs\kasir\vendor\codeigniter4\framework\system\View\View.php(222): CodeIgniter\View\View->CodeIgniter\View\{closure}()
#1 C:\xampp\htdocs\kasir\vendor\codeigniter4\framework\system\Common.php(1217): CodeIgniter\View\View->render('admin/home', Array, true)
#2 C:\xampp\htdocs\kasir\app\Controllers\Dashboard.php(17): view('admin/home', Array)
#3 C:\xampp\htdocs\kasir\vendor\codeigniter4\framework\system\CodeIgniter.php(936): App\Controllers\Dashboard->index()
#4 C:\xampp\htdocs\kasir\vendor\codeigniter4\framework\system\CodeIgniter.php(432): CodeIgniter\CodeIgniter->runController(Object(App\Controllers\Dashboard))
#5 C:\xampp\htdocs\kasir\vendor\codeigniter4\framework\system\CodeIgniter.php(333): CodeIgniter\CodeIgniter->handleRequest(NULL, Object(Config\Cache), false)
#6 C:\xampp\htdocs\kasir\public\index.php(44): CodeIgniter\CodeIgniter->run()
#7 C:\xampp\htdocs\kasir\vendor\codeigniter4\framework\system\Commands\Server\rewrite.php(45): require_once('C:\\xampp\\htdocs...')
#8 {main}
CRITICAL - 2021-05-02 03:41:19 --> syntax error, unexpected token "<"
#0 C:\xampp\htdocs\kasir\vendor\codeigniter4\framework\system\View\View.php(222): CodeIgniter\View\View->CodeIgniter\View\{closure}()
#1 C:\xampp\htdocs\kasir\vendor\codeigniter4\framework\system\Common.php(1217): CodeIgniter\View\View->render('admin/home', Array, true)
#2 C:\xampp\htdocs\kasir\app\Controllers\Dashboard.php(17): view('admin/home', Array)
#3 C:\xampp\htdocs\kasir\vendor\codeigniter4\framework\system\CodeIgniter.php(936): App\Controllers\Dashboard->index()
#4 C:\xampp\htdocs\kasir\vendor\codeigniter4\framework\system\CodeIgniter.php(432): CodeIgniter\CodeIgniter->runController(Object(App\Controllers\Dashboard))
#5 C:\xampp\htdocs\kasir\vendor\codeigniter4\framework\system\CodeIgniter.php(333): CodeIgniter\CodeIgniter->handleRequest(NULL, Object(Config\Cache), false)
#6 C:\xampp\htdocs\kasir\public\index.php(44): CodeIgniter\CodeIgniter->run()
#7 C:\xampp\htdocs\kasir\vendor\codeigniter4\framework\system\Commands\Server\rewrite.php(45): require_once('C:\\xampp\\htdocs...')
#8 {main}
CRITICAL - 2021-05-02 03:43:05 --> syntax error, unexpected token "if"
#0 C:\xampp\htdocs\kasir\vendor\codeigniter4\framework\system\View\View.php(222): CodeIgniter\View\View->CodeIgniter\View\{closure}()
#1 C:\xampp\htdocs\kasir\vendor\codeigniter4\framework\system\Common.php(1217): CodeIgniter\View\View->render('admin/home', Array, true)
#2 C:\xampp\htdocs\kasir\app\Controllers\Dashboard.php(17): view('admin/home', Array)
#3 C:\xampp\htdocs\kasir\vendor\codeigniter4\framework\system\CodeIgniter.php(936): App\Controllers\Dashboard->index()
#4 C:\xampp\htdocs\kasir\vendor\codeigniter4\framework\system\CodeIgniter.php(432): CodeIgniter\CodeIgniter->runController(Object(App\Controllers\Dashboard))
#5 C:\xampp\htdocs\kasir\vendor\codeigniter4\framework\system\CodeIgniter.php(333): CodeIgniter\CodeIgniter->handleRequest(NULL, Object(Config\Cache), false)
#6 C:\xampp\htdocs\kasir\public\index.php(44): CodeIgniter\CodeIgniter->run()
#7 C:\xampp\htdocs\kasir\vendor\codeigniter4\framework\system\Commands\Server\rewrite.php(45): require_once('C:\\xampp\\htdocs...')
#8 {main}
CRITICAL - 2021-05-02 03:43:06 --> syntax error, unexpected token "if"
#0 C:\xampp\htdocs\kasir\vendor\codeigniter4\framework\system\View\View.php(222): CodeIgniter\View\View->CodeIgniter\View\{closure}()
#1 C:\xampp\htdocs\kasir\vendor\codeigniter4\framework\system\Common.php(1217): CodeIgniter\View\View->render('admin/home', Array, true)
#2 C:\xampp\htdocs\kasir\app\Controllers\Dashboard.php(17): view('admin/home', Array)
#3 C:\xampp\htdocs\kasir\vendor\codeigniter4\framework\system\CodeIgniter.php(936): App\Controllers\Dashboard->index()
#4 C:\xampp\htdocs\kasir\vendor\codeigniter4\framework\system\CodeIgniter.php(432): CodeIgniter\CodeIgniter->runController(Object(App\Controllers\Dashboard))
#5 C:\xampp\htdocs\kasir\vendor\codeigniter4\framework\system\CodeIgniter.php(333): CodeIgniter\CodeIgniter->handleRequest(NULL, Object(Config\Cache), false)
#6 C:\xampp\htdocs\kasir\public\index.php(44): CodeIgniter\CodeIgniter->run()
#7 C:\xampp\htdocs\kasir\vendor\codeigniter4\framework\system\Commands\Server\rewrite.php(45): require_once('C:\\xampp\\htdocs...')
#8 {main}
CRITICAL - 2021-05-02 03:43:07 --> syntax error, unexpected token "if"
#0 C:\xampp\htdocs\kasir\vendor\codeigniter4\framework\system\View\View.php(222): CodeIgniter\View\View->CodeIgniter\View\{closure}()
#1 C:\xampp\htdocs\kasir\vendor\codeigniter4\framework\system\Common.php(1217): CodeIgniter\View\View->render('admin/home', Array, true)
#2 C:\xampp\htdocs\kasir\app\Controllers\Dashboard.php(17): view('admin/home', Array)
#3 C:\xampp\htdocs\kasir\vendor\codeigniter4\framework\system\CodeIgniter.php(936): App\Controllers\Dashboard->index()
#4 C:\xampp\htdocs\kasir\vendor\codeigniter4\framework\system\CodeIgniter.php(432): CodeIgniter\CodeIgniter->runController(Object(App\Controllers\Dashboard))
#5 C:\xampp\htdocs\kasir\vendor\codeigniter4\framework\system\CodeIgniter.php(333): CodeIgniter\CodeIgniter->handleRequest(NULL, Object(Config\Cache), false)
#6 C:\xampp\htdocs\kasir\public\index.php(44): CodeIgniter\CodeIgniter->run()
#7 C:\xampp\htdocs\kasir\vendor\codeigniter4\framework\system\Commands\Server\rewrite.php(45): require_once('C:\\xampp\\htdocs...')
#8 {main}
CRITICAL - 2021-05-02 03:43:46 --> syntax error, unexpected token "}", expecting "," or ";"
#0 C:\xampp\htdocs\kasir\vendor\codeigniter4\framework\system\View\View.php(222): CodeIgniter\View\View->CodeIgniter\View\{closure}()
#1 C:\xampp\htdocs\kasir\vendor\codeigniter4\framework\system\Common.php(1217): CodeIgniter\View\View->render('admin/home', Array, true)
#2 C:\xampp\htdocs\kasir\app\Controllers\Dashboard.php(17): view('admin/home', Array)
#3 C:\xampp\htdocs\kasir\vendor\codeigniter4\framework\system\CodeIgniter.php(936): App\Controllers\Dashboard->index()
#4 C:\xampp\htdocs\kasir\vendor\codeigniter4\framework\system\CodeIgniter.php(432): CodeIgniter\CodeIgniter->runController(Object(App\Controllers\Dashboard))
#5 C:\xampp\htdocs\kasir\vendor\codeigniter4\framework\system\CodeIgniter.php(333): CodeIgniter\CodeIgniter->handleRequest(NULL, Object(Config\Cache), false)
#6 C:\xampp\htdocs\kasir\public\index.php(44): CodeIgniter\CodeIgniter->run()
#7 C:\xampp\htdocs\kasir\vendor\codeigniter4\framework\system\Commands\Server\rewrite.php(45): require_once('C:\\xampp\\htdocs...')
#8 {main}
CRITICAL - 2021-05-02 03:43:47 --> syntax error, unexpected token "}", expecting "," or ";"
#0 C:\xampp\htdocs\kasir\vendor\codeigniter4\framework\system\View\View.php(222): CodeIgniter\View\View->CodeIgniter\View\{closure}()
#1 C:\xampp\htdocs\kasir\vendor\codeigniter4\framework\system\Common.php(1217): CodeIgniter\View\View->render('admin/home', Array, true)
#2 C:\xampp\htdocs\kasir\app\Controllers\Dashboard.php(17): view('admin/home', Array)
#3 C:\xampp\htdocs\kasir\vendor\codeigniter4\framework\system\CodeIgniter.php(936): App\Controllers\Dashboard->index()
#4 C:\xampp\htdocs\kasir\vendor\codeigniter4\framework\system\CodeIgniter.php(432): CodeIgniter\CodeIgniter->runController(Object(App\Controllers\Dashboard))
#5 C:\xampp\htdocs\kasir\vendor\codeigniter4\framework\system\CodeIgniter.php(333): CodeIgniter\CodeIgniter->handleRequest(NULL, Object(Config\Cache), false)
#6 C:\xampp\htdocs\kasir\public\index.php(44): CodeIgniter\CodeIgniter->run()
#7 C:\xampp\htdocs\kasir\vendor\codeigniter4\framework\system\Commands\Server\rewrite.php(45): require_once('C:\\xampp\\htdocs...')
#8 {main}
CRITICAL - 2021-05-02 15:33:43 --> Undefined constant "raw"
#0 C:\xampp\htdocs\kasir\vendor\codeigniter4\framework\system\View\View.php(220): include()
#1 C:\xampp\htdocs\kasir\vendor\codeigniter4\framework\system\View\View.php(222): CodeIgniter\View\View->CodeIgniter\View\{closure}()
#2 C:\xampp\htdocs\kasir\vendor\codeigniter4\framework\system\Common.php(1217): CodeIgniter\View\View->render('admin/pegawai', Array, true)
#3 C:\xampp\htdocs\kasir\app\Controllers\Admin.php(751): view('admin/pegawai', Array)
#4 C:\xampp\htdocs\kasir\vendor\codeigniter4\framework\system\CodeIgniter.php(936): App\Controllers\Admin->pegawai()
#5 C:\xampp\htdocs\kasir\vendor\codeigniter4\framework\system\CodeIgniter.php(432): CodeIgniter\CodeIgniter->runController(Object(App\Controllers\Admin))
#6 C:\xampp\htdocs\kasir\vendor\codeigniter4\framework\system\CodeIgniter.php(333): CodeIgniter\CodeIgniter->handleRequest(NULL, Object(Config\Cache), false)
#7 C:\xampp\htdocs\kasir\public\index.php(44): CodeIgniter\CodeIgniter->run()
#8 C:\xampp\htdocs\kasir\vendor\codeigniter4\framework\system\Commands\Server\rewrite.php(45): require_once('C:\\xampp\\htdocs...')
#9 {main}
CRITICAL - 2021-05-02 15:33:51 --> Undefined constant "raw"
#0 C:\xampp\htdocs\kasir\vendor\codeigniter4\framework\system\View\View.php(220): include()
#1 C:\xampp\htdocs\kasir\vendor\codeigniter4\framework\system\View\View.php(222): CodeIgniter\View\View->CodeIgniter\View\{closure}()
#2 C:\xampp\htdocs\kasir\vendor\codeigniter4\framework\system\Common.php(1217): CodeIgniter\View\View->render('admin/pegawai', Array, true)
#3 C:\xampp\htdocs\kasir\app\Controllers\Admin.php(751): view('admin/pegawai', Array)
#4 C:\xampp\htdocs\kasir\vendor\codeigniter4\framework\system\CodeIgniter.php(936): App\Controllers\Admin->pegawai()
#5 C:\xampp\htdocs\kasir\vendor\codeigniter4\framework\system\CodeIgniter.php(432): CodeIgniter\CodeIgniter->runController(Object(App\Controllers\Admin))
#6 C:\xampp\htdocs\kasir\vendor\codeigniter4\framework\system\CodeIgniter.php(333): CodeIgniter\CodeIgniter->handleRequest(NULL, Object(Config\Cache), false)
#7 C:\xampp\htdocs\kasir\public\index.php(44): CodeIgniter\CodeIgniter->run()
#8 C:\xampp\htdocs\kasir\vendor\codeigniter4\framework\system\Commands\Server\rewrite.php(45): require_once('C:\\xampp\\htdocs...')
#9 {main}
