CRITICAL - 2021-05-27 11:42:37 --> syntax error, unexpected variable "$this", expecting "function" or "const"
#0 C:\xampp\htdocs\kasir\vendor\codeigniter4\framework\system\Router\Router.php(170): CodeIgniter\Router\Router->autoRoute('transaksi/trans...')
#1 C:\xampp\htdocs\kasir\vendor\codeigniter4\framework\system\CodeIgniter.php(816): CodeIgniter\Router\Router->handle('transaksi/trans...')
#2 C:\xampp\htdocs\kasir\vendor\codeigniter4\framework\system\CodeIgniter.php(385): CodeIgniter\CodeIgniter->tryToRouteIt(Object(CodeIgniter\Router\RouteCollection))
#3 C:\xampp\htdocs\kasir\vendor\codeigniter4\framework\system\CodeIgniter.php(333): CodeIgniter\CodeIgniter->handleRequest(NULL, Object(Config\Cache), false)
#4 C:\xampp\htdocs\kasir\public\index.php(44): CodeIgniter\CodeIgniter->run()
#5 C:\xampp\htdocs\kasir\vendor\codeigniter4\framework\system\Commands\Server\rewrite.php(45): require_once('C:\\xampp\\htdocs...')
#6 {main}
CRITICAL - 2021-05-27 11:46:10 --> Undefined variable $data2
#0 C:\xampp\htdocs\kasir\app\Controllers\Transaksi.php(56): CodeIgniter\Debug\Exceptions->errorHandler(2, 'Undefined varia...', 'C:\\xampp\\htdocs...', 56)
#1 C:\xampp\htdocs\kasir\vendor\codeigniter4\framework\system\CodeIgniter.php(936): App\Controllers\Transaksi->tambahbarang()
#2 C:\xampp\htdocs\kasir\vendor\codeigniter4\framework\system\CodeIgniter.php(432): CodeIgniter\CodeIgniter->runController(Object(App\Controllers\Transaksi))
#3 C:\xampp\htdocs\kasir\vendor\codeigniter4\framework\system\CodeIgniter.php(333): CodeIgniter\CodeIgniter->handleRequest(NULL, Object(Config\Cache), false)
#4 C:\xampp\htdocs\kasir\public\index.php(44): CodeIgniter\CodeIgniter->run()
#5 C:\xampp\htdocs\kasir\vendor\codeigniter4\framework\system\Commands\Server\rewrite.php(45): require_once('C:\\xampp\\htdocs...')
#6 {main}
CRITICAL - 2021-05-27 11:48:33 --> Call to a member function findAll() on null
#0 C:\xampp\htdocs\kasir\vendor\codeigniter4\framework\system\CodeIgniter.php(936): App\Controllers\Transaksi->transaksi()
#1 C:\xampp\htdocs\kasir\vendor\codeigniter4\framework\system\CodeIgniter.php(432): CodeIgniter\CodeIgniter->runController(Object(App\Controllers\Transaksi))
#2 C:\xampp\htdocs\kasir\vendor\codeigniter4\framework\system\CodeIgniter.php(333): CodeIgniter\CodeIgniter->handleRequest(NULL, Object(Config\Cache), false)
#3 C:\xampp\htdocs\kasir\public\index.php(44): CodeIgniter\CodeIgniter->run()
#4 C:\xampp\htdocs\kasir\vendor\codeigniter4\framework\system\Commands\Server\rewrite.php(45): require_once('C:\\xampp\\htdocs...')
#5 {main}
CRITICAL - 2021-05-27 11:48:40 --> Call to a member function findAll() on null
#0 C:\xampp\htdocs\kasir\vendor\codeigniter4\framework\system\CodeIgniter.php(936): App\Controllers\Transaksi->transaksi()
#1 C:\xampp\htdocs\kasir\vendor\codeigniter4\framework\system\CodeIgniter.php(432): CodeIgniter\CodeIgniter->runController(Object(App\Controllers\Transaksi))
#2 C:\xampp\htdocs\kasir\vendor\codeigniter4\framework\system\CodeIgniter.php(333): CodeIgniter\CodeIgniter->handleRequest(NULL, Object(Config\Cache), false)
#3 C:\xampp\htdocs\kasir\public\index.php(44): CodeIgniter\CodeIgniter->run()
#4 C:\xampp\htdocs\kasir\vendor\codeigniter4\framework\system\Commands\Server\rewrite.php(45): require_once('C:\\xampp\\htdocs...')
#5 {main}
CRITICAL - 2021-05-27 11:48:41 --> Call to a member function findAll() on null
#0 C:\xampp\htdocs\kasir\vendor\codeigniter4\framework\system\CodeIgniter.php(936): App\Controllers\Transaksi->transaksi()
#1 C:\xampp\htdocs\kasir\vendor\codeigniter4\framework\system\CodeIgniter.php(432): CodeIgniter\CodeIgniter->runController(Object(App\Controllers\Transaksi))
#2 C:\xampp\htdocs\kasir\vendor\codeigniter4\framework\system\CodeIgniter.php(333): CodeIgniter\CodeIgniter->handleRequest(NULL, Object(Config\Cache), false)
#3 C:\xampp\htdocs\kasir\public\index.php(44): CodeIgniter\CodeIgniter->run()
#4 C:\xampp\htdocs\kasir\vendor\codeigniter4\framework\system\Commands\Server\rewrite.php(45): require_once('C:\\xampp\\htdocs...')
#5 {main}
CRITICAL - 2021-05-27 11:49:18 --> Call to a member function generatenewidTempTransaksi() on null
#0 C:\xampp\htdocs\kasir\vendor\codeigniter4\framework\system\CodeIgniter.php(936): App\Controllers\Transaksi->tambahbarang()
#1 C:\xampp\htdocs\kasir\vendor\codeigniter4\framework\system\CodeIgniter.php(432): CodeIgniter\CodeIgniter->runController(Object(App\Controllers\Transaksi))
#2 C:\xampp\htdocs\kasir\vendor\codeigniter4\framework\system\CodeIgniter.php(333): CodeIgniter\CodeIgniter->handleRequest(NULL, Object(Config\Cache), false)
#3 C:\xampp\htdocs\kasir\public\index.php(44): CodeIgniter\CodeIgniter->run()
#4 C:\xampp\htdocs\kasir\vendor\codeigniter4\framework\system\Commands\Server\rewrite.php(45): require_once('C:\\xampp\\htdocs...')
#5 {main}
CRITICAL - 2021-05-27 11:49:45 --> Call to a member function save() on null
#0 C:\xampp\htdocs\kasir\vendor\codeigniter4\framework\system\CodeIgniter.php(936): App\Controllers\Transaksi->tambahbarang()
#1 C:\xampp\htdocs\kasir\vendor\codeigniter4\framework\system\CodeIgniter.php(432): CodeIgniter\CodeIgniter->runController(Object(App\Controllers\Transaksi))
#2 C:\xampp\htdocs\kasir\vendor\codeigniter4\framework\system\CodeIgniter.php(333): CodeIgniter\CodeIgniter->handleRequest(NULL, Object(Config\Cache), false)
#3 C:\xampp\htdocs\kasir\public\index.php(44): CodeIgniter\CodeIgniter->run()
#4 C:\xampp\htdocs\kasir\vendor\codeigniter4\framework\system\Commands\Server\rewrite.php(45): require_once('C:\\xampp\\htdocs...')
#5 {main}
CRITICAL - 2021-05-27 12:40:13 --> Undefined variable $builder
#0 C:\xampp\htdocs\kasir\app\Controllers\DetailTransaksi.php(32): CodeIgniter\Debug\Exceptions->errorHandler(2, 'Undefined varia...', 'C:\\xampp\\htdocs...', 32)
#1 C:\xampp\htdocs\kasir\vendor\codeigniter4\framework\system\CodeIgniter.php(936): App\Controllers\DetailTransaksi->countTotal()
#2 C:\xampp\htdocs\kasir\vendor\codeigniter4\framework\system\CodeIgniter.php(432): CodeIgniter\CodeIgniter->runController(Object(App\Controllers\DetailTransaksi))
#3 C:\xampp\htdocs\kasir\vendor\codeigniter4\framework\system\CodeIgniter.php(333): CodeIgniter\CodeIgniter->handleRequest(NULL, Object(Config\Cache), false)
#4 C:\xampp\htdocs\kasir\public\index.php(44): CodeIgniter\CodeIgniter->run()
#5 C:\xampp\htdocs\kasir\vendor\codeigniter4\framework\system\Commands\Server\rewrite.php(45): require_once('C:\\xampp\\htdocs...')
#6 {main}
CRITICAL - 2021-05-27 12:40:32 --> Undefined property: App\Controllers\DetailTransaksi::$db
#0 C:\xampp\htdocs\kasir\app\Controllers\DetailTransaksi.php(33): CodeIgniter\Debug\Exceptions->errorHandler(2, 'Undefined prope...', 'C:\\xampp\\htdocs...', 33)
#1 C:\xampp\htdocs\kasir\vendor\codeigniter4\framework\system\CodeIgniter.php(936): App\Controllers\DetailTransaksi->countTotal()
#2 C:\xampp\htdocs\kasir\vendor\codeigniter4\framework\system\CodeIgniter.php(432): CodeIgniter\CodeIgniter->runController(Object(App\Controllers\DetailTransaksi))
#3 C:\xampp\htdocs\kasir\vendor\codeigniter4\framework\system\CodeIgniter.php(333): CodeIgniter\CodeIgniter->handleRequest(NULL, Object(Config\Cache), false)
#4 C:\xampp\htdocs\kasir\public\index.php(44): CodeIgniter\CodeIgniter->run()
#5 C:\xampp\htdocs\kasir\vendor\codeigniter4\framework\system\Commands\Server\rewrite.php(45): require_once('C:\\xampp\\htdocs...')
#6 {main}
CRITICAL - 2021-05-27 12:40:33 --> Undefined property: App\Controllers\DetailTransaksi::$db
#0 C:\xampp\htdocs\kasir\app\Controllers\DetailTransaksi.php(33): CodeIgniter\Debug\Exceptions->errorHandler(2, 'Undefined prope...', 'C:\\xampp\\htdocs...', 33)
#1 C:\xampp\htdocs\kasir\vendor\codeigniter4\framework\system\CodeIgniter.php(936): App\Controllers\DetailTransaksi->countTotal()
#2 C:\xampp\htdocs\kasir\vendor\codeigniter4\framework\system\CodeIgniter.php(432): CodeIgniter\CodeIgniter->runController(Object(App\Controllers\DetailTransaksi))
#3 C:\xampp\htdocs\kasir\vendor\codeigniter4\framework\system\CodeIgniter.php(333): CodeIgniter\CodeIgniter->handleRequest(NULL, Object(Config\Cache), false)
#4 C:\xampp\htdocs\kasir\public\index.php(44): CodeIgniter\CodeIgniter->run()
#5 C:\xampp\htdocs\kasir\vendor\codeigniter4\framework\system\Commands\Server\rewrite.php(45): require_once('C:\\xampp\\htdocs...')
#6 {main}
CRITICAL - 2021-05-27 12:41:03 --> Call to undefined method CodeIgniter\Database\MySQLi\Connection::get()
#0 C:\xampp\htdocs\kasir\vendor\codeigniter4\framework\system\CodeIgniter.php(936): App\Controllers\DetailTransaksi->countTotal()
#1 C:\xampp\htdocs\kasir\vendor\codeigniter4\framework\system\CodeIgniter.php(432): CodeIgniter\CodeIgniter->runController(Object(App\Controllers\DetailTransaksi))
#2 C:\xampp\htdocs\kasir\vendor\codeigniter4\framework\system\CodeIgniter.php(333): CodeIgniter\CodeIgniter->handleRequest(NULL, Object(Config\Cache), false)
#3 C:\xampp\htdocs\kasir\public\index.php(44): CodeIgniter\CodeIgniter->run()
#4 C:\xampp\htdocs\kasir\vendor\codeigniter4\framework\system\Commands\Server\rewrite.php(45): require_once('C:\\xampp\\htdocs...')
#5 {main}
CRITICAL - 2021-05-27 12:41:06 --> Call to undefined method CodeIgniter\Database\MySQLi\Connection::get()
#0 C:\xampp\htdocs\kasir\vendor\codeigniter4\framework\system\CodeIgniter.php(936): App\Controllers\DetailTransaksi->countTotal()
#1 C:\xampp\htdocs\kasir\vendor\codeigniter4\framework\system\CodeIgniter.php(432): CodeIgniter\CodeIgniter->runController(Object(App\Controllers\DetailTransaksi))
#2 C:\xampp\htdocs\kasir\vendor\codeigniter4\framework\system\CodeIgniter.php(333): CodeIgniter\CodeIgniter->handleRequest(NULL, Object(Config\Cache), false)
#3 C:\xampp\htdocs\kasir\public\index.php(44): CodeIgniter\CodeIgniter->run()
#4 C:\xampp\htdocs\kasir\vendor\codeigniter4\framework\system\Commands\Server\rewrite.php(45): require_once('C:\\xampp\\htdocs...')
#5 {main}
CRITICAL - 2021-05-27 12:41:07 --> Call to undefined method CodeIgniter\Database\MySQLi\Connection::get()
#0 C:\xampp\htdocs\kasir\vendor\codeigniter4\framework\system\CodeIgniter.php(936): App\Controllers\DetailTransaksi->countTotal()
#1 C:\xampp\htdocs\kasir\vendor\codeigniter4\framework\system\CodeIgniter.php(432): CodeIgniter\CodeIgniter->runController(Object(App\Controllers\DetailTransaksi))
#2 C:\xampp\htdocs\kasir\vendor\codeigniter4\framework\system\CodeIgniter.php(333): CodeIgniter\CodeIgniter->handleRequest(NULL, Object(Config\Cache), false)
#3 C:\xampp\htdocs\kasir\public\index.php(44): CodeIgniter\CodeIgniter->run()
#4 C:\xampp\htdocs\kasir\vendor\codeigniter4\framework\system\Commands\Server\rewrite.php(45): require_once('C:\\xampp\\htdocs...')
#5 {main}
CRITICAL - 2021-05-27 12:42:02 --> Call to undefined method CodeIgniter\Database\MySQLi\Connection::get()
#0 C:\xampp\htdocs\kasir\vendor\codeigniter4\framework\system\CodeIgniter.php(936): App\Controllers\DetailTransaksi->countTotal()
#1 C:\xampp\htdocs\kasir\vendor\codeigniter4\framework\system\CodeIgniter.php(432): CodeIgniter\CodeIgniter->runController(Object(App\Controllers\DetailTransaksi))
#2 C:\xampp\htdocs\kasir\vendor\codeigniter4\framework\system\CodeIgniter.php(333): CodeIgniter\CodeIgniter->handleRequest(NULL, Object(Config\Cache), false)
#3 C:\xampp\htdocs\kasir\public\index.php(44): CodeIgniter\CodeIgniter->run()
#4 C:\xampp\htdocs\kasir\vendor\codeigniter4\framework\system\Commands\Server\rewrite.php(45): require_once('C:\\xampp\\htdocs...')
#5 {main}
CRITICAL - 2021-05-27 12:44:40 --> Call to undefined method CodeIgniter\Database\MySQLi\Builder::result()
#0 C:\xampp\htdocs\kasir\vendor\codeigniter4\framework\system\CodeIgniter.php(936): App\Controllers\DetailTransaksi->countTotal()
#1 C:\xampp\htdocs\kasir\vendor\codeigniter4\framework\system\CodeIgniter.php(432): CodeIgniter\CodeIgniter->runController(Object(App\Controllers\DetailTransaksi))
#2 C:\xampp\htdocs\kasir\vendor\codeigniter4\framework\system\CodeIgniter.php(333): CodeIgniter\CodeIgniter->handleRequest(NULL, Object(Config\Cache), false)
#3 C:\xampp\htdocs\kasir\public\index.php(44): CodeIgniter\CodeIgniter->run()
#4 C:\xampp\htdocs\kasir\vendor\codeigniter4\framework\system\Commands\Server\rewrite.php(45): require_once('C:\\xampp\\htdocs...')
#5 {main}
CRITICAL - 2021-05-27 12:46:09 --> Call to undefined method CodeIgniter\Database\MySQLi\Connection::get()
#0 C:\xampp\htdocs\kasir\vendor\codeigniter4\framework\system\CodeIgniter.php(936): App\Controllers\DetailTransaksi->countTotal()
#1 C:\xampp\htdocs\kasir\vendor\codeigniter4\framework\system\CodeIgniter.php(432): CodeIgniter\CodeIgniter->runController(Object(App\Controllers\DetailTransaksi))
#2 C:\xampp\htdocs\kasir\vendor\codeigniter4\framework\system\CodeIgniter.php(333): CodeIgniter\CodeIgniter->handleRequest(NULL, Object(Config\Cache), false)
#3 C:\xampp\htdocs\kasir\public\index.php(44): CodeIgniter\CodeIgniter->run()
#4 C:\xampp\htdocs\kasir\vendor\codeigniter4\framework\system\Commands\Server\rewrite.php(45): require_once('C:\\xampp\\htdocs...')
#5 {main}
CRITICAL - 2021-05-27 12:46:21 --> Call to undefined method CodeIgniter\Database\MySQLi\Builder::result()
#0 C:\xampp\htdocs\kasir\vendor\codeigniter4\framework\system\CodeIgniter.php(936): App\Controllers\DetailTransaksi->countTotal()
#1 C:\xampp\htdocs\kasir\vendor\codeigniter4\framework\system\CodeIgniter.php(432): CodeIgniter\CodeIgniter->runController(Object(App\Controllers\DetailTransaksi))
#2 C:\xampp\htdocs\kasir\vendor\codeigniter4\framework\system\CodeIgniter.php(333): CodeIgniter\CodeIgniter->handleRequest(NULL, Object(Config\Cache), false)
#3 C:\xampp\htdocs\kasir\public\index.php(44): CodeIgniter\CodeIgniter->run()
#4 C:\xampp\htdocs\kasir\vendor\codeigniter4\framework\system\Commands\Server\rewrite.php(45): require_once('C:\\xampp\\htdocs...')
#5 {main}
CRITICAL - 2021-05-27 12:48:22 --> Undefined variable $db
#0 C:\xampp\htdocs\kasir\app\Controllers\DetailTransaksi.php(37): CodeIgniter\Debug\Exceptions->errorHandler(2, 'Undefined varia...', 'C:\\xampp\\htdocs...', 37)
#1 C:\xampp\htdocs\kasir\vendor\codeigniter4\framework\system\CodeIgniter.php(936): App\Controllers\DetailTransaksi->countTotal()
#2 C:\xampp\htdocs\kasir\vendor\codeigniter4\framework\system\CodeIgniter.php(432): CodeIgniter\CodeIgniter->runController(Object(App\Controllers\DetailTransaksi))
#3 C:\xampp\htdocs\kasir\vendor\codeigniter4\framework\system\CodeIgniter.php(333): CodeIgniter\CodeIgniter->handleRequest(NULL, Object(Config\Cache), false)
#4 C:\xampp\htdocs\kasir\public\index.php(44): CodeIgniter\CodeIgniter->run()
#5 C:\xampp\htdocs\kasir\vendor\codeigniter4\framework\system\Commands\Server\rewrite.php(45): require_once('C:\\xampp\\htdocs...')
#6 {main}
CRITICAL - 2021-05-27 12:50:30 --> Undefined variable $db
#0 C:\xampp\htdocs\kasir\app\Controllers\DetailTransaksi.php(37): CodeIgniter\Debug\Exceptions->errorHandler(2, 'Undefined varia...', 'C:\\xampp\\htdocs...', 37)
#1 C:\xampp\htdocs\kasir\vendor\codeigniter4\framework\system\CodeIgniter.php(936): App\Controllers\DetailTransaksi->countTotal()
#2 C:\xampp\htdocs\kasir\vendor\codeigniter4\framework\system\CodeIgniter.php(432): CodeIgniter\CodeIgniter->runController(Object(App\Controllers\DetailTransaksi))
#3 C:\xampp\htdocs\kasir\vendor\codeigniter4\framework\system\CodeIgniter.php(333): CodeIgniter\CodeIgniter->handleRequest(NULL, Object(Config\Cache), false)
#4 C:\xampp\htdocs\kasir\public\index.php(44): CodeIgniter\CodeIgniter->run()
#5 C:\xampp\htdocs\kasir\vendor\codeigniter4\framework\system\Commands\Server\rewrite.php(45): require_once('C:\\xampp\\htdocs...')
#6 {main}
CRITICAL - 2021-05-27 12:53:21 --> Undefined property: stdClass::$total_harga
#0 C:\xampp\htdocs\kasir\app\Controllers\DetailTransaksi.php(40): CodeIgniter\Debug\Exceptions->errorHandler(2, 'Undefined prope...', 'C:\\xampp\\htdocs...', 40)
#1 C:\xampp\htdocs\kasir\vendor\codeigniter4\framework\system\CodeIgniter.php(936): App\Controllers\DetailTransaksi->countTotal()
#2 C:\xampp\htdocs\kasir\vendor\codeigniter4\framework\system\CodeIgniter.php(432): CodeIgniter\CodeIgniter->runController(Object(App\Controllers\DetailTransaksi))
#3 C:\xampp\htdocs\kasir\vendor\codeigniter4\framework\system\CodeIgniter.php(333): CodeIgniter\CodeIgniter->handleRequest(NULL, Object(Config\Cache), false)
#4 C:\xampp\htdocs\kasir\public\index.php(44): CodeIgniter\CodeIgniter->run()
#5 C:\xampp\htdocs\kasir\vendor\codeigniter4\framework\system\Commands\Server\rewrite.php(45): require_once('C:\\xampp\\htdocs...')
#6 {main}
CRITICAL - 2021-05-27 12:59:17 --> number_format(): Argument #1 ($num) must be of type float, array given
#0 C:\xampp\htdocs\kasir\app\Views\transaksi\transaksi.php(195): number_format(Array, 2, ',', '.')
#1 C:\xampp\htdocs\kasir\vendor\codeigniter4\framework\system\View\View.php(220): include('C:\\xampp\\htdocs...')
#2 C:\xampp\htdocs\kasir\vendor\codeigniter4\framework\system\View\View.php(222): CodeIgniter\View\View->CodeIgniter\View\{closure}()
#3 C:\xampp\htdocs\kasir\vendor\codeigniter4\framework\system\Common.php(1217): CodeIgniter\View\View->render('transaksi/trans...', Array, true)
#4 C:\xampp\htdocs\kasir\app\Controllers\Transaksi.php(58): view('transaksi/trans...', Array)
#5 C:\xampp\htdocs\kasir\vendor\codeigniter4\framework\system\CodeIgniter.php(936): App\Controllers\Transaksi->transaksi()
#6 C:\xampp\htdocs\kasir\vendor\codeigniter4\framework\system\CodeIgniter.php(432): CodeIgniter\CodeIgniter->runController(Object(App\Controllers\Transaksi))
#7 C:\xampp\htdocs\kasir\vendor\codeigniter4\framework\system\CodeIgniter.php(333): CodeIgniter\CodeIgniter->handleRequest(NULL, Object(Config\Cache), false)
#8 C:\xampp\htdocs\kasir\public\index.php(44): CodeIgniter\CodeIgniter->run()
#9 C:\xampp\htdocs\kasir\vendor\codeigniter4\framework\system\Commands\Server\rewrite.php(45): require_once('C:\\xampp\\htdocs...')
#10 {main}
CRITICAL - 2021-05-27 12:59:50 --> Array to string conversion
#0 C:\xampp\htdocs\kasir\app\Views\transaksi\transaksi.php(196): CodeIgniter\Debug\Exceptions->errorHandler(2, 'Array to string...', 'C:\\xampp\\htdocs...', 196)
#1 C:\xampp\htdocs\kasir\vendor\codeigniter4\framework\system\View\View.php(220): include('C:\\xampp\\htdocs...')
#2 C:\xampp\htdocs\kasir\vendor\codeigniter4\framework\system\View\View.php(222): CodeIgniter\View\View->CodeIgniter\View\{closure}()
#3 C:\xampp\htdocs\kasir\vendor\codeigniter4\framework\system\Common.php(1217): CodeIgniter\View\View->render('transaksi/trans...', Array, true)
#4 C:\xampp\htdocs\kasir\app\Controllers\Transaksi.php(58): view('transaksi/trans...', Array)
#5 C:\xampp\htdocs\kasir\vendor\codeigniter4\framework\system\CodeIgniter.php(936): App\Controllers\Transaksi->transaksi()
#6 C:\xampp\htdocs\kasir\vendor\codeigniter4\framework\system\CodeIgniter.php(432): CodeIgniter\CodeIgniter->runController(Object(App\Controllers\Transaksi))
#7 C:\xampp\htdocs\kasir\vendor\codeigniter4\framework\system\CodeIgniter.php(333): CodeIgniter\CodeIgniter->handleRequest(NULL, Object(Config\Cache), false)
#8 C:\xampp\htdocs\kasir\public\index.php(44): CodeIgniter\CodeIgniter->run()
#9 C:\xampp\htdocs\kasir\vendor\codeigniter4\framework\system\Commands\Server\rewrite.php(45): require_once('C:\\xampp\\htdocs...')
#10 {main}
CRITICAL - 2021-05-27 13:00:23 --> Array to string conversion
#0 C:\xampp\htdocs\kasir\app\Views\transaksi\transaksi.php(196): CodeIgniter\Debug\Exceptions->errorHandler(2, 'Array to string...', 'C:\\xampp\\htdocs...', 196)
#1 C:\xampp\htdocs\kasir\vendor\codeigniter4\framework\system\View\View.php(220): include('C:\\xampp\\htdocs...')
#2 C:\xampp\htdocs\kasir\vendor\codeigniter4\framework\system\View\View.php(222): CodeIgniter\View\View->CodeIgniter\View\{closure}()
#3 C:\xampp\htdocs\kasir\vendor\codeigniter4\framework\system\Common.php(1217): CodeIgniter\View\View->render('transaksi/trans...', Array, true)
#4 C:\xampp\htdocs\kasir\app\Controllers\Transaksi.php(58): view('transaksi/trans...', Array)
#5 C:\xampp\htdocs\kasir\vendor\codeigniter4\framework\system\CodeIgniter.php(936): App\Controllers\Transaksi->transaksi()
#6 C:\xampp\htdocs\kasir\vendor\codeigniter4\framework\system\CodeIgniter.php(432): CodeIgniter\CodeIgniter->runController(Object(App\Controllers\Transaksi))
#7 C:\xampp\htdocs\kasir\vendor\codeigniter4\framework\system\CodeIgniter.php(333): CodeIgniter\CodeIgniter->handleRequest(NULL, Object(Config\Cache), false)
#8 C:\xampp\htdocs\kasir\public\index.php(44): CodeIgniter\CodeIgniter->run()
#9 C:\xampp\htdocs\kasir\vendor\codeigniter4\framework\system\Commands\Server\rewrite.php(45): require_once('C:\\xampp\\htdocs...')
#10 {main}
CRITICAL - 2021-05-27 13:00:28 --> Array to string conversion
#0 C:\xampp\htdocs\kasir\app\Views\transaksi\transaksi.php(196): CodeIgniter\Debug\Exceptions->errorHandler(2, 'Array to string...', 'C:\\xampp\\htdocs...', 196)
#1 C:\xampp\htdocs\kasir\vendor\codeigniter4\framework\system\View\View.php(220): include('C:\\xampp\\htdocs...')
#2 C:\xampp\htdocs\kasir\vendor\codeigniter4\framework\system\View\View.php(222): CodeIgniter\View\View->CodeIgniter\View\{closure}()
#3 C:\xampp\htdocs\kasir\vendor\codeigniter4\framework\system\Common.php(1217): CodeIgniter\View\View->render('transaksi/trans...', Array, true)
#4 C:\xampp\htdocs\kasir\app\Controllers\Transaksi.php(58): view('transaksi/trans...', Array)
#5 C:\xampp\htdocs\kasir\vendor\codeigniter4\framework\system\CodeIgniter.php(936): App\Controllers\Transaksi->transaksi()
#6 C:\xampp\htdocs\kasir\vendor\codeigniter4\framework\system\CodeIgniter.php(432): CodeIgniter\CodeIgniter->runController(Object(App\Controllers\Transaksi))
#7 C:\xampp\htdocs\kasir\vendor\codeigniter4\framework\system\CodeIgniter.php(333): CodeIgniter\CodeIgniter->handleRequest(NULL, Object(Config\Cache), false)
#8 C:\xampp\htdocs\kasir\public\index.php(44): CodeIgniter\CodeIgniter->run()
#9 C:\xampp\htdocs\kasir\vendor\codeigniter4\framework\system\Commands\Server\rewrite.php(45): require_once('C:\\xampp\\htdocs...')
#10 {main}
CRITICAL - 2021-05-27 13:01:39 --> Undefined array key "total"
#0 C:\xampp\htdocs\kasir\app\Views\transaksi\transaksi.php(196): CodeIgniter\Debug\Exceptions->errorHandler(2, 'Undefined array...', 'C:\\xampp\\htdocs...', 196)
#1 C:\xampp\htdocs\kasir\vendor\codeigniter4\framework\system\View\View.php(220): include('C:\\xampp\\htdocs...')
#2 C:\xampp\htdocs\kasir\vendor\codeigniter4\framework\system\View\View.php(222): CodeIgniter\View\View->CodeIgniter\View\{closure}()
#3 C:\xampp\htdocs\kasir\vendor\codeigniter4\framework\system\Common.php(1217): CodeIgniter\View\View->render('transaksi/trans...', Array, true)
#4 C:\xampp\htdocs\kasir\app\Controllers\Transaksi.php(58): view('transaksi/trans...', Array)
#5 C:\xampp\htdocs\kasir\vendor\codeigniter4\framework\system\CodeIgniter.php(936): App\Controllers\Transaksi->transaksi()
#6 C:\xampp\htdocs\kasir\vendor\codeigniter4\framework\system\CodeIgniter.php(432): CodeIgniter\CodeIgniter->runController(Object(App\Controllers\Transaksi))
#7 C:\xampp\htdocs\kasir\vendor\codeigniter4\framework\system\CodeIgniter.php(333): CodeIgniter\CodeIgniter->handleRequest(NULL, Object(Config\Cache), false)
#8 C:\xampp\htdocs\kasir\public\index.php(44): CodeIgniter\CodeIgniter->run()
#9 C:\xampp\htdocs\kasir\vendor\codeigniter4\framework\system\Commands\Server\rewrite.php(45): require_once('C:\\xampp\\htdocs...')
#10 {main}
CRITICAL - 2021-05-27 13:02:57 --> Undefined array key "total"
#0 C:\xampp\htdocs\kasir\app\Views\transaksi\transaksi.php(196): CodeIgniter\Debug\Exceptions->errorHandler(2, 'Undefined array...', 'C:\\xampp\\htdocs...', 196)
#1 C:\xampp\htdocs\kasir\vendor\codeigniter4\framework\system\View\View.php(220): include('C:\\xampp\\htdocs...')
#2 C:\xampp\htdocs\kasir\vendor\codeigniter4\framework\system\View\View.php(222): CodeIgniter\View\View->CodeIgniter\View\{closure}()
#3 C:\xampp\htdocs\kasir\vendor\codeigniter4\framework\system\Common.php(1217): CodeIgniter\View\View->render('transaksi/trans...', Array, true)
#4 C:\xampp\htdocs\kasir\app\Controllers\Transaksi.php(58): view('transaksi/trans...', Array)
#5 C:\xampp\htdocs\kasir\vendor\codeigniter4\framework\system\CodeIgniter.php(936): App\Controllers\Transaksi->transaksi()
#6 C:\xampp\htdocs\kasir\vendor\codeigniter4\framework\system\CodeIgniter.php(432): CodeIgniter\CodeIgniter->runController(Object(App\Controllers\Transaksi))
#7 C:\xampp\htdocs\kasir\vendor\codeigniter4\framework\system\CodeIgniter.php(333): CodeIgniter\CodeIgniter->handleRequest(NULL, Object(Config\Cache), false)
#8 C:\xampp\htdocs\kasir\public\index.php(44): CodeIgniter\CodeIgniter->run()
#9 C:\xampp\htdocs\kasir\vendor\codeigniter4\framework\system\Commands\Server\rewrite.php(45): require_once('C:\\xampp\\htdocs...')
#10 {main}
CRITICAL - 2021-05-27 13:02:58 --> Undefined array key "total"
#0 C:\xampp\htdocs\kasir\app\Views\transaksi\transaksi.php(196): CodeIgniter\Debug\Exceptions->errorHandler(2, 'Undefined array...', 'C:\\xampp\\htdocs...', 196)
#1 C:\xampp\htdocs\kasir\vendor\codeigniter4\framework\system\View\View.php(220): include('C:\\xampp\\htdocs...')
#2 C:\xampp\htdocs\kasir\vendor\codeigniter4\framework\system\View\View.php(222): CodeIgniter\View\View->CodeIgniter\View\{closure}()
#3 C:\xampp\htdocs\kasir\vendor\codeigniter4\framework\system\Common.php(1217): CodeIgniter\View\View->render('transaksi/trans...', Array, true)
#4 C:\xampp\htdocs\kasir\app\Controllers\Transaksi.php(58): view('transaksi/trans...', Array)
#5 C:\xampp\htdocs\kasir\vendor\codeigniter4\framework\system\CodeIgniter.php(936): App\Controllers\Transaksi->transaksi()
#6 C:\xampp\htdocs\kasir\vendor\codeigniter4\framework\system\CodeIgniter.php(432): CodeIgniter\CodeIgniter->runController(Object(App\Controllers\Transaksi))
#7 C:\xampp\htdocs\kasir\vendor\codeigniter4\framework\system\CodeIgniter.php(333): CodeIgniter\CodeIgniter->handleRequest(NULL, Object(Config\Cache), false)
#8 C:\xampp\htdocs\kasir\public\index.php(44): CodeIgniter\CodeIgniter->run()
#9 C:\xampp\htdocs\kasir\vendor\codeigniter4\framework\system\Commands\Server\rewrite.php(45): require_once('C:\\xampp\\htdocs...')
#10 {main}
CRITICAL - 2021-05-27 13:03:17 --> Array to string conversion
#0 C:\xampp\htdocs\kasir\app\Views\transaksi\transaksi.php(196): CodeIgniter\Debug\Exceptions->errorHandler(2, 'Array to string...', 'C:\\xampp\\htdocs...', 196)
#1 C:\xampp\htdocs\kasir\vendor\codeigniter4\framework\system\View\View.php(220): include('C:\\xampp\\htdocs...')
#2 C:\xampp\htdocs\kasir\vendor\codeigniter4\framework\system\View\View.php(222): CodeIgniter\View\View->CodeIgniter\View\{closure}()
#3 C:\xampp\htdocs\kasir\vendor\codeigniter4\framework\system\Common.php(1217): CodeIgniter\View\View->render('transaksi/trans...', Array, true)
#4 C:\xampp\htdocs\kasir\app\Controllers\Transaksi.php(58): view('transaksi/trans...', Array)
#5 C:\xampp\htdocs\kasir\vendor\codeigniter4\framework\system\CodeIgniter.php(936): App\Controllers\Transaksi->transaksi()
#6 C:\xampp\htdocs\kasir\vendor\codeigniter4\framework\system\CodeIgniter.php(432): CodeIgniter\CodeIgniter->runController(Object(App\Controllers\Transaksi))
#7 C:\xampp\htdocs\kasir\vendor\codeigniter4\framework\system\CodeIgniter.php(333): CodeIgniter\CodeIgniter->handleRequest(NULL, Object(Config\Cache), false)
#8 C:\xampp\htdocs\kasir\public\index.php(44): CodeIgniter\CodeIgniter->run()
#9 C:\xampp\htdocs\kasir\vendor\codeigniter4\framework\system\Commands\Server\rewrite.php(45): require_once('C:\\xampp\\htdocs...')
#10 {main}
CRITICAL - 2021-05-27 13:03:18 --> Array to string conversion
#0 C:\xampp\htdocs\kasir\app\Views\transaksi\transaksi.php(196): CodeIgniter\Debug\Exceptions->errorHandler(2, 'Array to string...', 'C:\\xampp\\htdocs...', 196)
#1 C:\xampp\htdocs\kasir\vendor\codeigniter4\framework\system\View\View.php(220): include('C:\\xampp\\htdocs...')
#2 C:\xampp\htdocs\kasir\vendor\codeigniter4\framework\system\View\View.php(222): CodeIgniter\View\View->CodeIgniter\View\{closure}()
#3 C:\xampp\htdocs\kasir\vendor\codeigniter4\framework\system\Common.php(1217): CodeIgniter\View\View->render('transaksi/trans...', Array, true)
#4 C:\xampp\htdocs\kasir\app\Controllers\Transaksi.php(58): view('transaksi/trans...', Array)
#5 C:\xampp\htdocs\kasir\vendor\codeigniter4\framework\system\CodeIgniter.php(936): App\Controllers\Transaksi->transaksi()
#6 C:\xampp\htdocs\kasir\vendor\codeigniter4\framework\system\CodeIgniter.php(432): CodeIgniter\CodeIgniter->runController(Object(App\Controllers\Transaksi))
#7 C:\xampp\htdocs\kasir\vendor\codeigniter4\framework\system\CodeIgniter.php(333): CodeIgniter\CodeIgniter->handleRequest(NULL, Object(Config\Cache), false)
#8 C:\xampp\htdocs\kasir\public\index.php(44): CodeIgniter\CodeIgniter->run()
#9 C:\xampp\htdocs\kasir\vendor\codeigniter4\framework\system\Commands\Server\rewrite.php(45): require_once('C:\\xampp\\htdocs...')
#10 {main}
CRITICAL - 2021-05-27 13:05:26 --> Object of class stdClass could not be converted to string
#0 C:\xampp\htdocs\kasir\app\Models\TempDetailTransaksiModel.php(31): implode(' ', Array)
#1 C:\xampp\htdocs\kasir\app\Controllers\Transaksi.php(47): App\Models\TempDetailTransaksiModel->getTotalBelanja()
#2 C:\xampp\htdocs\kasir\vendor\codeigniter4\framework\system\CodeIgniter.php(936): App\Controllers\Transaksi->transaksi()
#3 C:\xampp\htdocs\kasir\vendor\codeigniter4\framework\system\CodeIgniter.php(432): CodeIgniter\CodeIgniter->runController(Object(App\Controllers\Transaksi))
#4 C:\xampp\htdocs\kasir\vendor\codeigniter4\framework\system\CodeIgniter.php(333): CodeIgniter\CodeIgniter->handleRequest(NULL, Object(Config\Cache), false)
#5 C:\xampp\htdocs\kasir\public\index.php(44): CodeIgniter\CodeIgniter->run()
#6 C:\xampp\htdocs\kasir\vendor\codeigniter4\framework\system\Commands\Server\rewrite.php(45): require_once('C:\\xampp\\htdocs...')
#7 {main}
CRITICAL - 2021-05-27 13:05:27 --> Object of class stdClass could not be converted to string
#0 C:\xampp\htdocs\kasir\app\Models\TempDetailTransaksiModel.php(31): implode(' ', Array)
#1 C:\xampp\htdocs\kasir\app\Controllers\Transaksi.php(47): App\Models\TempDetailTransaksiModel->getTotalBelanja()
#2 C:\xampp\htdocs\kasir\vendor\codeigniter4\framework\system\CodeIgniter.php(936): App\Controllers\Transaksi->transaksi()
#3 C:\xampp\htdocs\kasir\vendor\codeigniter4\framework\system\CodeIgniter.php(432): CodeIgniter\CodeIgniter->runController(Object(App\Controllers\Transaksi))
#4 C:\xampp\htdocs\kasir\vendor\codeigniter4\framework\system\CodeIgniter.php(333): CodeIgniter\CodeIgniter->handleRequest(NULL, Object(Config\Cache), false)
#5 C:\xampp\htdocs\kasir\public\index.php(44): CodeIgniter\CodeIgniter->run()
#6 C:\xampp\htdocs\kasir\vendor\codeigniter4\framework\system\Commands\Server\rewrite.php(45): require_once('C:\\xampp\\htdocs...')
#7 {main}
CRITICAL - 2021-05-27 13:06:31 --> Attempt to read property "total" on array
#0 C:\xampp\htdocs\kasir\app\Models\TempDetailTransaksiModel.php(37): CodeIgniter\Debug\Exceptions->errorHandler(2, 'Attempt to read...', 'C:\\xampp\\htdocs...', 37)
#1 C:\xampp\htdocs\kasir\app\Controllers\Transaksi.php(47): App\Models\TempDetailTransaksiModel->getTotalBelanja()
#2 C:\xampp\htdocs\kasir\vendor\codeigniter4\framework\system\CodeIgniter.php(936): App\Controllers\Transaksi->transaksi()
#3 C:\xampp\htdocs\kasir\vendor\codeigniter4\framework\system\CodeIgniter.php(432): CodeIgniter\CodeIgniter->runController(Object(App\Controllers\Transaksi))
#4 C:\xampp\htdocs\kasir\vendor\codeigniter4\framework\system\CodeIgniter.php(333): CodeIgniter\CodeIgniter->handleRequest(NULL, Object(Config\Cache), false)
#5 C:\xampp\htdocs\kasir\public\index.php(44): CodeIgniter\CodeIgniter->run()
#6 C:\xampp\htdocs\kasir\vendor\codeigniter4\framework\system\Commands\Server\rewrite.php(45): require_once('C:\\xampp\\htdocs...')
#7 {main}
CRITICAL - 2021-05-27 13:08:00 --> Attempt to read property "total" on array
#0 C:\xampp\htdocs\kasir\app\Models\TempDetailTransaksiModel.php(35): CodeIgniter\Debug\Exceptions->errorHandler(2, 'Attempt to read...', 'C:\\xampp\\htdocs...', 35)
#1 C:\xampp\htdocs\kasir\app\Controllers\Transaksi.php(47): App\Models\TempDetailTransaksiModel->getTotalBelanja()
#2 C:\xampp\htdocs\kasir\vendor\codeigniter4\framework\system\CodeIgniter.php(936): App\Controllers\Transaksi->transaksi()
#3 C:\xampp\htdocs\kasir\vendor\codeigniter4\framework\system\CodeIgniter.php(432): CodeIgniter\CodeIgniter->runController(Object(App\Controllers\Transaksi))
#4 C:\xampp\htdocs\kasir\vendor\codeigniter4\framework\system\CodeIgniter.php(333): CodeIgniter\CodeIgniter->handleRequest(NULL, Object(Config\Cache), false)
#5 C:\xampp\htdocs\kasir\public\index.php(44): CodeIgniter\CodeIgniter->run()
#6 C:\xampp\htdocs\kasir\vendor\codeigniter4\framework\system\Commands\Server\rewrite.php(45): require_once('C:\\xampp\\htdocs...')
#7 {main}
CRITICAL - 2021-05-27 13:08:22 --> Attempt to read property "total" on array
#0 C:\xampp\htdocs\kasir\app\Models\TempDetailTransaksiModel.php(35): CodeIgniter\Debug\Exceptions->errorHandler(2, 'Attempt to read...', 'C:\\xampp\\htdocs...', 35)
#1 C:\xampp\htdocs\kasir\app\Controllers\Transaksi.php(47): App\Models\TempDetailTransaksiModel->getTotalBelanja()
#2 C:\xampp\htdocs\kasir\vendor\codeigniter4\framework\system\CodeIgniter.php(936): App\Controllers\Transaksi->transaksi()
#3 C:\xampp\htdocs\kasir\vendor\codeigniter4\framework\system\CodeIgniter.php(432): CodeIgniter\CodeIgniter->runController(Object(App\Controllers\Transaksi))
#4 C:\xampp\htdocs\kasir\vendor\codeigniter4\framework\system\CodeIgniter.php(333): CodeIgniter\CodeIgniter->handleRequest(NULL, Object(Config\Cache), false)
#5 C:\xampp\htdocs\kasir\public\index.php(44): CodeIgniter\CodeIgniter->run()
#6 C:\xampp\htdocs\kasir\vendor\codeigniter4\framework\system\Commands\Server\rewrite.php(45): require_once('C:\\xampp\\htdocs...')
#7 {main}
CRITICAL - 2021-05-27 13:08:28 --> Attempt to read property "total" on array
#0 C:\xampp\htdocs\kasir\app\Models\TempDetailTransaksiModel.php(35): CodeIgniter\Debug\Exceptions->errorHandler(2, 'Attempt to read...', 'C:\\xampp\\htdocs...', 35)
#1 C:\xampp\htdocs\kasir\app\Controllers\Transaksi.php(47): App\Models\TempDetailTransaksiModel->getTotalBelanja()
#2 C:\xampp\htdocs\kasir\vendor\codeigniter4\framework\system\CodeIgniter.php(936): App\Controllers\Transaksi->transaksi()
#3 C:\xampp\htdocs\kasir\vendor\codeigniter4\framework\system\CodeIgniter.php(432): CodeIgniter\CodeIgniter->runController(Object(App\Controllers\Transaksi))
#4 C:\xampp\htdocs\kasir\vendor\codeigniter4\framework\system\CodeIgniter.php(333): CodeIgniter\CodeIgniter->handleRequest(NULL, Object(Config\Cache), false)
#5 C:\xampp\htdocs\kasir\public\index.php(44): CodeIgniter\CodeIgniter->run()
#6 C:\xampp\htdocs\kasir\vendor\codeigniter4\framework\system\Commands\Server\rewrite.php(45): require_once('C:\\xampp\\htdocs...')
#7 {main}
CRITICAL - 2021-05-27 13:08:29 --> Attempt to read property "total" on array
#0 C:\xampp\htdocs\kasir\app\Models\TempDetailTransaksiModel.php(35): CodeIgniter\Debug\Exceptions->errorHandler(2, 'Attempt to read...', 'C:\\xampp\\htdocs...', 35)
#1 C:\xampp\htdocs\kasir\app\Controllers\Transaksi.php(47): App\Models\TempDetailTransaksiModel->getTotalBelanja()
#2 C:\xampp\htdocs\kasir\vendor\codeigniter4\framework\system\CodeIgniter.php(936): App\Controllers\Transaksi->transaksi()
#3 C:\xampp\htdocs\kasir\vendor\codeigniter4\framework\system\CodeIgniter.php(432): CodeIgniter\CodeIgniter->runController(Object(App\Controllers\Transaksi))
#4 C:\xampp\htdocs\kasir\vendor\codeigniter4\framework\system\CodeIgniter.php(333): CodeIgniter\CodeIgniter->handleRequest(NULL, Object(Config\Cache), false)
#5 C:\xampp\htdocs\kasir\public\index.php(44): CodeIgniter\CodeIgniter->run()
#6 C:\xampp\htdocs\kasir\vendor\codeigniter4\framework\system\Commands\Server\rewrite.php(45): require_once('C:\\xampp\\htdocs...')
#7 {main}
CRITICAL - 2021-05-27 13:08:29 --> Attempt to read property "total" on array
#0 C:\xampp\htdocs\kasir\app\Models\TempDetailTransaksiModel.php(35): CodeIgniter\Debug\Exceptions->errorHandler(2, 'Attempt to read...', 'C:\\xampp\\htdocs...', 35)
#1 C:\xampp\htdocs\kasir\app\Controllers\Transaksi.php(47): App\Models\TempDetailTransaksiModel->getTotalBelanja()
#2 C:\xampp\htdocs\kasir\vendor\codeigniter4\framework\system\CodeIgniter.php(936): App\Controllers\Transaksi->transaksi()
#3 C:\xampp\htdocs\kasir\vendor\codeigniter4\framework\system\CodeIgniter.php(432): CodeIgniter\CodeIgniter->runController(Object(App\Controllers\Transaksi))
#4 C:\xampp\htdocs\kasir\vendor\codeigniter4\framework\system\CodeIgniter.php(333): CodeIgniter\CodeIgniter->handleRequest(NULL, Object(Config\Cache), false)
#5 C:\xampp\htdocs\kasir\public\index.php(44): CodeIgniter\CodeIgniter->run()
#6 C:\xampp\htdocs\kasir\vendor\codeigniter4\framework\system\Commands\Server\rewrite.php(45): require_once('C:\\xampp\\htdocs...')
#7 {main}
CRITICAL - 2021-05-27 13:11:51 --> Call to undefined function App\Models\mysql_fetch_array()
#0 C:\xampp\htdocs\kasir\app\Controllers\Transaksi.php(47): App\Models\TempDetailTransaksiModel->getTotalBelanja()
#1 C:\xampp\htdocs\kasir\vendor\codeigniter4\framework\system\CodeIgniter.php(936): App\Controllers\Transaksi->transaksi()
#2 C:\xampp\htdocs\kasir\vendor\codeigniter4\framework\system\CodeIgniter.php(432): CodeIgniter\CodeIgniter->runController(Object(App\Controllers\Transaksi))
#3 C:\xampp\htdocs\kasir\vendor\codeigniter4\framework\system\CodeIgniter.php(333): CodeIgniter\CodeIgniter->handleRequest(NULL, Object(Config\Cache), false)
#4 C:\xampp\htdocs\kasir\public\index.php(44): CodeIgniter\CodeIgniter->run()
#5 C:\xampp\htdocs\kasir\vendor\codeigniter4\framework\system\Commands\Server\rewrite.php(45): require_once('C:\\xampp\\htdocs...')
#6 {main}
CRITICAL - 2021-05-27 13:12:53 --> Call to undefined function App\Models\mysql_fetch_array()
#0 C:\xampp\htdocs\kasir\app\Controllers\Transaksi.php(47): App\Models\TempDetailTransaksiModel->getTotalBelanja()
#1 C:\xampp\htdocs\kasir\vendor\codeigniter4\framework\system\CodeIgniter.php(936): App\Controllers\Transaksi->transaksi()
#2 C:\xampp\htdocs\kasir\vendor\codeigniter4\framework\system\CodeIgniter.php(432): CodeIgniter\CodeIgniter->runController(Object(App\Controllers\Transaksi))
#3 C:\xampp\htdocs\kasir\vendor\codeigniter4\framework\system\CodeIgniter.php(333): CodeIgniter\CodeIgniter->handleRequest(NULL, Object(Config\Cache), false)
#4 C:\xampp\htdocs\kasir\public\index.php(44): CodeIgniter\CodeIgniter->run()
#5 C:\xampp\htdocs\kasir\vendor\codeigniter4\framework\system\Commands\Server\rewrite.php(45): require_once('C:\\xampp\\htdocs...')
#6 {main}
CRITICAL - 2021-05-27 13:14:12 --> Undefined constant "App\Models\MYSQL_NUM"
#0 C:\xampp\htdocs\kasir\app\Controllers\Transaksi.php(47): App\Models\TempDetailTransaksiModel->getTotalBelanja()
#1 C:\xampp\htdocs\kasir\vendor\codeigniter4\framework\system\CodeIgniter.php(936): App\Controllers\Transaksi->transaksi()
#2 C:\xampp\htdocs\kasir\vendor\codeigniter4\framework\system\CodeIgniter.php(432): CodeIgniter\CodeIgniter->runController(Object(App\Controllers\Transaksi))
#3 C:\xampp\htdocs\kasir\vendor\codeigniter4\framework\system\CodeIgniter.php(333): CodeIgniter\CodeIgniter->handleRequest(NULL, Object(Config\Cache), false)
#4 C:\xampp\htdocs\kasir\public\index.php(44): CodeIgniter\CodeIgniter->run()
#5 C:\xampp\htdocs\kasir\vendor\codeigniter4\framework\system\Commands\Server\rewrite.php(45): require_once('C:\\xampp\\htdocs...')
#6 {main}
CRITICAL - 2021-05-27 13:14:22 --> Call to undefined function App\Models\mysql_fetch_array()
#0 C:\xampp\htdocs\kasir\app\Controllers\Transaksi.php(47): App\Models\TempDetailTransaksiModel->getTotalBelanja()
#1 C:\xampp\htdocs\kasir\vendor\codeigniter4\framework\system\CodeIgniter.php(936): App\Controllers\Transaksi->transaksi()
#2 C:\xampp\htdocs\kasir\vendor\codeigniter4\framework\system\CodeIgniter.php(432): CodeIgniter\CodeIgniter->runController(Object(App\Controllers\Transaksi))
#3 C:\xampp\htdocs\kasir\vendor\codeigniter4\framework\system\CodeIgniter.php(333): CodeIgniter\CodeIgniter->handleRequest(NULL, Object(Config\Cache), false)
#4 C:\xampp\htdocs\kasir\public\index.php(44): CodeIgniter\CodeIgniter->run()
#5 C:\xampp\htdocs\kasir\vendor\codeigniter4\framework\system\Commands\Server\rewrite.php(45): require_once('C:\\xampp\\htdocs...')
#6 {main}
CRITICAL - 2021-05-27 13:14:29 --> Undefined constant "App\Models\MYSQL_NUM"
#0 C:\xampp\htdocs\kasir\app\Controllers\Transaksi.php(47): App\Models\TempDetailTransaksiModel->getTotalBelanja()
#1 C:\xampp\htdocs\kasir\vendor\codeigniter4\framework\system\CodeIgniter.php(936): App\Controllers\Transaksi->transaksi()
#2 C:\xampp\htdocs\kasir\vendor\codeigniter4\framework\system\CodeIgniter.php(432): CodeIgniter\CodeIgniter->runController(Object(App\Controllers\Transaksi))
#3 C:\xampp\htdocs\kasir\vendor\codeigniter4\framework\system\CodeIgniter.php(333): CodeIgniter\CodeIgniter->handleRequest(NULL, Object(Config\Cache), false)
#4 C:\xampp\htdocs\kasir\public\index.php(44): CodeIgniter\CodeIgniter->run()
#5 C:\xampp\htdocs\kasir\vendor\codeigniter4\framework\system\Commands\Server\rewrite.php(45): require_once('C:\\xampp\\htdocs...')
#6 {main}
CRITICAL - 2021-05-27 13:14:57 --> Undefined constant "App\Models\MYSQL_BOTH"
#0 C:\xampp\htdocs\kasir\app\Controllers\Transaksi.php(47): App\Models\TempDetailTransaksiModel->getTotalBelanja()
#1 C:\xampp\htdocs\kasir\vendor\codeigniter4\framework\system\CodeIgniter.php(936): App\Controllers\Transaksi->transaksi()
#2 C:\xampp\htdocs\kasir\vendor\codeigniter4\framework\system\CodeIgniter.php(432): CodeIgniter\CodeIgniter->runController(Object(App\Controllers\Transaksi))
#3 C:\xampp\htdocs\kasir\vendor\codeigniter4\framework\system\CodeIgniter.php(333): CodeIgniter\CodeIgniter->handleRequest(NULL, Object(Config\Cache), false)
#4 C:\xampp\htdocs\kasir\public\index.php(44): CodeIgniter\CodeIgniter->run()
#5 C:\xampp\htdocs\kasir\vendor\codeigniter4\framework\system\Commands\Server\rewrite.php(45): require_once('C:\\xampp\\htdocs...')
#6 {main}
CRITICAL - 2021-05-27 13:18:47 --> Undefined property: stdClass::$total
#0 C:\xampp\htdocs\kasir\app\Models\TempDetailTransaksiModel.php(34): CodeIgniter\Debug\Exceptions->errorHandler(2, 'Undefined prope...', 'C:\\xampp\\htdocs...', 34)
#1 C:\xampp\htdocs\kasir\app\Controllers\Transaksi.php(47): App\Models\TempDetailTransaksiModel->getTotalBelanja()
#2 C:\xampp\htdocs\kasir\vendor\codeigniter4\framework\system\CodeIgniter.php(936): App\Controllers\Transaksi->transaksi()
#3 C:\xampp\htdocs\kasir\vendor\codeigniter4\framework\system\CodeIgniter.php(432): CodeIgniter\CodeIgniter->runController(Object(App\Controllers\Transaksi))
#4 C:\xampp\htdocs\kasir\vendor\codeigniter4\framework\system\CodeIgniter.php(333): CodeIgniter\CodeIgniter->handleRequest(NULL, Object(Config\Cache), false)
#5 C:\xampp\htdocs\kasir\public\index.php(44): CodeIgniter\CodeIgniter->run()
#6 C:\xampp\htdocs\kasir\vendor\codeigniter4\framework\system\Commands\Server\rewrite.php(45): require_once('C:\\xampp\\htdocs...')
#7 {main}
CRITICAL - 2021-05-27 13:19:45 --> Undefined constant "App\Models\harga"
#0 C:\xampp\htdocs\kasir\app\Controllers\Transaksi.php(47): App\Models\TempDetailTransaksiModel->getTotalBelanja()
#1 C:\xampp\htdocs\kasir\vendor\codeigniter4\framework\system\CodeIgniter.php(936): App\Controllers\Transaksi->transaksi()
#2 C:\xampp\htdocs\kasir\vendor\codeigniter4\framework\system\CodeIgniter.php(432): CodeIgniter\CodeIgniter->runController(Object(App\Controllers\Transaksi))
#3 C:\xampp\htdocs\kasir\vendor\codeigniter4\framework\system\CodeIgniter.php(333): CodeIgniter\CodeIgniter->handleRequest(NULL, Object(Config\Cache), false)
#4 C:\xampp\htdocs\kasir\public\index.php(44): CodeIgniter\CodeIgniter->run()
#5 C:\xampp\htdocs\kasir\vendor\codeigniter4\framework\system\Commands\Server\rewrite.php(45): require_once('C:\\xampp\\htdocs...')
#6 {main}
CRITICAL - 2021-05-27 13:20:03 --> Undefined constant "App\Models\harga"
#0 C:\xampp\htdocs\kasir\app\Controllers\Transaksi.php(47): App\Models\TempDetailTransaksiModel->getTotalBelanja()
#1 C:\xampp\htdocs\kasir\vendor\codeigniter4\framework\system\CodeIgniter.php(936): App\Controllers\Transaksi->transaksi()
#2 C:\xampp\htdocs\kasir\vendor\codeigniter4\framework\system\CodeIgniter.php(432): CodeIgniter\CodeIgniter->runController(Object(App\Controllers\Transaksi))
#3 C:\xampp\htdocs\kasir\vendor\codeigniter4\framework\system\CodeIgniter.php(333): CodeIgniter\CodeIgniter->handleRequest(NULL, Object(Config\Cache), false)
#4 C:\xampp\htdocs\kasir\public\index.php(44): CodeIgniter\CodeIgniter->run()
#5 C:\xampp\htdocs\kasir\vendor\codeigniter4\framework\system\Commands\Server\rewrite.php(45): require_once('C:\\xampp\\htdocs...')
#6 {main}
CRITICAL - 2021-05-27 13:20:03 --> Undefined constant "App\Models\harga"
#0 C:\xampp\htdocs\kasir\app\Controllers\Transaksi.php(47): App\Models\TempDetailTransaksiModel->getTotalBelanja()
#1 C:\xampp\htdocs\kasir\vendor\codeigniter4\framework\system\CodeIgniter.php(936): App\Controllers\Transaksi->transaksi()
#2 C:\xampp\htdocs\kasir\vendor\codeigniter4\framework\system\CodeIgniter.php(432): CodeIgniter\CodeIgniter->runController(Object(App\Controllers\Transaksi))
#3 C:\xampp\htdocs\kasir\vendor\codeigniter4\framework\system\CodeIgniter.php(333): CodeIgniter\CodeIgniter->handleRequest(NULL, Object(Config\Cache), false)
#4 C:\xampp\htdocs\kasir\public\index.php(44): CodeIgniter\CodeIgniter->run()
#5 C:\xampp\htdocs\kasir\vendor\codeigniter4\framework\system\Commands\Server\rewrite.php(45): require_once('C:\\xampp\\htdocs...')
#6 {main}
CRITICAL - 2021-05-27 13:21:37 --> Call to a member function first() on array
#0 C:\xampp\htdocs\kasir\app\Controllers\Transaksi.php(47): App\Models\TempDetailTransaksiModel->getTotalBelanja()
#1 C:\xampp\htdocs\kasir\vendor\codeigniter4\framework\system\CodeIgniter.php(936): App\Controllers\Transaksi->transaksi()
#2 C:\xampp\htdocs\kasir\vendor\codeigniter4\framework\system\CodeIgniter.php(432): CodeIgniter\CodeIgniter->runController(Object(App\Controllers\Transaksi))
#3 C:\xampp\htdocs\kasir\vendor\codeigniter4\framework\system\CodeIgniter.php(333): CodeIgniter\CodeIgniter->handleRequest(NULL, Object(Config\Cache), false)
#4 C:\xampp\htdocs\kasir\public\index.php(44): CodeIgniter\CodeIgniter->run()
#5 C:\xampp\htdocs\kasir\vendor\codeigniter4\framework\system\Commands\Server\rewrite.php(45): require_once('C:\\xampp\\htdocs...')
#6 {main}
CRITICAL - 2021-05-27 14:01:48 --> Call to a member function first() on array
#0 C:\xampp\htdocs\kasir\app\Controllers\Transaksi.php(47): App\Models\TempDetailTransaksiModel->getTotalBelanja()
#1 C:\xampp\htdocs\kasir\vendor\codeigniter4\framework\system\CodeIgniter.php(936): App\Controllers\Transaksi->transaksi()
#2 C:\xampp\htdocs\kasir\vendor\codeigniter4\framework\system\CodeIgniter.php(432): CodeIgniter\CodeIgniter->runController(Object(App\Controllers\Transaksi))
#3 C:\xampp\htdocs\kasir\vendor\codeigniter4\framework\system\CodeIgniter.php(333): CodeIgniter\CodeIgniter->handleRequest(NULL, Object(Config\Cache), false)
#4 C:\xampp\htdocs\kasir\public\index.php(44): CodeIgniter\CodeIgniter->run()
#5 C:\xampp\htdocs\kasir\vendor\codeigniter4\framework\system\Commands\Server\rewrite.php(45): require_once('C:\\xampp\\htdocs...')
#6 {main}
CRITICAL - 2021-05-27 14:15:23 --> Undefined variable $harga_barang
#0 C:\xampp\htdocs\kasir\app\Views\transaksi\transaksi.php(127): CodeIgniter\Debug\Exceptions->errorHandler(2, 'Undefined varia...', 'C:\\xampp\\htdocs...', 127)
#1 C:\xampp\htdocs\kasir\vendor\codeigniter4\framework\system\View\View.php(220): include('C:\\xampp\\htdocs...')
#2 C:\xampp\htdocs\kasir\vendor\codeigniter4\framework\system\View\View.php(222): CodeIgniter\View\View->CodeIgniter\View\{closure}()
#3 C:\xampp\htdocs\kasir\vendor\codeigniter4\framework\system\Common.php(1217): CodeIgniter\View\View->render('transaksi/trans...', Array, true)
#4 C:\xampp\htdocs\kasir\app\Controllers\Transaksi.php(58): view('transaksi/trans...', Array)
#5 C:\xampp\htdocs\kasir\vendor\codeigniter4\framework\system\CodeIgniter.php(936): App\Controllers\Transaksi->transaksi()
#6 C:\xampp\htdocs\kasir\vendor\codeigniter4\framework\system\CodeIgniter.php(432): CodeIgniter\CodeIgniter->runController(Object(App\Controllers\Transaksi))
#7 C:\xampp\htdocs\kasir\vendor\codeigniter4\framework\system\CodeIgniter.php(333): CodeIgniter\CodeIgniter->handleRequest(NULL, Object(Config\Cache), false)
#8 C:\xampp\htdocs\kasir\public\index.php(44): CodeIgniter\CodeIgniter->run()
#9 C:\xampp\htdocs\kasir\vendor\codeigniter4\framework\system\Commands\Server\rewrite.php(45): require_once('C:\\xampp\\htdocs...')
#10 {main}
CRITICAL - 2021-05-27 15:21:24 --> Unsupported operand types: string + null
#0 C:\xampp\htdocs\kasir\vendor\codeigniter4\framework\system\CodeIgniter.php(936): App\Controllers\Transaksi->bayar()
#1 C:\xampp\htdocs\kasir\vendor\codeigniter4\framework\system\CodeIgniter.php(432): CodeIgniter\CodeIgniter->runController(Object(App\Controllers\Transaksi))
#2 C:\xampp\htdocs\kasir\vendor\codeigniter4\framework\system\CodeIgniter.php(333): CodeIgniter\CodeIgniter->handleRequest(NULL, Object(Config\Cache), false)
#3 C:\xampp\htdocs\kasir\public\index.php(44): CodeIgniter\CodeIgniter->run()
#4 C:\xampp\htdocs\kasir\vendor\codeigniter4\framework\system\Commands\Server\rewrite.php(45): require_once('C:\\xampp\\htdocs...')
#5 {main}
CRITICAL - 2021-05-27 15:24:57 --> Undefined constant "App\Controllers\sad"
#0 C:\xampp\htdocs\kasir\vendor\codeigniter4\framework\system\CodeIgniter.php(936): App\Controllers\Transaksi->bayar()
#1 C:\xampp\htdocs\kasir\vendor\codeigniter4\framework\system\CodeIgniter.php(432): CodeIgniter\CodeIgniter->runController(Object(App\Controllers\Transaksi))
#2 C:\xampp\htdocs\kasir\vendor\codeigniter4\framework\system\CodeIgniter.php(333): CodeIgniter\CodeIgniter->handleRequest(NULL, Object(Config\Cache), false)
#3 C:\xampp\htdocs\kasir\public\index.php(44): CodeIgniter\CodeIgniter->run()
#4 C:\xampp\htdocs\kasir\vendor\codeigniter4\framework\system\Commands\Server\rewrite.php(45): require_once('C:\\xampp\\htdocs...')
#5 {main}
CRITICAL - 2021-05-27 15:26:35 --> 'greater_than is not a valid rule.
#0 C:\xampp\htdocs\kasir\vendor\codeigniter4\framework\system\Validation\Validation.php(314): CodeIgniter\Validation\Exceptions\ValidationException::forRuleNotFound(''greater_than')
#1 C:\xampp\htdocs\kasir\vendor\codeigniter4\framework\system\Validation\Validation.php(164): CodeIgniter\Validation\Validation->processRules('total_bayar', 'total_bayar', NULL, Array, Array)
#2 C:\xampp\htdocs\kasir\vendor\codeigniter4\framework\system\Controller.php(181): CodeIgniter\Validation\Validation->run()
#3 C:\xampp\htdocs\kasir\app\Controllers\Transaksi.php(141): CodeIgniter\Controller->validate(Array)
#4 C:\xampp\htdocs\kasir\vendor\codeigniter4\framework\system\CodeIgniter.php(936): App\Controllers\Transaksi->bayar()
#5 C:\xampp\htdocs\kasir\vendor\codeigniter4\framework\system\CodeIgniter.php(432): CodeIgniter\CodeIgniter->runController(Object(App\Controllers\Transaksi))
#6 C:\xampp\htdocs\kasir\vendor\codeigniter4\framework\system\CodeIgniter.php(333): CodeIgniter\CodeIgniter->handleRequest(NULL, Object(Config\Cache), false)
#7 C:\xampp\htdocs\kasir\public\index.php(44): CodeIgniter\CodeIgniter->run()
#8 C:\xampp\htdocs\kasir\vendor\codeigniter4\framework\system\Commands\Server\rewrite.php(45): require_once('C:\\xampp\\htdocs...')
#9 {main}
CRITICAL - 2021-05-27 18:11:47 --> Undefined property: App\Controllers\StokKeluar::$kategoriModel
#0 C:\xampp\htdocs\kasir\app\Controllers\StokKeluar.php(46): CodeIgniter\Debug\Exceptions->errorHandler(2, 'Undefined prope...', 'C:\\xampp\\htdocs...', 46)
#1 C:\xampp\htdocs\kasir\vendor\codeigniter4\framework\system\CodeIgniter.php(936): App\Controllers\StokKeluar->stokkeluar()
#2 C:\xampp\htdocs\kasir\vendor\codeigniter4\framework\system\CodeIgniter.php(432): CodeIgniter\CodeIgniter->runController(Object(App\Controllers\StokKeluar))
#3 C:\xampp\htdocs\kasir\vendor\codeigniter4\framework\system\CodeIgniter.php(333): CodeIgniter\CodeIgniter->handleRequest(NULL, Object(Config\Cache), false)
#4 C:\xampp\htdocs\kasir\public\index.php(44): CodeIgniter\CodeIgniter->run()
#5 C:\xampp\htdocs\kasir\vendor\codeigniter4\framework\system\Commands\Server\rewrite.php(45): require_once('C:\\xampp\\htdocs...')
#6 {main}
CRITICAL - 2021-05-27 18:12:03 --> Undefined variable $supplier
#0 C:\xampp\htdocs\kasir\app\Views\stokkeluar\stokkeluar.php(71): CodeIgniter\Debug\Exceptions->errorHandler(2, 'Undefined varia...', 'C:\\xampp\\htdocs...', 71)
#1 C:\xampp\htdocs\kasir\vendor\codeigniter4\framework\system\View\View.php(220): include('C:\\xampp\\htdocs...')
#2 C:\xampp\htdocs\kasir\vendor\codeigniter4\framework\system\View\View.php(222): CodeIgniter\View\View->CodeIgniter\View\{closure}()
#3 C:\xampp\htdocs\kasir\vendor\codeigniter4\framework\system\Common.php(1217): CodeIgniter\View\View->render('stokkeluar/stok...', Array, true)
#4 C:\xampp\htdocs\kasir\app\Controllers\StokKeluar.php(52): view('stokkeluar/stok...', Array)
#5 C:\xampp\htdocs\kasir\vendor\codeigniter4\framework\system\CodeIgniter.php(936): App\Controllers\StokKeluar->stokkeluar()
#6 C:\xampp\htdocs\kasir\vendor\codeigniter4\framework\system\CodeIgniter.php(432): CodeIgniter\CodeIgniter->runController(Object(App\Controllers\StokKeluar))
#7 C:\xampp\htdocs\kasir\vendor\codeigniter4\framework\system\CodeIgniter.php(333): CodeIgniter\CodeIgniter->handleRequest(NULL, Object(Config\Cache), false)
#8 C:\xampp\htdocs\kasir\public\index.php(44): CodeIgniter\CodeIgniter->run()
#9 C:\xampp\htdocs\kasir\vendor\codeigniter4\framework\system\Commands\Server\rewrite.php(45): require_once('C:\\xampp\\htdocs...')
#10 {main}
CRITICAL - 2021-05-27 18:12:58 --> Undefined array key "id_satuan"
#0 C:\xampp\htdocs\kasir\app\Views\stokkeluar\stokkeluar.php(74): CodeIgniter\Debug\Exceptions->errorHandler(2, 'Undefined array...', 'C:\\xampp\\htdocs...', 74)
#1 C:\xampp\htdocs\kasir\vendor\codeigniter4\framework\system\View\View.php(220): include('C:\\xampp\\htdocs...')
#2 C:\xampp\htdocs\kasir\vendor\codeigniter4\framework\system\View\View.php(222): CodeIgniter\View\View->CodeIgniter\View\{closure}()
#3 C:\xampp\htdocs\kasir\vendor\codeigniter4\framework\system\Common.php(1217): CodeIgniter\View\View->render('stokkeluar/stok...', Array, true)
#4 C:\xampp\htdocs\kasir\app\Controllers\StokKeluar.php(52): view('stokkeluar/stok...', Array)
#5 C:\xampp\htdocs\kasir\vendor\codeigniter4\framework\system\CodeIgniter.php(936): App\Controllers\StokKeluar->stokkeluar()
#6 C:\xampp\htdocs\kasir\vendor\codeigniter4\framework\system\CodeIgniter.php(432): CodeIgniter\CodeIgniter->runController(Object(App\Controllers\StokKeluar))
#7 C:\xampp\htdocs\kasir\vendor\codeigniter4\framework\system\CodeIgniter.php(333): CodeIgniter\CodeIgniter->handleRequest(NULL, Object(Config\Cache), false)
#8 C:\xampp\htdocs\kasir\public\index.php(44): CodeIgniter\CodeIgniter->run()
#9 C:\xampp\htdocs\kasir\vendor\codeigniter4\framework\system\Commands\Server\rewrite.php(45): require_once('C:\\xampp\\htdocs...')
#10 {main}
CRITICAL - 2021-05-27 18:13:29 --> Undefined array key "id_satuan"
#0 C:\xampp\htdocs\kasir\app\Views\stokkeluar\stokkeluar.php(76): CodeIgniter\Debug\Exceptions->errorHandler(2, 'Undefined array...', 'C:\\xampp\\htdocs...', 76)
#1 C:\xampp\htdocs\kasir\vendor\codeigniter4\framework\system\View\View.php(220): include('C:\\xampp\\htdocs...')
#2 C:\xampp\htdocs\kasir\vendor\codeigniter4\framework\system\View\View.php(222): CodeIgniter\View\View->CodeIgniter\View\{closure}()
#3 C:\xampp\htdocs\kasir\vendor\codeigniter4\framework\system\Common.php(1217): CodeIgniter\View\View->render('stokkeluar/stok...', Array, true)
#4 C:\xampp\htdocs\kasir\app\Controllers\StokKeluar.php(52): view('stokkeluar/stok...', Array)
#5 C:\xampp\htdocs\kasir\vendor\codeigniter4\framework\system\CodeIgniter.php(936): App\Controllers\StokKeluar->stokkeluar()
#6 C:\xampp\htdocs\kasir\vendor\codeigniter4\framework\system\CodeIgniter.php(432): CodeIgniter\CodeIgniter->runController(Object(App\Controllers\StokKeluar))
#7 C:\xampp\htdocs\kasir\vendor\codeigniter4\framework\system\CodeIgniter.php(333): CodeIgniter\CodeIgniter->handleRequest(NULL, Object(Config\Cache), false)
#8 C:\xampp\htdocs\kasir\public\index.php(44): CodeIgniter\CodeIgniter->run()
#9 C:\xampp\htdocs\kasir\vendor\codeigniter4\framework\system\Commands\Server\rewrite.php(45): require_once('C:\\xampp\\htdocs...')
#10 {main}
CRITICAL - 2021-05-27 18:13:40 --> Undefined array key "id_satuan"
#0 C:\xampp\htdocs\kasir\app\Views\stokkeluar\stokkeluar.php(81): CodeIgniter\Debug\Exceptions->errorHandler(2, 'Undefined array...', 'C:\\xampp\\htdocs...', 81)
#1 C:\xampp\htdocs\kasir\vendor\codeigniter4\framework\system\View\View.php(220): include('C:\\xampp\\htdocs...')
#2 C:\xampp\htdocs\kasir\vendor\codeigniter4\framework\system\View\View.php(222): CodeIgniter\View\View->CodeIgniter\View\{closure}()
#3 C:\xampp\htdocs\kasir\vendor\codeigniter4\framework\system\Common.php(1217): CodeIgniter\View\View->render('stokkeluar/stok...', Array, true)
#4 C:\xampp\htdocs\kasir\app\Controllers\StokKeluar.php(52): view('stokkeluar/stok...', Array)
#5 C:\xampp\htdocs\kasir\vendor\codeigniter4\framework\system\CodeIgniter.php(936): App\Controllers\StokKeluar->stokkeluar()
#6 C:\xampp\htdocs\kasir\vendor\codeigniter4\framework\system\CodeIgniter.php(432): CodeIgniter\CodeIgniter->runController(Object(App\Controllers\StokKeluar))
#7 C:\xampp\htdocs\kasir\vendor\codeigniter4\framework\system\CodeIgniter.php(333): CodeIgniter\CodeIgniter->handleRequest(NULL, Object(Config\Cache), false)
#8 C:\xampp\htdocs\kasir\public\index.php(44): CodeIgniter\CodeIgniter->run()
#9 C:\xampp\htdocs\kasir\vendor\codeigniter4\framework\system\Commands\Server\rewrite.php(45): require_once('C:\\xampp\\htdocs...')
#10 {main}
CRITICAL - 2021-05-27 18:13:41 --> Undefined array key "id_satuan"
#0 C:\xampp\htdocs\kasir\app\Views\stokkeluar\stokkeluar.php(81): CodeIgniter\Debug\Exceptions->errorHandler(2, 'Undefined array...', 'C:\\xampp\\htdocs...', 81)
#1 C:\xampp\htdocs\kasir\vendor\codeigniter4\framework\system\View\View.php(220): include('C:\\xampp\\htdocs...')
#2 C:\xampp\htdocs\kasir\vendor\codeigniter4\framework\system\View\View.php(222): CodeIgniter\View\View->CodeIgniter\View\{closure}()
#3 C:\xampp\htdocs\kasir\vendor\codeigniter4\framework\system\Common.php(1217): CodeIgniter\View\View->render('stokkeluar/stok...', Array, true)
#4 C:\xampp\htdocs\kasir\app\Controllers\StokKeluar.php(52): view('stokkeluar/stok...', Array)
#5 C:\xampp\htdocs\kasir\vendor\codeigniter4\framework\system\CodeIgniter.php(936): App\Controllers\StokKeluar->stokkeluar()
#6 C:\xampp\htdocs\kasir\vendor\codeigniter4\framework\system\CodeIgniter.php(432): CodeIgniter\CodeIgniter->runController(Object(App\Controllers\StokKeluar))
#7 C:\xampp\htdocs\kasir\vendor\codeigniter4\framework\system\CodeIgniter.php(333): CodeIgniter\CodeIgniter->handleRequest(NULL, Object(Config\Cache), false)
#8 C:\xampp\htdocs\kasir\public\index.php(44): CodeIgniter\CodeIgniter->run()
#9 C:\xampp\htdocs\kasir\vendor\codeigniter4\framework\system\Commands\Server\rewrite.php(45): require_once('C:\\xampp\\htdocs...')
#10 {main}
CRITICAL - 2021-05-27 18:13:41 --> Undefined array key "id_satuan"
#0 C:\xampp\htdocs\kasir\app\Views\stokkeluar\stokkeluar.php(81): CodeIgniter\Debug\Exceptions->errorHandler(2, 'Undefined array...', 'C:\\xampp\\htdocs...', 81)
#1 C:\xampp\htdocs\kasir\vendor\codeigniter4\framework\system\View\View.php(220): include('C:\\xampp\\htdocs...')
#2 C:\xampp\htdocs\kasir\vendor\codeigniter4\framework\system\View\View.php(222): CodeIgniter\View\View->CodeIgniter\View\{closure}()
#3 C:\xampp\htdocs\kasir\vendor\codeigniter4\framework\system\Common.php(1217): CodeIgniter\View\View->render('stokkeluar/stok...', Array, true)
#4 C:\xampp\htdocs\kasir\app\Controllers\StokKeluar.php(52): view('stokkeluar/stok...', Array)
#5 C:\xampp\htdocs\kasir\vendor\codeigniter4\framework\system\CodeIgniter.php(936): App\Controllers\StokKeluar->stokkeluar()
#6 C:\xampp\htdocs\kasir\vendor\codeigniter4\framework\system\CodeIgniter.php(432): CodeIgniter\CodeIgniter->runController(Object(App\Controllers\StokKeluar))
#7 C:\xampp\htdocs\kasir\vendor\codeigniter4\framework\system\CodeIgniter.php(333): CodeIgniter\CodeIgniter->handleRequest(NULL, Object(Config\Cache), false)
#8 C:\xampp\htdocs\kasir\public\index.php(44): CodeIgniter\CodeIgniter->run()
#9 C:\xampp\htdocs\kasir\vendor\codeigniter4\framework\system\Commands\Server\rewrite.php(45): require_once('C:\\xampp\\htdocs...')
#10 {main}
CRITICAL - 2021-05-27 18:13:42 --> Undefined array key "id_satuan"
#0 C:\xampp\htdocs\kasir\app\Views\stokkeluar\stokkeluar.php(81): CodeIgniter\Debug\Exceptions->errorHandler(2, 'Undefined array...', 'C:\\xampp\\htdocs...', 81)
#1 C:\xampp\htdocs\kasir\vendor\codeigniter4\framework\system\View\View.php(220): include('C:\\xampp\\htdocs...')
#2 C:\xampp\htdocs\kasir\vendor\codeigniter4\framework\system\View\View.php(222): CodeIgniter\View\View->CodeIgniter\View\{closure}()
#3 C:\xampp\htdocs\kasir\vendor\codeigniter4\framework\system\Common.php(1217): CodeIgniter\View\View->render('stokkeluar/stok...', Array, true)
#4 C:\xampp\htdocs\kasir\app\Controllers\StokKeluar.php(52): view('stokkeluar/stok...', Array)
#5 C:\xampp\htdocs\kasir\vendor\codeigniter4\framework\system\CodeIgniter.php(936): App\Controllers\StokKeluar->stokkeluar()
#6 C:\xampp\htdocs\kasir\vendor\codeigniter4\framework\system\CodeIgniter.php(432): CodeIgniter\CodeIgniter->runController(Object(App\Controllers\StokKeluar))
#7 C:\xampp\htdocs\kasir\vendor\codeigniter4\framework\system\CodeIgniter.php(333): CodeIgniter\CodeIgniter->handleRequest(NULL, Object(Config\Cache), false)
#8 C:\xampp\htdocs\kasir\public\index.php(44): CodeIgniter\CodeIgniter->run()
#9 C:\xampp\htdocs\kasir\vendor\codeigniter4\framework\system\Commands\Server\rewrite.php(45): require_once('C:\\xampp\\htdocs...')
#10 {main}
CRITICAL - 2021-05-27 18:13:42 --> Undefined array key "id_satuan"
#0 C:\xampp\htdocs\kasir\app\Views\stokkeluar\stokkeluar.php(81): CodeIgniter\Debug\Exceptions->errorHandler(2, 'Undefined array...', 'C:\\xampp\\htdocs...', 81)
#1 C:\xampp\htdocs\kasir\vendor\codeigniter4\framework\system\View\View.php(220): include('C:\\xampp\\htdocs...')
#2 C:\xampp\htdocs\kasir\vendor\codeigniter4\framework\system\View\View.php(222): CodeIgniter\View\View->CodeIgniter\View\{closure}()
#3 C:\xampp\htdocs\kasir\vendor\codeigniter4\framework\system\Common.php(1217): CodeIgniter\View\View->render('stokkeluar/stok...', Array, true)
#4 C:\xampp\htdocs\kasir\app\Controllers\StokKeluar.php(52): view('stokkeluar/stok...', Array)
#5 C:\xampp\htdocs\kasir\vendor\codeigniter4\framework\system\CodeIgniter.php(936): App\Controllers\StokKeluar->stokkeluar()
#6 C:\xampp\htdocs\kasir\vendor\codeigniter4\framework\system\CodeIgniter.php(432): CodeIgniter\CodeIgniter->runController(Object(App\Controllers\StokKeluar))
#7 C:\xampp\htdocs\kasir\vendor\codeigniter4\framework\system\CodeIgniter.php(333): CodeIgniter\CodeIgniter->handleRequest(NULL, Object(Config\Cache), false)
#8 C:\xampp\htdocs\kasir\public\index.php(44): CodeIgniter\CodeIgniter->run()
#9 C:\xampp\htdocs\kasir\vendor\codeigniter4\framework\system\Commands\Server\rewrite.php(45): require_once('C:\\xampp\\htdocs...')
#10 {main}
ERROR - 2021-05-27 18:15:39 --> mysqli_sql_exception: Cannot delete or update a parent row: a foreign key constraint fails (`db_kasirtoko`.`barang`, CONSTRAINT `fk_id_satuan` FOREIGN KEY (`id_satuan`) REFERENCES `satuan_barang` (`id_satuan`)) in C:\xampp\htdocs\kasir\vendor\codeigniter4\framework\system\Database\MySQLi\Connection.php:314
Stack trace:
#0 C:\xampp\htdocs\kasir\vendor\codeigniter4\framework\system\Database\MySQLi\Connection.php(314): mysqli->query('DELETE FROM `sa...')
#1 C:\xampp\htdocs\kasir\vendor\codeigniter4\framework\system\Database\BaseConnection.php(713): CodeIgniter\Database\MySQLi\Connection->execute('DELETE FROM `sa...')
#2 C:\xampp\htdocs\kasir\vendor\codeigniter4\framework\system\Database\BaseConnection.php(641): CodeIgniter\Database\BaseConnection->simpleQuery('DELETE FROM `sa...')
#3 C:\xampp\htdocs\kasir\vendor\codeigniter4\framework\system\Database\BaseBuilder.php(2864): CodeIgniter\Database\BaseConnection->query('DELETE FROM `sa...', Array, false)
#4 C:\xampp\htdocs\kasir\vendor\codeigniter4\framework\system\Model.php(422): CodeIgniter\Database\BaseBuilder->delete()
#5 C:\xampp\htdocs\kasir\vendor\codeigniter4\framework\system\BaseModel.php(1009): CodeIgniter\Model->doDelete(Array, false)
#6 C:\xampp\htdocs\kasir\app\Controllers\Satuan.php(149): CodeIgniter\BaseModel->delete(Array)
#7 C:\xampp\htdocs\kasir\vendor\codeigniter4\framework\system\CodeIgniter.php(936): App\Controllers\Satuan->satuan_delete('1')
#8 C:\xampp\htdocs\kasir\vendor\codeigniter4\framework\system\CodeIgniter.php(432): CodeIgniter\CodeIgniter->runController(Object(App\Controllers\Satuan))
#9 C:\xampp\htdocs\kasir\vendor\codeigniter4\framework\system\CodeIgniter.php(333): CodeIgniter\CodeIgniter->handleRequest(NULL, Object(Config\Cache), false)
#10 C:\xampp\htdocs\kasir\public\index.php(44): CodeIgniter\CodeIgniter->run()
#11 C:\xampp\htdocs\kasir\vendor\codeigniter4\framework\system\Commands\Server\rewrite.php(45): require_once('C:\\xampp\\htdocs...')
#12 {main}
CRITICAL - 2021-05-27 18:15:39 --> Cannot delete or update a parent row: a foreign key constraint fails (`db_kasirtoko`.`barang`, CONSTRAINT `fk_id_satuan` FOREIGN KEY (`id_satuan`) REFERENCES `satuan_barang` (`id_satuan`))
#0 C:\xampp\htdocs\kasir\vendor\codeigniter4\framework\system\Database\MySQLi\Connection.php(314): mysqli->query('DELETE FROM `sa...')
#1 C:\xampp\htdocs\kasir\vendor\codeigniter4\framework\system\Database\BaseConnection.php(713): CodeIgniter\Database\MySQLi\Connection->execute('DELETE FROM `sa...')
#2 C:\xampp\htdocs\kasir\vendor\codeigniter4\framework\system\Database\BaseConnection.php(641): CodeIgniter\Database\BaseConnection->simpleQuery('DELETE FROM `sa...')
#3 C:\xampp\htdocs\kasir\vendor\codeigniter4\framework\system\Database\BaseBuilder.php(2864): CodeIgniter\Database\BaseConnection->query('DELETE FROM `sa...', Array, false)
#4 C:\xampp\htdocs\kasir\vendor\codeigniter4\framework\system\Model.php(422): CodeIgniter\Database\BaseBuilder->delete()
#5 C:\xampp\htdocs\kasir\vendor\codeigniter4\framework\system\BaseModel.php(1009): CodeIgniter\Model->doDelete(Array, false)
#6 C:\xampp\htdocs\kasir\app\Controllers\Satuan.php(149): CodeIgniter\BaseModel->delete(Array)
#7 C:\xampp\htdocs\kasir\vendor\codeigniter4\framework\system\CodeIgniter.php(936): App\Controllers\Satuan->satuan_delete('1')
#8 C:\xampp\htdocs\kasir\vendor\codeigniter4\framework\system\CodeIgniter.php(432): CodeIgniter\CodeIgniter->runController(Object(App\Controllers\Satuan))
#9 C:\xampp\htdocs\kasir\vendor\codeigniter4\framework\system\CodeIgniter.php(333): CodeIgniter\CodeIgniter->handleRequest(NULL, Object(Config\Cache), false)
#10 C:\xampp\htdocs\kasir\public\index.php(44): CodeIgniter\CodeIgniter->run()
#11 C:\xampp\htdocs\kasir\vendor\codeigniter4\framework\system\Commands\Server\rewrite.php(45): require_once('C:\\xampp\\htdocs...')
#12 {main}
CRITICAL - 2021-05-27 18:23:36 --> Undefined property: App\Controllers\StokKeluar::$kategoriModel
#0 C:\xampp\htdocs\kasir\app\Controllers\StokKeluar.php(74): CodeIgniter\Debug\Exceptions->errorHandler(2, 'Undefined prope...', 'C:\\xampp\\htdocs...', 74)
#1 C:\xampp\htdocs\kasir\vendor\codeigniter4\framework\system\CodeIgniter.php(936): App\Controllers\StokKeluar->stokkeluar_tambah()
#2 C:\xampp\htdocs\kasir\vendor\codeigniter4\framework\system\CodeIgniter.php(432): CodeIgniter\CodeIgniter->runController(Object(App\Controllers\StokKeluar))
#3 C:\xampp\htdocs\kasir\vendor\codeigniter4\framework\system\CodeIgniter.php(333): CodeIgniter\CodeIgniter->handleRequest(NULL, Object(Config\Cache), false)
#4 C:\xampp\htdocs\kasir\public\index.php(44): CodeIgniter\CodeIgniter->run()
#5 C:\xampp\htdocs\kasir\vendor\codeigniter4\framework\system\Commands\Server\rewrite.php(45): require_once('C:\\xampp\\htdocs...')
#6 {main}
CRITICAL - 2021-05-27 18:23:45 --> Undefined variable $kategori
#0 C:\xampp\htdocs\kasir\app\Views\stokkeluar\stokkeluar_tambah.php(41): CodeIgniter\Debug\Exceptions->errorHandler(2, 'Undefined varia...', 'C:\\xampp\\htdocs...', 41)
#1 C:\xampp\htdocs\kasir\vendor\codeigniter4\framework\system\View\View.php(220): include('C:\\xampp\\htdocs...')
#2 C:\xampp\htdocs\kasir\vendor\codeigniter4\framework\system\View\View.php(222): CodeIgniter\View\View->CodeIgniter\View\{closure}()
#3 C:\xampp\htdocs\kasir\vendor\codeigniter4\framework\system\Common.php(1217): CodeIgniter\View\View->render('stokkeluar/stok...', Array, true)
#4 C:\xampp\htdocs\kasir\app\Controllers\StokKeluar.php(81): view('stokkeluar/stok...', Array)
#5 C:\xampp\htdocs\kasir\vendor\codeigniter4\framework\system\CodeIgniter.php(936): App\Controllers\StokKeluar->stokkeluar_tambah()
#6 C:\xampp\htdocs\kasir\vendor\codeigniter4\framework\system\CodeIgniter.php(432): CodeIgniter\CodeIgniter->runController(Object(App\Controllers\StokKeluar))
#7 C:\xampp\htdocs\kasir\vendor\codeigniter4\framework\system\CodeIgniter.php(333): CodeIgniter\CodeIgniter->handleRequest(NULL, Object(Config\Cache), false)
#8 C:\xampp\htdocs\kasir\public\index.php(44): CodeIgniter\CodeIgniter->run()
#9 C:\xampp\htdocs\kasir\vendor\codeigniter4\framework\system\Commands\Server\rewrite.php(45): require_once('C:\\xampp\\htdocs...')
#10 {main}
CRITICAL - 2021-05-27 18:25:44 --> Undefined variable $satuan
#0 C:\xampp\htdocs\kasir\app\Views\stokkeluar\stokkeluar_tambah.php(70): CodeIgniter\Debug\Exceptions->errorHandler(2, 'Undefined varia...', 'C:\\xampp\\htdocs...', 70)
#1 C:\xampp\htdocs\kasir\vendor\codeigniter4\framework\system\View\View.php(220): include('C:\\xampp\\htdocs...')
#2 C:\xampp\htdocs\kasir\vendor\codeigniter4\framework\system\View\View.php(222): CodeIgniter\View\View->CodeIgniter\View\{closure}()
#3 C:\xampp\htdocs\kasir\vendor\codeigniter4\framework\system\Common.php(1217): CodeIgniter\View\View->render('stokkeluar/stok...', Array, true)
#4 C:\xampp\htdocs\kasir\app\Controllers\StokKeluar.php(81): view('stokkeluar/stok...', Array)
#5 C:\xampp\htdocs\kasir\vendor\codeigniter4\framework\system\CodeIgniter.php(936): App\Controllers\StokKeluar->stokkeluar_tambah()
#6 C:\xampp\htdocs\kasir\vendor\codeigniter4\framework\system\CodeIgniter.php(432): CodeIgniter\CodeIgniter->runController(Object(App\Controllers\StokKeluar))
#7 C:\xampp\htdocs\kasir\vendor\codeigniter4\framework\system\CodeIgniter.php(333): CodeIgniter\CodeIgniter->handleRequest(NULL, Object(Config\Cache), false)
#8 C:\xampp\htdocs\kasir\public\index.php(44): CodeIgniter\CodeIgniter->run()
#9 C:\xampp\htdocs\kasir\vendor\codeigniter4\framework\system\Commands\Server\rewrite.php(45): require_once('C:\\xampp\\htdocs...')
#10 {main}
ERROR - 2021-05-27 18:54:13 --> mysqli_sql_exception: Column 'id_barang' cannot be null in C:\xampp\htdocs\kasir\vendor\codeigniter4\framework\system\Database\MySQLi\Connection.php:314
Stack trace:
#0 C:\xampp\htdocs\kasir\vendor\codeigniter4\framework\system\Database\MySQLi\Connection.php(314): mysqli->query('INSERT INTO `st...')
#1 C:\xampp\htdocs\kasir\vendor\codeigniter4\framework\system\Database\BaseConnection.php(713): CodeIgniter\Database\MySQLi\Connection->execute('INSERT INTO `st...')
#2 C:\xampp\htdocs\kasir\vendor\codeigniter4\framework\system\Database\BaseConnection.php(641): CodeIgniter\Database\BaseConnection->simpleQuery('INSERT INTO `st...')
#3 C:\xampp\htdocs\kasir\vendor\codeigniter4\framework\system\Database\BaseBuilder.php(2263): CodeIgniter\Database\BaseConnection->query('INSERT INTO `st...', Array, false)
#4 C:\xampp\htdocs\kasir\vendor\codeigniter4\framework\system\Model.php(278): CodeIgniter\Database\BaseBuilder->insert()
#5 C:\xampp\htdocs\kasir\vendor\codeigniter4\framework\system\BaseModel.php(758): CodeIgniter\Model->doInsert(Array)
#6 C:\xampp\htdocs\kasir\vendor\codeigniter4\framework\system\Model.php(705): CodeIgniter\BaseModel->insert(Array, false)
#7 C:\xampp\htdocs\kasir\vendor\codeigniter4\framework\system\BaseModel.php(667): CodeIgniter\Model->insert(Array, false)
#8 C:\xampp\htdocs\kasir\app\Controllers\StokKeluar.php(149): CodeIgniter\BaseModel->save(Array)
#9 C:\xampp\htdocs\kasir\vendor\codeigniter4\framework\system\CodeIgniter.php(936): App\Controllers\StokKeluar->stokkeluar_save()
#10 C:\xampp\htdocs\kasir\vendor\codeigniter4\framework\system\CodeIgniter.php(432): CodeIgniter\CodeIgniter->runController(Object(App\Controllers\StokKeluar))
#11 C:\xampp\htdocs\kasir\vendor\codeigniter4\framework\system\CodeIgniter.php(333): CodeIgniter\CodeIgniter->handleRequest(NULL, Object(Config\Cache), false)
#12 C:\xampp\htdocs\kasir\public\index.php(44): CodeIgniter\CodeIgniter->run()
#13 C:\xampp\htdocs\kasir\vendor\codeigniter4\framework\system\Commands\Server\rewrite.php(45): require_once('C:\\xampp\\htdocs...')
#14 {main}
CRITICAL - 2021-05-27 18:54:13 --> Column 'id_barang' cannot be null
#0 C:\xampp\htdocs\kasir\vendor\codeigniter4\framework\system\Database\MySQLi\Connection.php(314): mysqli->query('INSERT INTO `st...')
#1 C:\xampp\htdocs\kasir\vendor\codeigniter4\framework\system\Database\BaseConnection.php(713): CodeIgniter\Database\MySQLi\Connection->execute('INSERT INTO `st...')
#2 C:\xampp\htdocs\kasir\vendor\codeigniter4\framework\system\Database\BaseConnection.php(641): CodeIgniter\Database\BaseConnection->simpleQuery('INSERT INTO `st...')
#3 C:\xampp\htdocs\kasir\vendor\codeigniter4\framework\system\Database\BaseBuilder.php(2263): CodeIgniter\Database\BaseConnection->query('INSERT INTO `st...', Array, false)
#4 C:\xampp\htdocs\kasir\vendor\codeigniter4\framework\system\Model.php(278): CodeIgniter\Database\BaseBuilder->insert()
#5 C:\xampp\htdocs\kasir\vendor\codeigniter4\framework\system\BaseModel.php(758): CodeIgniter\Model->doInsert(Array)
#6 C:\xampp\htdocs\kasir\vendor\codeigniter4\framework\system\Model.php(705): CodeIgniter\BaseModel->insert(Array, false)
#7 C:\xampp\htdocs\kasir\vendor\codeigniter4\framework\system\BaseModel.php(667): CodeIgniter\Model->insert(Array, false)
#8 C:\xampp\htdocs\kasir\app\Controllers\StokKeluar.php(149): CodeIgniter\BaseModel->save(Array)
#9 C:\xampp\htdocs\kasir\vendor\codeigniter4\framework\system\CodeIgniter.php(936): App\Controllers\StokKeluar->stokkeluar_save()
#10 C:\xampp\htdocs\kasir\vendor\codeigniter4\framework\system\CodeIgniter.php(432): CodeIgniter\CodeIgniter->runController(Object(App\Controllers\StokKeluar))
#11 C:\xampp\htdocs\kasir\vendor\codeigniter4\framework\system\CodeIgniter.php(333): CodeIgniter\CodeIgniter->handleRequest(NULL, Object(Config\Cache), false)
#12 C:\xampp\htdocs\kasir\public\index.php(44): CodeIgniter\CodeIgniter->run()
#13 C:\xampp\htdocs\kasir\vendor\codeigniter4\framework\system\Commands\Server\rewrite.php(45): require_once('C:\\xampp\\htdocs...')
#14 {main}
CRITICAL - 2021-05-27 19:57:50 --> Too few arguments to function App\Controllers\StokKeluar::stokkeluar_ubah(), 0 passed in C:\xampp\htdocs\kasir\vendor\codeigniter4\framework\system\CodeIgniter.php on line 936 and exactly 1 expected
#0 C:\xampp\htdocs\kasir\vendor\codeigniter4\framework\system\CodeIgniter.php(936): App\Controllers\StokKeluar->stokkeluar_ubah()
#1 C:\xampp\htdocs\kasir\vendor\codeigniter4\framework\system\CodeIgniter.php(432): CodeIgniter\CodeIgniter->runController(Object(App\Controllers\StokKeluar))
#2 C:\xampp\htdocs\kasir\vendor\codeigniter4\framework\system\CodeIgniter.php(333): CodeIgniter\CodeIgniter->handleRequest(NULL, Object(Config\Cache), false)
#3 C:\xampp\htdocs\kasir\public\index.php(44): CodeIgniter\CodeIgniter->run()
#4 C:\xampp\htdocs\kasir\vendor\codeigniter4\framework\system\Commands\Server\rewrite.php(45): require_once('C:\\xampp\\htdocs...')
#5 {main}
CRITICAL - 2021-05-27 20:04:03 --> Undefined variable $perusahaan
#0 C:\xampp\htdocs\kasir\app\Views\stokkeluar\stokkeluar_ubah.php(22): CodeIgniter\Debug\Exceptions->errorHandler(2, 'Undefined varia...', 'C:\\xampp\\htdocs...', 22)
#1 C:\xampp\htdocs\kasir\vendor\codeigniter4\framework\system\View\View.php(220): include('C:\\xampp\\htdocs...')
#2 C:\xampp\htdocs\kasir\vendor\codeigniter4\framework\system\View\View.php(222): CodeIgniter\View\View->CodeIgniter\View\{closure}()
#3 C:\xampp\htdocs\kasir\vendor\codeigniter4\framework\system\Common.php(1217): CodeIgniter\View\View->render('stokkeluar/stok...', Array, true)
#4 C:\xampp\htdocs\kasir\app\Controllers\StokKeluar.php(202): view('stokkeluar/stok...', Array)
#5 C:\xampp\htdocs\kasir\vendor\codeigniter4\framework\system\CodeIgniter.php(936): App\Controllers\StokKeluar->stokkeluar_ubah('1')
#6 C:\xampp\htdocs\kasir\vendor\codeigniter4\framework\system\CodeIgniter.php(432): CodeIgniter\CodeIgniter->runController(Object(App\Controllers\StokKeluar))
#7 C:\xampp\htdocs\kasir\vendor\codeigniter4\framework\system\CodeIgniter.php(333): CodeIgniter\CodeIgniter->handleRequest(NULL, Object(Config\Cache), false)
#8 C:\xampp\htdocs\kasir\public\index.php(44): CodeIgniter\CodeIgniter->run()
#9 C:\xampp\htdocs\kasir\vendor\codeigniter4\framework\system\Commands\Server\rewrite.php(45): require_once('C:\\xampp\\htdocs...')
#10 {main}
CRITICAL - 2021-05-27 20:04:15 --> Undefined array key "id_barang"
#0 C:\xampp\htdocs\kasir\app\Views\stokkeluar\stokkeluar_ubah.php(31): CodeIgniter\Debug\Exceptions->errorHandler(2, 'Undefined array...', 'C:\\xampp\\htdocs...', 31)
#1 C:\xampp\htdocs\kasir\vendor\codeigniter4\framework\system\View\View.php(220): include('C:\\xampp\\htdocs...')
#2 C:\xampp\htdocs\kasir\vendor\codeigniter4\framework\system\View\View.php(222): CodeIgniter\View\View->CodeIgniter\View\{closure}()
#3 C:\xampp\htdocs\kasir\vendor\codeigniter4\framework\system\Common.php(1217): CodeIgniter\View\View->render('stokkeluar/stok...', Array, true)
#4 C:\xampp\htdocs\kasir\app\Controllers\StokKeluar.php(202): view('stokkeluar/stok...', Array)
#5 C:\xampp\htdocs\kasir\vendor\codeigniter4\framework\system\CodeIgniter.php(936): App\Controllers\StokKeluar->stokkeluar_ubah('1')
#6 C:\xampp\htdocs\kasir\vendor\codeigniter4\framework\system\CodeIgniter.php(432): CodeIgniter\CodeIgniter->runController(Object(App\Controllers\StokKeluar))
#7 C:\xampp\htdocs\kasir\vendor\codeigniter4\framework\system\CodeIgniter.php(333): CodeIgniter\CodeIgniter->handleRequest(NULL, Object(Config\Cache), false)
#8 C:\xampp\htdocs\kasir\public\index.php(44): CodeIgniter\CodeIgniter->run()
#9 C:\xampp\htdocs\kasir\vendor\codeigniter4\framework\system\Commands\Server\rewrite.php(45): require_once('C:\\xampp\\htdocs...')
#10 {main}
