CRITICAL - 2021-04-03 13:47:51 --> Call to undefined function CodeIgniter\locale_set_default()
#0 C:\xampp\htdocs\kasir\vendor\codeigniter4\framework\system\bootstrap.php(159): CodeIgniter\CodeIgniter->initialize()
#1 C:\xampp\htdocs\kasir\public\index.php(35): require('C:\\xampp\\htdocs...')
#2 {main}
CRITICAL - 2021-04-03 13:48:22 --> Call to undefined function CodeIgniter\locale_set_default()
#0 C:\xampp\htdocs\kasir\vendor\codeigniter4\framework\system\bootstrap.php(159): CodeIgniter\CodeIgniter->initialize()
#1 C:\xampp\htdocs\kasir\public\index.php(35): require('C:\\xampp\\htdocs...')
#2 {main}
CRITICAL - 2021-04-03 15:40:11 --> Call to undefined function CodeIgniter\locale_set_default()
#0 C:\xampp\htdocs\kasir\vendor\codeigniter4\framework\system\bootstrap.php(159): CodeIgniter\CodeIgniter->initialize()
#1 C:\xampp\htdocs\kasir\public\index.php(35): require('C:\\xampp\\htdocs...')
#2 {main}
CRITICAL - 2021-04-03 15:41:30 --> Call to undefined function CodeIgniter\locale_set_default()
#0 C:\xampp\htdocs\kasir\vendor\codeigniter4\framework\system\bootstrap.php(159): CodeIgniter\CodeIgniter->initialize()
#1 C:\xampp\htdocs\kasir\public\index.php(35): require('C:\\xampp\\htdocs...')
#2 {main}
CRITICAL - 2021-04-03 15:41:31 --> Call to undefined function CodeIgniter\locale_set_default()
#0 C:\xampp\htdocs\kasir\vendor\codeigniter4\framework\system\bootstrap.php(159): CodeIgniter\CodeIgniter->initialize()
#1 C:\xampp\htdocs\kasir\public\index.php(35): require('C:\\xampp\\htdocs...')
#2 {main}
CRITICAL - 2021-04-03 15:42:37 --> Call to undefined function CodeIgniter\locale_set_default()
#0 C:\xampp\htdocs\kasir\vendor\codeigniter4\framework\system\bootstrap.php(159): CodeIgniter\CodeIgniter->initialize()
#1 C:\xampp\htdocs\kasir\public\index.php(35): require('C:\\xampp\\htdocs...')
#2 {main}
CRITICAL - 2021-04-03 09:42:12 --> syntax error, unexpected token "(", expecting variable
#0 C:\xampp\htdocs\kasir\vendor\codeigniter4\framework\system\Router\Router.php(170): CodeIgniter\Router\Router->autoRoute('user')
#1 C:\xampp\htdocs\kasir\vendor\codeigniter4\framework\system\CodeIgniter.php(816): CodeIgniter\Router\Router->handle('user')
#2 C:\xampp\htdocs\kasir\vendor\codeigniter4\framework\system\CodeIgniter.php(385): CodeIgniter\CodeIgniter->tryToRouteIt(Object(CodeIgniter\Router\RouteCollection))
#3 C:\xampp\htdocs\kasir\vendor\codeigniter4\framework\system\CodeIgniter.php(333): CodeIgniter\CodeIgniter->handleRequest(NULL, Object(Config\Cache), false)
#4 C:\xampp\htdocs\kasir\public\index.php(44): CodeIgniter\CodeIgniter->run()
#5 {main}
CRITICAL - 2021-04-03 09:44:34 --> syntax error, unexpected token "(", expecting variable
#0 C:\xampp\htdocs\kasir\vendor\codeigniter4\framework\system\Autoloader\Autoloader.php(265): CodeIgniter\Autoloader\Autoloader->includeFile('C:\\xampp\\htdocs...')
#1 C:\xampp\htdocs\kasir\vendor\codeigniter4\framework\system\Autoloader\Autoloader.php(228): CodeIgniter\Autoloader\Autoloader->loadInNamespace('App\\Controllers...')
#2 [internal function]: CodeIgniter\Autoloader\Autoloader->loadClass('App\\Controllers...')
#3 C:\xampp\htdocs\kasir\vendor\codeigniter4\framework\system\CodeIgniter.php(893): class_exists('\\App\\Controller...', true)
#4 C:\xampp\htdocs\kasir\vendor\codeigniter4\framework\system\CodeIgniter.php(417): CodeIgniter\CodeIgniter->startController()
#5 C:\xampp\htdocs\kasir\vendor\codeigniter4\framework\system\CodeIgniter.php(333): CodeIgniter\CodeIgniter->handleRequest(NULL, Object(Config\Cache), false)
#6 C:\xampp\htdocs\kasir\public\index.php(44): CodeIgniter\CodeIgniter->run()
#7 C:\xampp\htdocs\kasir\vendor\codeigniter4\framework\system\Commands\Server\rewrite.php(45): require_once('C:\\xampp\\htdocs...')
#8 {main}
CRITICAL - 2021-04-03 09:44:38 --> syntax error, unexpected token "(", expecting variable
#0 C:\xampp\htdocs\kasir\vendor\codeigniter4\framework\system\Router\Router.php(170): CodeIgniter\Router\Router->autoRoute('User')
#1 C:\xampp\htdocs\kasir\vendor\codeigniter4\framework\system\CodeIgniter.php(816): CodeIgniter\Router\Router->handle('User')
#2 C:\xampp\htdocs\kasir\vendor\codeigniter4\framework\system\CodeIgniter.php(385): CodeIgniter\CodeIgniter->tryToRouteIt(Object(CodeIgniter\Router\RouteCollection))
#3 C:\xampp\htdocs\kasir\vendor\codeigniter4\framework\system\CodeIgniter.php(333): CodeIgniter\CodeIgniter->handleRequest(NULL, Object(Config\Cache), false)
#4 C:\xampp\htdocs\kasir\public\index.php(44): CodeIgniter\CodeIgniter->run()
#5 C:\xampp\htdocs\kasir\vendor\codeigniter4\framework\system\Commands\Server\rewrite.php(45): require_once('C:\\xampp\\htdocs...')
#6 {main}
CRITICAL - 2021-04-03 09:44:42 --> syntax error, unexpected token "(", expecting variable
#0 C:\xampp\htdocs\kasir\vendor\codeigniter4\framework\system\Autoloader\Autoloader.php(265): CodeIgniter\Autoloader\Autoloader->includeFile('C:\\xampp\\htdocs...')
#1 C:\xampp\htdocs\kasir\vendor\codeigniter4\framework\system\Autoloader\Autoloader.php(228): CodeIgniter\Autoloader\Autoloader->loadInNamespace('App\\Controllers...')
#2 [internal function]: CodeIgniter\Autoloader\Autoloader->loadClass('App\\Controllers...')
#3 C:\xampp\htdocs\kasir\vendor\codeigniter4\framework\system\CodeIgniter.php(893): class_exists('\\App\\Controller...', true)
#4 C:\xampp\htdocs\kasir\vendor\codeigniter4\framework\system\CodeIgniter.php(417): CodeIgniter\CodeIgniter->startController()
#5 C:\xampp\htdocs\kasir\vendor\codeigniter4\framework\system\CodeIgniter.php(333): CodeIgniter\CodeIgniter->handleRequest(NULL, Object(Config\Cache), false)
#6 C:\xampp\htdocs\kasir\public\index.php(44): CodeIgniter\CodeIgniter->run()
#7 C:\xampp\htdocs\kasir\vendor\codeigniter4\framework\system\Commands\Server\rewrite.php(45): require_once('C:\\xampp\\htdocs...')
#8 {main}
CRITICAL - 2021-04-03 09:46:20 --> syntax error, unexpected token "(", expecting variable
#0 C:\xampp\htdocs\kasir\vendor\codeigniter4\framework\system\Autoloader\Autoloader.php(265): CodeIgniter\Autoloader\Autoloader->includeFile('C:\\xampp\\htdocs...')
#1 C:\xampp\htdocs\kasir\vendor\codeigniter4\framework\system\Autoloader\Autoloader.php(228): CodeIgniter\Autoloader\Autoloader->loadInNamespace('App\\Controllers...')
#2 [internal function]: CodeIgniter\Autoloader\Autoloader->loadClass('App\\Controllers...')
#3 C:\xampp\htdocs\kasir\vendor\codeigniter4\framework\system\CodeIgniter.php(893): class_exists('\\App\\Controller...', true)
#4 C:\xampp\htdocs\kasir\vendor\codeigniter4\framework\system\CodeIgniter.php(417): CodeIgniter\CodeIgniter->startController()
#5 C:\xampp\htdocs\kasir\vendor\codeigniter4\framework\system\CodeIgniter.php(333): CodeIgniter\CodeIgniter->handleRequest(NULL, Object(Config\Cache), false)
#6 C:\xampp\htdocs\kasir\public\index.php(44): CodeIgniter\CodeIgniter->run()
#7 {main}
CRITICAL - 2021-04-03 09:48:11 --> syntax error, unexpected token "(", expecting variable
#0 C:\xampp\htdocs\kasir\vendor\codeigniter4\framework\system\Autoloader\Autoloader.php(265): CodeIgniter\Autoloader\Autoloader->includeFile('C:\\xampp\\htdocs...')
#1 C:\xampp\htdocs\kasir\vendor\codeigniter4\framework\system\Autoloader\Autoloader.php(228): CodeIgniter\Autoloader\Autoloader->loadInNamespace('App\\Controllers...')
#2 [internal function]: CodeIgniter\Autoloader\Autoloader->loadClass('App\\Controllers...')
#3 C:\xampp\htdocs\kasir\vendor\codeigniter4\framework\system\CodeIgniter.php(893): class_exists('\\App\\Controller...', true)
#4 C:\xampp\htdocs\kasir\vendor\codeigniter4\framework\system\CodeIgniter.php(417): CodeIgniter\CodeIgniter->startController()
#5 C:\xampp\htdocs\kasir\vendor\codeigniter4\framework\system\CodeIgniter.php(333): CodeIgniter\CodeIgniter->handleRequest(NULL, Object(Config\Cache), false)
#6 C:\xampp\htdocs\kasir\index.php(44): CodeIgniter\CodeIgniter->run()
#7 {main}
CRITICAL - 2021-04-03 09:50:32 --> syntax error, unexpected token "(", expecting variable
#0 C:\xampp\htdocs\kasir\vendor\codeigniter4\framework\system\Autoloader\Autoloader.php(265): CodeIgniter\Autoloader\Autoloader->includeFile('C:\\xampp\\htdocs...')
#1 C:\xampp\htdocs\kasir\vendor\codeigniter4\framework\system\Autoloader\Autoloader.php(228): CodeIgniter\Autoloader\Autoloader->loadInNamespace('App\\Controllers...')
#2 [internal function]: CodeIgniter\Autoloader\Autoloader->loadClass('App\\Controllers...')
#3 C:\xampp\htdocs\kasir\vendor\codeigniter4\framework\system\CodeIgniter.php(893): class_exists('\\App\\Controller...', true)
#4 C:\xampp\htdocs\kasir\vendor\codeigniter4\framework\system\CodeIgniter.php(417): CodeIgniter\CodeIgniter->startController()
#5 C:\xampp\htdocs\kasir\vendor\codeigniter4\framework\system\CodeIgniter.php(333): CodeIgniter\CodeIgniter->handleRequest(NULL, Object(Config\Cache), false)
#6 C:\xampp\htdocs\kasir\index.php(44): CodeIgniter\CodeIgniter->run()
#7 {main}
CRITICAL - 2021-04-03 09:51:02 --> syntax error, unexpected token "(", expecting variable
#0 C:\xampp\htdocs\kasir\vendor\codeigniter4\framework\system\Autoloader\Autoloader.php(265): CodeIgniter\Autoloader\Autoloader->includeFile('C:\\xampp\\htdocs...')
#1 C:\xampp\htdocs\kasir\vendor\codeigniter4\framework\system\Autoloader\Autoloader.php(228): CodeIgniter\Autoloader\Autoloader->loadInNamespace('App\\Controllers...')
#2 [internal function]: CodeIgniter\Autoloader\Autoloader->loadClass('App\\Controllers...')
#3 C:\xampp\htdocs\kasir\vendor\codeigniter4\framework\system\CodeIgniter.php(893): class_exists('\\App\\Controller...', true)
#4 C:\xampp\htdocs\kasir\vendor\codeigniter4\framework\system\CodeIgniter.php(417): CodeIgniter\CodeIgniter->startController()
#5 C:\xampp\htdocs\kasir\vendor\codeigniter4\framework\system\CodeIgniter.php(333): CodeIgniter\CodeIgniter->handleRequest(NULL, Object(Config\Cache), false)
#6 C:\xampp\htdocs\kasir\index.php(44): CodeIgniter\CodeIgniter->run()
#7 {main}
CRITICAL - 2021-04-03 09:51:03 --> syntax error, unexpected token "(", expecting variable
#0 C:\xampp\htdocs\kasir\vendor\codeigniter4\framework\system\Autoloader\Autoloader.php(265): CodeIgniter\Autoloader\Autoloader->includeFile('C:\\xampp\\htdocs...')
#1 C:\xampp\htdocs\kasir\vendor\codeigniter4\framework\system\Autoloader\Autoloader.php(228): CodeIgniter\Autoloader\Autoloader->loadInNamespace('App\\Controllers...')
#2 [internal function]: CodeIgniter\Autoloader\Autoloader->loadClass('App\\Controllers...')
#3 C:\xampp\htdocs\kasir\vendor\codeigniter4\framework\system\CodeIgniter.php(893): class_exists('\\App\\Controller...', true)
#4 C:\xampp\htdocs\kasir\vendor\codeigniter4\framework\system\CodeIgniter.php(417): CodeIgniter\CodeIgniter->startController()
#5 C:\xampp\htdocs\kasir\vendor\codeigniter4\framework\system\CodeIgniter.php(333): CodeIgniter\CodeIgniter->handleRequest(NULL, Object(Config\Cache), false)
#6 C:\xampp\htdocs\kasir\index.php(44): CodeIgniter\CodeIgniter->run()
#7 {main}
CRITICAL - 2021-04-03 09:52:22 --> syntax error, unexpected token "(", expecting variable
#0 C:\xampp\htdocs\kasir\vendor\codeigniter4\framework\system\Autoloader\Autoloader.php(265): CodeIgniter\Autoloader\Autoloader->includeFile('C:\\xampp\\htdocs...')
#1 C:\xampp\htdocs\kasir\vendor\codeigniter4\framework\system\Autoloader\Autoloader.php(228): CodeIgniter\Autoloader\Autoloader->loadInNamespace('App\\Controllers...')
#2 [internal function]: CodeIgniter\Autoloader\Autoloader->loadClass('App\\Controllers...')
#3 C:\xampp\htdocs\kasir\vendor\codeigniter4\framework\system\CodeIgniter.php(893): class_exists('\\App\\Controller...', true)
#4 C:\xampp\htdocs\kasir\vendor\codeigniter4\framework\system\CodeIgniter.php(417): CodeIgniter\CodeIgniter->startController()
#5 C:\xampp\htdocs\kasir\vendor\codeigniter4\framework\system\CodeIgniter.php(333): CodeIgniter\CodeIgniter->handleRequest(NULL, Object(Config\Cache), false)
#6 C:\xampp\htdocs\kasir\index.php(44): CodeIgniter\CodeIgniter->run()
#7 {main}
CRITICAL - 2021-04-03 09:53:26 --> Undefined property: App\Controllers\User::$user
#0 C:\xampp\htdocs\kasir\app\Controllers\User.php(14): CodeIgniter\Debug\Exceptions->errorHandler(2, 'Undefined prope...', 'C:\\xampp\\htdocs...', 14)
#1 C:\xampp\htdocs\kasir\vendor\codeigniter4\framework\system\CodeIgniter.php(936): App\Controllers\User->index()
#2 C:\xampp\htdocs\kasir\vendor\codeigniter4\framework\system\CodeIgniter.php(432): CodeIgniter\CodeIgniter->runController(Object(App\Controllers\User))
#3 C:\xampp\htdocs\kasir\vendor\codeigniter4\framework\system\CodeIgniter.php(333): CodeIgniter\CodeIgniter->handleRequest(NULL, Object(Config\Cache), false)
#4 C:\xampp\htdocs\kasir\index.php(44): CodeIgniter\CodeIgniter->run()
#5 {main}
CRITICAL - 2021-04-03 09:53:38 --> Undefined property: App\Controllers\User::$user
#0 C:\xampp\htdocs\kasir\app\Controllers\User.php(14): CodeIgniter\Debug\Exceptions->errorHandler(2, 'Undefined prope...', 'C:\\xampp\\htdocs...', 14)
#1 C:\xampp\htdocs\kasir\vendor\codeigniter4\framework\system\CodeIgniter.php(936): App\Controllers\User->index()
#2 C:\xampp\htdocs\kasir\vendor\codeigniter4\framework\system\CodeIgniter.php(432): CodeIgniter\CodeIgniter->runController(Object(App\Controllers\User))
#3 C:\xampp\htdocs\kasir\vendor\codeigniter4\framework\system\CodeIgniter.php(333): CodeIgniter\CodeIgniter->handleRequest(NULL, Object(Config\Cache), false)
#4 C:\xampp\htdocs\kasir\index.php(44): CodeIgniter\CodeIgniter->run()
#5 {main}
CRITICAL - 2021-04-03 09:54:02 --> syntax error, unexpected token "(", expecting variable
#0 C:\xampp\htdocs\kasir\vendor\codeigniter4\framework\system\Autoloader\Autoloader.php(265): CodeIgniter\Autoloader\Autoloader->includeFile('C:\\xampp\\htdocs...')
#1 C:\xampp\htdocs\kasir\vendor\codeigniter4\framework\system\Autoloader\Autoloader.php(228): CodeIgniter\Autoloader\Autoloader->loadInNamespace('App\\Controllers...')
#2 [internal function]: CodeIgniter\Autoloader\Autoloader->loadClass('App\\Controllers...')
#3 C:\xampp\htdocs\kasir\vendor\codeigniter4\framework\system\CodeIgniter.php(893): class_exists('\\App\\Controller...', true)
#4 C:\xampp\htdocs\kasir\vendor\codeigniter4\framework\system\CodeIgniter.php(417): CodeIgniter\CodeIgniter->startController()
#5 C:\xampp\htdocs\kasir\vendor\codeigniter4\framework\system\CodeIgniter.php(333): CodeIgniter\CodeIgniter->handleRequest(NULL, Object(Config\Cache), false)
#6 C:\xampp\htdocs\kasir\index.php(44): CodeIgniter\CodeIgniter->run()
#7 {main}
CRITICAL - 2021-04-03 09:54:04 --> syntax error, unexpected token "(", expecting variable
#0 C:\xampp\htdocs\kasir\vendor\codeigniter4\framework\system\Autoloader\Autoloader.php(265): CodeIgniter\Autoloader\Autoloader->includeFile('C:\\xampp\\htdocs...')
#1 C:\xampp\htdocs\kasir\vendor\codeigniter4\framework\system\Autoloader\Autoloader.php(228): CodeIgniter\Autoloader\Autoloader->loadInNamespace('App\\Controllers...')
#2 [internal function]: CodeIgniter\Autoloader\Autoloader->loadClass('App\\Controllers...')
#3 C:\xampp\htdocs\kasir\vendor\codeigniter4\framework\system\CodeIgniter.php(893): class_exists('\\App\\Controller...', true)
#4 C:\xampp\htdocs\kasir\vendor\codeigniter4\framework\system\CodeIgniter.php(417): CodeIgniter\CodeIgniter->startController()
#5 C:\xampp\htdocs\kasir\vendor\codeigniter4\framework\system\CodeIgniter.php(333): CodeIgniter\CodeIgniter->handleRequest(NULL, Object(Config\Cache), false)
#6 C:\xampp\htdocs\kasir\index.php(44): CodeIgniter\CodeIgniter->run()
#7 {main}
CRITICAL - 2021-04-03 09:54:46 --> Call to undefined function App\Controllers\UserModel()
#0 C:\xampp\htdocs\kasir\vendor\codeigniter4\framework\system\CodeIgniter.php(908): App\Controllers\User->__construct()
#1 C:\xampp\htdocs\kasir\vendor\codeigniter4\framework\system\CodeIgniter.php(422): CodeIgniter\CodeIgniter->createController()
#2 C:\xampp\htdocs\kasir\vendor\codeigniter4\framework\system\CodeIgniter.php(333): CodeIgniter\CodeIgniter->handleRequest(NULL, Object(Config\Cache), false)
#3 C:\xampp\htdocs\kasir\index.php(44): CodeIgniter\CodeIgniter->run()
#4 {main}
CRITICAL - 2021-04-03 09:56:35 --> Call to undefined function App\Controllers\UserModel()
#0 C:\xampp\htdocs\kasir\vendor\codeigniter4\framework\system\CodeIgniter.php(908): App\Controllers\User->__construct()
#1 C:\xampp\htdocs\kasir\vendor\codeigniter4\framework\system\CodeIgniter.php(422): CodeIgniter\CodeIgniter->createController()
#2 C:\xampp\htdocs\kasir\vendor\codeigniter4\framework\system\CodeIgniter.php(333): CodeIgniter\CodeIgniter->handleRequest(NULL, Object(Config\Cache), false)
#3 C:\xampp\htdocs\kasir\index.php(44): CodeIgniter\CodeIgniter->run()
#4 {main}
CRITICAL - 2021-04-03 09:56:37 --> Call to undefined function App\Controllers\UserModel()
#0 C:\xampp\htdocs\kasir\vendor\codeigniter4\framework\system\CodeIgniter.php(908): App\Controllers\User->__construct()
#1 C:\xampp\htdocs\kasir\vendor\codeigniter4\framework\system\CodeIgniter.php(422): CodeIgniter\CodeIgniter->createController()
#2 C:\xampp\htdocs\kasir\vendor\codeigniter4\framework\system\CodeIgniter.php(333): CodeIgniter\CodeIgniter->handleRequest(NULL, Object(Config\Cache), false)
#3 C:\xampp\htdocs\kasir\index.php(44): CodeIgniter\CodeIgniter->run()
#4 {main}
CRITICAL - 2021-04-03 09:57:14 --> Call to undefined function App\Controllers\UserModel()
#0 C:\xampp\htdocs\kasir\vendor\codeigniter4\framework\system\CodeIgniter.php(908): App\Controllers\User->__construct()
#1 C:\xampp\htdocs\kasir\vendor\codeigniter4\framework\system\CodeIgniter.php(422): CodeIgniter\CodeIgniter->createController()
#2 C:\xampp\htdocs\kasir\vendor\codeigniter4\framework\system\CodeIgniter.php(333): CodeIgniter\CodeIgniter->handleRequest(NULL, Object(Config\Cache), false)
#3 C:\xampp\htdocs\kasir\index.php(44): CodeIgniter\CodeIgniter->run()
#4 {main}
CRITICAL - 2021-04-03 10:35:36 --> Invalid file: home.php
#0 C:\xampp\htdocs\kasir\vendor\codeigniter4\framework\system\View\View.php(203): CodeIgniter\Exceptions\FrameworkException::forInvalidFile('home.php')
#1 C:\xampp\htdocs\kasir\vendor\codeigniter4\framework\system\Common.php(1217): CodeIgniter\View\View->render('home', Array, true)
#2 C:\xampp\htdocs\kasir\app\Controllers\Pages.php(9): view('home')
#3 C:\xampp\htdocs\kasir\vendor\codeigniter4\framework\system\CodeIgniter.php(936): App\Controllers\Pages->index()
#4 C:\xampp\htdocs\kasir\vendor\codeigniter4\framework\system\CodeIgniter.php(432): CodeIgniter\CodeIgniter->runController(Object(App\Controllers\Pages))
#5 C:\xampp\htdocs\kasir\vendor\codeigniter4\framework\system\CodeIgniter.php(333): CodeIgniter\CodeIgniter->handleRequest(NULL, Object(Config\Cache), false)
#6 C:\xampp\htdocs\kasir\index.php(44): CodeIgniter\CodeIgniter->run()
#7 {main}
CRITICAL - 2021-04-03 11:18:09 --> syntax error, unexpected token "}", expecting ";"
#0 C:\xampp\htdocs\kasir\vendor\codeigniter4\framework\system\Autoloader\Autoloader.php(265): CodeIgniter\Autoloader\Autoloader->includeFile('C:\\xampp\\htdocs...')
#1 C:\xampp\htdocs\kasir\vendor\codeigniter4\framework\system\Autoloader\Autoloader.php(228): CodeIgniter\Autoloader\Autoloader->loadInNamespace('App\\Controllers...')
#2 [internal function]: CodeIgniter\Autoloader\Autoloader->loadClass('App\\Controllers...')
#3 C:\xampp\htdocs\kasir\vendor\codeigniter4\framework\system\CodeIgniter.php(893): class_exists('\\App\\Controller...', true)
#4 C:\xampp\htdocs\kasir\vendor\codeigniter4\framework\system\CodeIgniter.php(417): CodeIgniter\CodeIgniter->startController()
#5 C:\xampp\htdocs\kasir\vendor\codeigniter4\framework\system\CodeIgniter.php(333): CodeIgniter\CodeIgniter->handleRequest(NULL, Object(Config\Cache), false)
#6 C:\xampp\htdocs\kasir\index.php(44): CodeIgniter\CodeIgniter->run()
#7 {main}
CRITICAL - 2021-04-03 19:52:23 --> syntax error, unexpected token "/", expecting ":"
#0 C:\xampp\htdocs\kasir\vendor\codeigniter4\framework\system\View\View.php(222): CodeIgniter\View\View->CodeIgniter\View\{closure}()
#1 C:\xampp\htdocs\kasir\vendor\codeigniter4\framework\system\Common.php(1217): CodeIgniter\View\View->render('sidebar', Array, true)
#2 C:\xampp\htdocs\kasir\app\Controllers\Home.php(10): view('sidebar')
#3 C:\xampp\htdocs\kasir\vendor\codeigniter4\framework\system\CodeIgniter.php(936): App\Controllers\Home->index()
#4 C:\xampp\htdocs\kasir\vendor\codeigniter4\framework\system\CodeIgniter.php(432): CodeIgniter\CodeIgniter->runController(Object(App\Controllers\Home))
#5 C:\xampp\htdocs\kasir\vendor\codeigniter4\framework\system\CodeIgniter.php(333): CodeIgniter\CodeIgniter->handleRequest(NULL, Object(Config\Cache), false)
#6 C:\xampp\htdocs\kasir\index.php(44): CodeIgniter\CodeIgniter->run()
#7 {main}
CRITICAL - 2021-04-03 19:52:39 --> syntax error, unexpected double-quoted string ">", expecting "," or ";"
#0 C:\xampp\htdocs\kasir\vendor\codeigniter4\framework\system\View\View.php(222): CodeIgniter\View\View->CodeIgniter\View\{closure}()
#1 C:\xampp\htdocs\kasir\vendor\codeigniter4\framework\system\Common.php(1217): CodeIgniter\View\View->render('sidebar', Array, true)
#2 C:\xampp\htdocs\kasir\app\Controllers\Home.php(10): view('sidebar')
#3 C:\xampp\htdocs\kasir\vendor\codeigniter4\framework\system\CodeIgniter.php(936): App\Controllers\Home->index()
#4 C:\xampp\htdocs\kasir\vendor\codeigniter4\framework\system\CodeIgniter.php(432): CodeIgniter\CodeIgniter->runController(Object(App\Controllers\Home))
#5 C:\xampp\htdocs\kasir\vendor\codeigniter4\framework\system\CodeIgniter.php(333): CodeIgniter\CodeIgniter->handleRequest(NULL, Object(Config\Cache), false)
#6 C:\xampp\htdocs\kasir\index.php(44): CodeIgniter\CodeIgniter->run()
#7 {main}
CRITICAL - 2021-04-03 22:15:27 --> Invalid file: pages/sidebar.php
#0 C:\xampp\htdocs\kasir\vendor\codeigniter4\framework\system\View\View.php(203): CodeIgniter\Exceptions\FrameworkException::forInvalidFile('pages/sidebar.p...')
#1 C:\xampp\htdocs\kasir\vendor\codeigniter4\framework\system\Common.php(1217): CodeIgniter\View\View->render('pages/sidebar', Array, true)
#2 C:\xampp\htdocs\kasir\app\Controllers\Home.php(10): view('pages/sidebar')
#3 C:\xampp\htdocs\kasir\vendor\codeigniter4\framework\system\CodeIgniter.php(936): App\Controllers\Home->index()
#4 C:\xampp\htdocs\kasir\vendor\codeigniter4\framework\system\CodeIgniter.php(432): CodeIgniter\CodeIgniter->runController(Object(App\Controllers\Home))
#5 C:\xampp\htdocs\kasir\vendor\codeigniter4\framework\system\CodeIgniter.php(333): CodeIgniter\CodeIgniter->handleRequest(NULL, Object(Config\Cache), false)
#6 C:\xampp\htdocs\kasir\index.php(44): CodeIgniter\CodeIgniter->run()
#7 {main}
