CRITICAL - 2021-05-03 02:15:49 --> Undefined variable $nama
#0 C:\xampp\htdocs\kasir\app\Views\layout\template.php(40): CodeIgniter\Debug\Exceptions->errorHandler(2, 'Undefined varia...', 'C:\\xampp\\htdocs...', 40)
#1 C:\xampp\htdocs\kasir\vendor\codeigniter4\framework\system\View\View.php(220): include('C:\\xampp\\htdocs...')
#2 C:\xampp\htdocs\kasir\vendor\codeigniter4\framework\system\View\View.php(222): CodeIgniter\View\View->CodeIgniter\View\{closure}()
#3 C:\xampp\htdocs\kasir\vendor\codeigniter4\framework\system\View\View.php(236): CodeIgniter\View\View->render('layout/template', Array, true)
#4 C:\xampp\htdocs\kasir\vendor\codeigniter4\framework\system\Common.php(1217): CodeIgniter\View\View->render('admin/transaksi', Array, true)
#5 C:\xampp\htdocs\kasir\app\Controllers\Admin.php(59): view('admin/transaksi', Array)
#6 C:\xampp\htdocs\kasir\vendor\codeigniter4\framework\system\CodeIgniter.php(936): App\Controllers\Admin->transaksi()
#7 C:\xampp\htdocs\kasir\vendor\codeigniter4\framework\system\CodeIgniter.php(432): CodeIgniter\CodeIgniter->runController(Object(App\Controllers\Admin))
#8 C:\xampp\htdocs\kasir\vendor\codeigniter4\framework\system\CodeIgniter.php(333): CodeIgniter\CodeIgniter->handleRequest(NULL, Object(Config\Cache), false)
#9 C:\xampp\htdocs\kasir\public\index.php(44): CodeIgniter\CodeIgniter->run()
#10 C:\xampp\htdocs\kasir\vendor\codeigniter4\framework\system\Commands\Server\rewrite.php(45): require_once('C:\\xampp\\htdocs...')
#11 {main}
CRITICAL - 2021-05-03 03:02:43 --> Undefined variable $nama
#0 C:\xampp\htdocs\kasir\app\Views\layout\template.php(40): CodeIgniter\Debug\Exceptions->errorHandler(2, 'Undefined varia...', 'C:\\xampp\\htdocs...', 40)
#1 C:\xampp\htdocs\kasir\vendor\codeigniter4\framework\system\View\View.php(220): include('C:\\xampp\\htdocs...')
#2 C:\xampp\htdocs\kasir\vendor\codeigniter4\framework\system\View\View.php(222): CodeIgniter\View\View->CodeIgniter\View\{closure}()
#3 C:\xampp\htdocs\kasir\vendor\codeigniter4\framework\system\View\View.php(236): CodeIgniter\View\View->render('layout/template', Array, true)
#4 C:\xampp\htdocs\kasir\vendor\codeigniter4\framework\system\Common.php(1217): CodeIgniter\View\View->render('admin/supplier/...', Array, true)
#5 C:\xampp\htdocs\kasir\app\Controllers\Admin.php(563): view('admin/supplier/...', Array)
#6 C:\xampp\htdocs\kasir\vendor\codeigniter4\framework\system\CodeIgniter.php(936): App\Controllers\Admin->perusahaan()
#7 C:\xampp\htdocs\kasir\vendor\codeigniter4\framework\system\CodeIgniter.php(432): CodeIgniter\CodeIgniter->runController(Object(App\Controllers\Admin))
#8 C:\xampp\htdocs\kasir\vendor\codeigniter4\framework\system\CodeIgniter.php(333): CodeIgniter\CodeIgniter->handleRequest(NULL, Object(Config\Cache), false)
#9 C:\xampp\htdocs\kasir\public\index.php(44): CodeIgniter\CodeIgniter->run()
#10 C:\xampp\htdocs\kasir\vendor\codeigniter4\framework\system\Commands\Server\rewrite.php(45): require_once('C:\\xampp\\htdocs...')
#11 {main}
CRITICAL - 2021-05-03 03:04:29 --> Undefined variable $nama
#0 C:\xampp\htdocs\kasir\app\Views\layout\template.php(40): CodeIgniter\Debug\Exceptions->errorHandler(2, 'Undefined varia...', 'C:\\xampp\\htdocs...', 40)
#1 C:\xampp\htdocs\kasir\vendor\codeigniter4\framework\system\View\View.php(220): include('C:\\xampp\\htdocs...')
#2 C:\xampp\htdocs\kasir\vendor\codeigniter4\framework\system\View\View.php(222): CodeIgniter\View\View->CodeIgniter\View\{closure}()
#3 C:\xampp\htdocs\kasir\vendor\codeigniter4\framework\system\View\View.php(236): CodeIgniter\View\View->render('layout/template', Array, true)
#4 C:\xampp\htdocs\kasir\vendor\codeigniter4\framework\system\Common.php(1217): CodeIgniter\View\View->render('admin/supplier/...', Array, true)
#5 C:\xampp\htdocs\kasir\app\Controllers\Admin.php(580): view('admin/supplier/...', Array)
#6 C:\xampp\htdocs\kasir\vendor\codeigniter4\framework\system\CodeIgniter.php(936): App\Controllers\Admin->perusahaan_tambah()
#7 C:\xampp\htdocs\kasir\vendor\codeigniter4\framework\system\CodeIgniter.php(432): CodeIgniter\CodeIgniter->runController(Object(App\Controllers\Admin))
#8 C:\xampp\htdocs\kasir\vendor\codeigniter4\framework\system\CodeIgniter.php(333): CodeIgniter\CodeIgniter->handleRequest(NULL, Object(Config\Cache), false)
#9 C:\xampp\htdocs\kasir\public\index.php(44): CodeIgniter\CodeIgniter->run()
#10 C:\xampp\htdocs\kasir\vendor\codeigniter4\framework\system\Commands\Server\rewrite.php(45): require_once('C:\\xampp\\htdocs...')
#11 {main}
ERROR - 2021-05-03 12:32:09 --> mysqli_sql_exception: Cannot delete or update a parent row: a foreign key constraint fails (`db_kasirtoko`.`supplier`, CONSTRAINT `fk_id_perusahaan` FOREIGN KEY (`id_perusahaan`) REFERENCES `perusahaan` (`id_perusahaan`)) in C:\xampp\htdocs\kasir\vendor\codeigniter4\framework\system\Database\MySQLi\Connection.php:314
Stack trace:
#0 C:\xampp\htdocs\kasir\vendor\codeigniter4\framework\system\Database\MySQLi\Connection.php(314): mysqli->query('DELETE FROM `pe...')
#1 C:\xampp\htdocs\kasir\vendor\codeigniter4\framework\system\Database\BaseConnection.php(713): CodeIgniter\Database\MySQLi\Connection->execute('DELETE FROM `pe...')
#2 C:\xampp\htdocs\kasir\vendor\codeigniter4\framework\system\Database\BaseConnection.php(641): CodeIgniter\Database\BaseConnection->simpleQuery('DELETE FROM `pe...')
#3 C:\xampp\htdocs\kasir\vendor\codeigniter4\framework\system\Database\BaseBuilder.php(2864): CodeIgniter\Database\BaseConnection->query('DELETE FROM `pe...', Array, false)
#4 C:\xampp\htdocs\kasir\vendor\codeigniter4\framework\system\Model.php(422): CodeIgniter\Database\BaseBuilder->delete()
#5 C:\xampp\htdocs\kasir\vendor\codeigniter4\framework\system\BaseModel.php(1009): CodeIgniter\Model->doDelete(Array, false)
#6 C:\xampp\htdocs\kasir\app\Controllers\Perusahaan.php(106): CodeIgniter\BaseModel->delete(Array)
#7 C:\xampp\htdocs\kasir\vendor\codeigniter4\framework\system\CodeIgniter.php(936): App\Controllers\Perusahaan->perusahaan_delete('7')
#8 C:\xampp\htdocs\kasir\vendor\codeigniter4\framework\system\CodeIgniter.php(432): CodeIgniter\CodeIgniter->runController(Object(App\Controllers\Perusahaan))
#9 C:\xampp\htdocs\kasir\vendor\codeigniter4\framework\system\CodeIgniter.php(333): CodeIgniter\CodeIgniter->handleRequest(NULL, Object(Config\Cache), false)
#10 C:\xampp\htdocs\kasir\public\index.php(44): CodeIgniter\CodeIgniter->run()
#11 C:\xampp\htdocs\kasir\vendor\codeigniter4\framework\system\Commands\Server\rewrite.php(45): require_once('C:\\xampp\\htdocs...')
#12 {main}
CRITICAL - 2021-05-03 12:32:09 --> Cannot delete or update a parent row: a foreign key constraint fails (`db_kasirtoko`.`supplier`, CONSTRAINT `fk_id_perusahaan` FOREIGN KEY (`id_perusahaan`) REFERENCES `perusahaan` (`id_perusahaan`))
#0 C:\xampp\htdocs\kasir\vendor\codeigniter4\framework\system\Database\MySQLi\Connection.php(314): mysqli->query('DELETE FROM `pe...')
#1 C:\xampp\htdocs\kasir\vendor\codeigniter4\framework\system\Database\BaseConnection.php(713): CodeIgniter\Database\MySQLi\Connection->execute('DELETE FROM `pe...')
#2 C:\xampp\htdocs\kasir\vendor\codeigniter4\framework\system\Database\BaseConnection.php(641): CodeIgniter\Database\BaseConnection->simpleQuery('DELETE FROM `pe...')
#3 C:\xampp\htdocs\kasir\vendor\codeigniter4\framework\system\Database\BaseBuilder.php(2864): CodeIgniter\Database\BaseConnection->query('DELETE FROM `pe...', Array, false)
#4 C:\xampp\htdocs\kasir\vendor\codeigniter4\framework\system\Model.php(422): CodeIgniter\Database\BaseBuilder->delete()
#5 C:\xampp\htdocs\kasir\vendor\codeigniter4\framework\system\BaseModel.php(1009): CodeIgniter\Model->doDelete(Array, false)
#6 C:\xampp\htdocs\kasir\app\Controllers\Perusahaan.php(106): CodeIgniter\BaseModel->delete(Array)
#7 C:\xampp\htdocs\kasir\vendor\codeigniter4\framework\system\CodeIgniter.php(936): App\Controllers\Perusahaan->perusahaan_delete('7')
#8 C:\xampp\htdocs\kasir\vendor\codeigniter4\framework\system\CodeIgniter.php(432): CodeIgniter\CodeIgniter->runController(Object(App\Controllers\Perusahaan))
#9 C:\xampp\htdocs\kasir\vendor\codeigniter4\framework\system\CodeIgniter.php(333): CodeIgniter\CodeIgniter->handleRequest(NULL, Object(Config\Cache), false)
#10 C:\xampp\htdocs\kasir\public\index.php(44): CodeIgniter\CodeIgniter->run()
#11 C:\xampp\htdocs\kasir\vendor\codeigniter4\framework\system\Commands\Server\rewrite.php(45): require_once('C:\\xampp\\htdocs...')
#12 {main}
ERROR - 2021-05-03 12:32:35 --> mysqli_sql_exception: Cannot add or update a child row: a foreign key constraint fails (`db_kasirtoko`.`supplier`, CONSTRAINT `fk_id_perusahaan` FOREIGN KEY (`id_perusahaan`) REFERENCES `perusahaan` (`id_perusahaan`)) in C:\xampp\htdocs\kasir\vendor\codeigniter4\framework\system\Database\MySQLi\Connection.php:314
Stack trace:
#0 C:\xampp\htdocs\kasir\vendor\codeigniter4\framework\system\Database\MySQLi\Connection.php(314): mysqli->query('UPDATE `supplie...')
#1 C:\xampp\htdocs\kasir\vendor\codeigniter4\framework\system\Database\BaseConnection.php(713): CodeIgniter\Database\MySQLi\Connection->execute('UPDATE `supplie...')
#2 C:\xampp\htdocs\kasir\vendor\codeigniter4\framework\system\Database\BaseConnection.php(641): CodeIgniter\Database\BaseConnection->simpleQuery('UPDATE `supplie...')
#3 C:\xampp\htdocs\kasir\vendor\codeigniter4\framework\system\Database\BaseBuilder.php(2468): CodeIgniter\Database\BaseConnection->query('UPDATE `supplie...', Array, false)
#4 C:\xampp\htdocs\kasir\vendor\codeigniter4\framework\system\Model.php(353): CodeIgniter\Database\BaseBuilder->update()
#5 C:\xampp\htdocs\kasir\vendor\codeigniter4\framework\system\BaseModel.php(901): CodeIgniter\Model->doUpdate(Array, Array)
#6 C:\xampp\htdocs\kasir\vendor\codeigniter4\framework\system\Model.php(737): CodeIgniter\BaseModel->update(Array, Array)
#7 C:\xampp\htdocs\kasir\vendor\codeigniter4\framework\system\BaseModel.php(663): CodeIgniter\Model->update('7', Array)
#8 C:\xampp\htdocs\kasir\app\Controllers\Admin.php(240): CodeIgniter\BaseModel->save(Array)
#9 C:\xampp\htdocs\kasir\vendor\codeigniter4\framework\system\CodeIgniter.php(936): App\Controllers\Admin->supplier_update('7')
#10 C:\xampp\htdocs\kasir\vendor\codeigniter4\framework\system\CodeIgniter.php(432): CodeIgniter\CodeIgniter->runController(Object(App\Controllers\Admin))
#11 C:\xampp\htdocs\kasir\vendor\codeigniter4\framework\system\CodeIgniter.php(333): CodeIgniter\CodeIgniter->handleRequest(NULL, Object(Config\Cache), false)
#12 C:\xampp\htdocs\kasir\public\index.php(44): CodeIgniter\CodeIgniter->run()
#13 C:\xampp\htdocs\kasir\vendor\codeigniter4\framework\system\Commands\Server\rewrite.php(45): require_once('C:\\xampp\\htdocs...')
#14 {main}
CRITICAL - 2021-05-03 12:32:35 --> Cannot add or update a child row: a foreign key constraint fails (`db_kasirtoko`.`supplier`, CONSTRAINT `fk_id_perusahaan` FOREIGN KEY (`id_perusahaan`) REFERENCES `perusahaan` (`id_perusahaan`))
#0 C:\xampp\htdocs\kasir\vendor\codeigniter4\framework\system\Database\MySQLi\Connection.php(314): mysqli->query('UPDATE `supplie...')
#1 C:\xampp\htdocs\kasir\vendor\codeigniter4\framework\system\Database\BaseConnection.php(713): CodeIgniter\Database\MySQLi\Connection->execute('UPDATE `supplie...')
#2 C:\xampp\htdocs\kasir\vendor\codeigniter4\framework\system\Database\BaseConnection.php(641): CodeIgniter\Database\BaseConnection->simpleQuery('UPDATE `supplie...')
#3 C:\xampp\htdocs\kasir\vendor\codeigniter4\framework\system\Database\BaseBuilder.php(2468): CodeIgniter\Database\BaseConnection->query('UPDATE `supplie...', Array, false)
#4 C:\xampp\htdocs\kasir\vendor\codeigniter4\framework\system\Model.php(353): CodeIgniter\Database\BaseBuilder->update()
#5 C:\xampp\htdocs\kasir\vendor\codeigniter4\framework\system\BaseModel.php(901): CodeIgniter\Model->doUpdate(Array, Array)
#6 C:\xampp\htdocs\kasir\vendor\codeigniter4\framework\system\Model.php(737): CodeIgniter\BaseModel->update(Array, Array)
#7 C:\xampp\htdocs\kasir\vendor\codeigniter4\framework\system\BaseModel.php(663): CodeIgniter\Model->update('7', Array)
#8 C:\xampp\htdocs\kasir\app\Controllers\Admin.php(240): CodeIgniter\BaseModel->save(Array)
#9 C:\xampp\htdocs\kasir\vendor\codeigniter4\framework\system\CodeIgniter.php(936): App\Controllers\Admin->supplier_update('7')
#10 C:\xampp\htdocs\kasir\vendor\codeigniter4\framework\system\CodeIgniter.php(432): CodeIgniter\CodeIgniter->runController(Object(App\Controllers\Admin))
#11 C:\xampp\htdocs\kasir\vendor\codeigniter4\framework\system\CodeIgniter.php(333): CodeIgniter\CodeIgniter->handleRequest(NULL, Object(Config\Cache), false)
#12 C:\xampp\htdocs\kasir\public\index.php(44): CodeIgniter\CodeIgniter->run()
#13 C:\xampp\htdocs\kasir\vendor\codeigniter4\framework\system\Commands\Server\rewrite.php(45): require_once('C:\\xampp\\htdocs...')
#14 {main}
ERROR - 2021-05-03 12:33:10 --> mysqli_sql_exception: Cannot add or update a child row: a foreign key constraint fails (`db_kasirtoko`.`supplier`, CONSTRAINT `fk_id_perusahaan` FOREIGN KEY (`id_perusahaan`) REFERENCES `perusahaan` (`id_perusahaan`)) in C:\xampp\htdocs\kasir\vendor\codeigniter4\framework\system\Database\MySQLi\Connection.php:314
Stack trace:
#0 C:\xampp\htdocs\kasir\vendor\codeigniter4\framework\system\Database\MySQLi\Connection.php(314): mysqli->query('UPDATE `supplie...')
#1 C:\xampp\htdocs\kasir\vendor\codeigniter4\framework\system\Database\BaseConnection.php(713): CodeIgniter\Database\MySQLi\Connection->execute('UPDATE `supplie...')
#2 C:\xampp\htdocs\kasir\vendor\codeigniter4\framework\system\Database\BaseConnection.php(641): CodeIgniter\Database\BaseConnection->simpleQuery('UPDATE `supplie...')
#3 C:\xampp\htdocs\kasir\vendor\codeigniter4\framework\system\Database\BaseBuilder.php(2468): CodeIgniter\Database\BaseConnection->query('UPDATE `supplie...', Array, false)
#4 C:\xampp\htdocs\kasir\vendor\codeigniter4\framework\system\Model.php(353): CodeIgniter\Database\BaseBuilder->update()
#5 C:\xampp\htdocs\kasir\vendor\codeigniter4\framework\system\BaseModel.php(901): CodeIgniter\Model->doUpdate(Array, Array)
#6 C:\xampp\htdocs\kasir\vendor\codeigniter4\framework\system\Model.php(737): CodeIgniter\BaseModel->update(Array, Array)
#7 C:\xampp\htdocs\kasir\vendor\codeigniter4\framework\system\BaseModel.php(663): CodeIgniter\Model->update('7', Array)
#8 C:\xampp\htdocs\kasir\app\Controllers\Admin.php(240): CodeIgniter\BaseModel->save(Array)
#9 C:\xampp\htdocs\kasir\vendor\codeigniter4\framework\system\CodeIgniter.php(936): App\Controllers\Admin->supplier_update('7')
#10 C:\xampp\htdocs\kasir\vendor\codeigniter4\framework\system\CodeIgniter.php(432): CodeIgniter\CodeIgniter->runController(Object(App\Controllers\Admin))
#11 C:\xampp\htdocs\kasir\vendor\codeigniter4\framework\system\CodeIgniter.php(333): CodeIgniter\CodeIgniter->handleRequest(NULL, Object(Config\Cache), false)
#12 C:\xampp\htdocs\kasir\public\index.php(44): CodeIgniter\CodeIgniter->run()
#13 C:\xampp\htdocs\kasir\vendor\codeigniter4\framework\system\Commands\Server\rewrite.php(45): require_once('C:\\xampp\\htdocs...')
#14 {main}
CRITICAL - 2021-05-03 12:33:10 --> Cannot add or update a child row: a foreign key constraint fails (`db_kasirtoko`.`supplier`, CONSTRAINT `fk_id_perusahaan` FOREIGN KEY (`id_perusahaan`) REFERENCES `perusahaan` (`id_perusahaan`))
#0 C:\xampp\htdocs\kasir\vendor\codeigniter4\framework\system\Database\MySQLi\Connection.php(314): mysqli->query('UPDATE `supplie...')
#1 C:\xampp\htdocs\kasir\vendor\codeigniter4\framework\system\Database\BaseConnection.php(713): CodeIgniter\Database\MySQLi\Connection->execute('UPDATE `supplie...')
#2 C:\xampp\htdocs\kasir\vendor\codeigniter4\framework\system\Database\BaseConnection.php(641): CodeIgniter\Database\BaseConnection->simpleQuery('UPDATE `supplie...')
#3 C:\xampp\htdocs\kasir\vendor\codeigniter4\framework\system\Database\BaseBuilder.php(2468): CodeIgniter\Database\BaseConnection->query('UPDATE `supplie...', Array, false)
#4 C:\xampp\htdocs\kasir\vendor\codeigniter4\framework\system\Model.php(353): CodeIgniter\Database\BaseBuilder->update()
#5 C:\xampp\htdocs\kasir\vendor\codeigniter4\framework\system\BaseModel.php(901): CodeIgniter\Model->doUpdate(Array, Array)
#6 C:\xampp\htdocs\kasir\vendor\codeigniter4\framework\system\Model.php(737): CodeIgniter\BaseModel->update(Array, Array)
#7 C:\xampp\htdocs\kasir\vendor\codeigniter4\framework\system\BaseModel.php(663): CodeIgniter\Model->update('7', Array)
#8 C:\xampp\htdocs\kasir\app\Controllers\Admin.php(240): CodeIgniter\BaseModel->save(Array)
#9 C:\xampp\htdocs\kasir\vendor\codeigniter4\framework\system\CodeIgniter.php(936): App\Controllers\Admin->supplier_update('7')
#10 C:\xampp\htdocs\kasir\vendor\codeigniter4\framework\system\CodeIgniter.php(432): CodeIgniter\CodeIgniter->runController(Object(App\Controllers\Admin))
#11 C:\xampp\htdocs\kasir\vendor\codeigniter4\framework\system\CodeIgniter.php(333): CodeIgniter\CodeIgniter->handleRequest(NULL, Object(Config\Cache), false)
#12 C:\xampp\htdocs\kasir\public\index.php(44): CodeIgniter\CodeIgniter->run()
#13 C:\xampp\htdocs\kasir\vendor\codeigniter4\framework\system\Commands\Server\rewrite.php(45): require_once('C:\\xampp\\htdocs...')
#14 {main}
ERROR - 2021-05-03 12:34:10 --> mysqli_sql_exception: Cannot add or update a child row: a foreign key constraint fails (`db_kasirtoko`.`supplier`, CONSTRAINT `fk_id_perusahaan` FOREIGN KEY (`id_perusahaan`) REFERENCES `perusahaan` (`id_perusahaan`)) in C:\xampp\htdocs\kasir\vendor\codeigniter4\framework\system\Database\MySQLi\Connection.php:314
Stack trace:
#0 C:\xampp\htdocs\kasir\vendor\codeigniter4\framework\system\Database\MySQLi\Connection.php(314): mysqli->query('UPDATE `supplie...')
#1 C:\xampp\htdocs\kasir\vendor\codeigniter4\framework\system\Database\BaseConnection.php(713): CodeIgniter\Database\MySQLi\Connection->execute('UPDATE `supplie...')
#2 C:\xampp\htdocs\kasir\vendor\codeigniter4\framework\system\Database\BaseConnection.php(641): CodeIgniter\Database\BaseConnection->simpleQuery('UPDATE `supplie...')
#3 C:\xampp\htdocs\kasir\vendor\codeigniter4\framework\system\Database\BaseBuilder.php(2468): CodeIgniter\Database\BaseConnection->query('UPDATE `supplie...', Array, false)
#4 C:\xampp\htdocs\kasir\vendor\codeigniter4\framework\system\Model.php(353): CodeIgniter\Database\BaseBuilder->update()
#5 C:\xampp\htdocs\kasir\vendor\codeigniter4\framework\system\BaseModel.php(901): CodeIgniter\Model->doUpdate(Array, Array)
#6 C:\xampp\htdocs\kasir\vendor\codeigniter4\framework\system\Model.php(737): CodeIgniter\BaseModel->update(Array, Array)
#7 C:\xampp\htdocs\kasir\vendor\codeigniter4\framework\system\BaseModel.php(663): CodeIgniter\Model->update('11', Array)
#8 C:\xampp\htdocs\kasir\app\Controllers\Admin.php(240): CodeIgniter\BaseModel->save(Array)
#9 C:\xampp\htdocs\kasir\vendor\codeigniter4\framework\system\CodeIgniter.php(936): App\Controllers\Admin->supplier_update('11')
#10 C:\xampp\htdocs\kasir\vendor\codeigniter4\framework\system\CodeIgniter.php(432): CodeIgniter\CodeIgniter->runController(Object(App\Controllers\Admin))
#11 C:\xampp\htdocs\kasir\vendor\codeigniter4\framework\system\CodeIgniter.php(333): CodeIgniter\CodeIgniter->handleRequest(NULL, Object(Config\Cache), false)
#12 C:\xampp\htdocs\kasir\public\index.php(44): CodeIgniter\CodeIgniter->run()
#13 C:\xampp\htdocs\kasir\vendor\codeigniter4\framework\system\Commands\Server\rewrite.php(45): require_once('C:\\xampp\\htdocs...')
#14 {main}
CRITICAL - 2021-05-03 12:34:10 --> Cannot add or update a child row: a foreign key constraint fails (`db_kasirtoko`.`supplier`, CONSTRAINT `fk_id_perusahaan` FOREIGN KEY (`id_perusahaan`) REFERENCES `perusahaan` (`id_perusahaan`))
#0 C:\xampp\htdocs\kasir\vendor\codeigniter4\framework\system\Database\MySQLi\Connection.php(314): mysqli->query('UPDATE `supplie...')
#1 C:\xampp\htdocs\kasir\vendor\codeigniter4\framework\system\Database\BaseConnection.php(713): CodeIgniter\Database\MySQLi\Connection->execute('UPDATE `supplie...')
#2 C:\xampp\htdocs\kasir\vendor\codeigniter4\framework\system\Database\BaseConnection.php(641): CodeIgniter\Database\BaseConnection->simpleQuery('UPDATE `supplie...')
#3 C:\xampp\htdocs\kasir\vendor\codeigniter4\framework\system\Database\BaseBuilder.php(2468): CodeIgniter\Database\BaseConnection->query('UPDATE `supplie...', Array, false)
#4 C:\xampp\htdocs\kasir\vendor\codeigniter4\framework\system\Model.php(353): CodeIgniter\Database\BaseBuilder->update()
#5 C:\xampp\htdocs\kasir\vendor\codeigniter4\framework\system\BaseModel.php(901): CodeIgniter\Model->doUpdate(Array, Array)
#6 C:\xampp\htdocs\kasir\vendor\codeigniter4\framework\system\Model.php(737): CodeIgniter\BaseModel->update(Array, Array)
#7 C:\xampp\htdocs\kasir\vendor\codeigniter4\framework\system\BaseModel.php(663): CodeIgniter\Model->update('11', Array)
#8 C:\xampp\htdocs\kasir\app\Controllers\Admin.php(240): CodeIgniter\BaseModel->save(Array)
#9 C:\xampp\htdocs\kasir\vendor\codeigniter4\framework\system\CodeIgniter.php(936): App\Controllers\Admin->supplier_update('11')
#10 C:\xampp\htdocs\kasir\vendor\codeigniter4\framework\system\CodeIgniter.php(432): CodeIgniter\CodeIgniter->runController(Object(App\Controllers\Admin))
#11 C:\xampp\htdocs\kasir\vendor\codeigniter4\framework\system\CodeIgniter.php(333): CodeIgniter\CodeIgniter->handleRequest(NULL, Object(Config\Cache), false)
#12 C:\xampp\htdocs\kasir\public\index.php(44): CodeIgniter\CodeIgniter->run()
#13 C:\xampp\htdocs\kasir\vendor\codeigniter4\framework\system\Commands\Server\rewrite.php(45): require_once('C:\\xampp\\htdocs...')
#14 {main}
ERROR - 2021-05-03 12:34:27 --> mysqli_sql_exception: Cannot delete or update a parent row: a foreign key constraint fails (`db_kasirtoko`.`supplier`, CONSTRAINT `fk_id_perusahaan` FOREIGN KEY (`id_perusahaan`) REFERENCES `perusahaan` (`id_perusahaan`)) in C:\xampp\htdocs\kasir\vendor\codeigniter4\framework\system\Database\MySQLi\Connection.php:314
Stack trace:
#0 C:\xampp\htdocs\kasir\vendor\codeigniter4\framework\system\Database\MySQLi\Connection.php(314): mysqli->query('DELETE FROM `pe...')
#1 C:\xampp\htdocs\kasir\vendor\codeigniter4\framework\system\Database\BaseConnection.php(713): CodeIgniter\Database\MySQLi\Connection->execute('DELETE FROM `pe...')
#2 C:\xampp\htdocs\kasir\vendor\codeigniter4\framework\system\Database\BaseConnection.php(641): CodeIgniter\Database\BaseConnection->simpleQuery('DELETE FROM `pe...')
#3 C:\xampp\htdocs\kasir\vendor\codeigniter4\framework\system\Database\BaseBuilder.php(2864): CodeIgniter\Database\BaseConnection->query('DELETE FROM `pe...', Array, false)
#4 C:\xampp\htdocs\kasir\vendor\codeigniter4\framework\system\Model.php(422): CodeIgniter\Database\BaseBuilder->delete()
#5 C:\xampp\htdocs\kasir\vendor\codeigniter4\framework\system\BaseModel.php(1009): CodeIgniter\Model->doDelete(Array, false)
#6 C:\xampp\htdocs\kasir\app\Controllers\Admin.php(346): CodeIgniter\BaseModel->delete(Array)
#7 C:\xampp\htdocs\kasir\vendor\codeigniter4\framework\system\CodeIgniter.php(936): App\Controllers\Admin->perusahaan_delete('7')
#8 C:\xampp\htdocs\kasir\vendor\codeigniter4\framework\system\CodeIgniter.php(432): CodeIgniter\CodeIgniter->runController(Object(App\Controllers\Admin))
#9 C:\xampp\htdocs\kasir\vendor\codeigniter4\framework\system\CodeIgniter.php(333): CodeIgniter\CodeIgniter->handleRequest(NULL, Object(Config\Cache), false)
#10 C:\xampp\htdocs\kasir\public\index.php(44): CodeIgniter\CodeIgniter->run()
#11 C:\xampp\htdocs\kasir\vendor\codeigniter4\framework\system\Commands\Server\rewrite.php(45): require_once('C:\\xampp\\htdocs...')
#12 {main}
CRITICAL - 2021-05-03 12:34:27 --> Cannot delete or update a parent row: a foreign key constraint fails (`db_kasirtoko`.`supplier`, CONSTRAINT `fk_id_perusahaan` FOREIGN KEY (`id_perusahaan`) REFERENCES `perusahaan` (`id_perusahaan`))
#0 C:\xampp\htdocs\kasir\vendor\codeigniter4\framework\system\Database\MySQLi\Connection.php(314): mysqli->query('DELETE FROM `pe...')
#1 C:\xampp\htdocs\kasir\vendor\codeigniter4\framework\system\Database\BaseConnection.php(713): CodeIgniter\Database\MySQLi\Connection->execute('DELETE FROM `pe...')
#2 C:\xampp\htdocs\kasir\vendor\codeigniter4\framework\system\Database\BaseConnection.php(641): CodeIgniter\Database\BaseConnection->simpleQuery('DELETE FROM `pe...')
#3 C:\xampp\htdocs\kasir\vendor\codeigniter4\framework\system\Database\BaseBuilder.php(2864): CodeIgniter\Database\BaseConnection->query('DELETE FROM `pe...', Array, false)
#4 C:\xampp\htdocs\kasir\vendor\codeigniter4\framework\system\Model.php(422): CodeIgniter\Database\BaseBuilder->delete()
#5 C:\xampp\htdocs\kasir\vendor\codeigniter4\framework\system\BaseModel.php(1009): CodeIgniter\Model->doDelete(Array, false)
#6 C:\xampp\htdocs\kasir\app\Controllers\Admin.php(346): CodeIgniter\BaseModel->delete(Array)
#7 C:\xampp\htdocs\kasir\vendor\codeigniter4\framework\system\CodeIgniter.php(936): App\Controllers\Admin->perusahaan_delete('7')
#8 C:\xampp\htdocs\kasir\vendor\codeigniter4\framework\system\CodeIgniter.php(432): CodeIgniter\CodeIgniter->runController(Object(App\Controllers\Admin))
#9 C:\xampp\htdocs\kasir\vendor\codeigniter4\framework\system\CodeIgniter.php(333): CodeIgniter\CodeIgniter->handleRequest(NULL, Object(Config\Cache), false)
#10 C:\xampp\htdocs\kasir\public\index.php(44): CodeIgniter\CodeIgniter->run()
#11 C:\xampp\htdocs\kasir\vendor\codeigniter4\framework\system\Commands\Server\rewrite.php(45): require_once('C:\\xampp\\htdocs...')
#12 {main}
CRITICAL - 2021-05-03 12:35:29 --> Trying to access array offset on value of type null
#0 C:\xampp\htdocs\kasir\app\Views\admin\supplier\supplier\supplier_ubah.php(10): CodeIgniter\Debug\Exceptions->errorHandler(2, 'Trying to acces...', 'C:\\xampp\\htdocs...', 10)
#1 C:\xampp\htdocs\kasir\vendor\codeigniter4\framework\system\View\View.php(220): include('C:\\xampp\\htdocs...')
#2 C:\xampp\htdocs\kasir\vendor\codeigniter4\framework\system\View\View.php(222): CodeIgniter\View\View->CodeIgniter\View\{closure}()
#3 C:\xampp\htdocs\kasir\vendor\codeigniter4\framework\system\Common.php(1217): CodeIgniter\View\View->render('admin/supplier/...', Array, true)
#4 C:\xampp\htdocs\kasir\app\Controllers\Admin.php(134): view('admin/supplier/...', Array)
#5 C:\xampp\htdocs\kasir\vendor\codeigniter4\framework\system\CodeIgniter.php(936): App\Controllers\Admin->supplier_ubah('7')
#6 C:\xampp\htdocs\kasir\vendor\codeigniter4\framework\system\CodeIgniter.php(432): CodeIgniter\CodeIgniter->runController(Object(App\Controllers\Admin))
#7 C:\xampp\htdocs\kasir\vendor\codeigniter4\framework\system\CodeIgniter.php(333): CodeIgniter\CodeIgniter->handleRequest(NULL, Object(Config\Cache), false)
#8 C:\xampp\htdocs\kasir\public\index.php(44): CodeIgniter\CodeIgniter->run()
#9 C:\xampp\htdocs\kasir\vendor\codeigniter4\framework\system\Commands\Server\rewrite.php(45): require_once('C:\\xampp\\htdocs...')
#10 {main}
ERROR - 2021-05-03 12:36:32 --> mysqli_sql_exception: Cannot add or update a child row: a foreign key constraint fails (`db_kasirtoko`.`supplier`, CONSTRAINT `fk_id_perusahaan` FOREIGN KEY (`id_perusahaan`) REFERENCES `perusahaan` (`id_perusahaan`)) in C:\xampp\htdocs\kasir\vendor\codeigniter4\framework\system\Database\MySQLi\Connection.php:314
Stack trace:
#0 C:\xampp\htdocs\kasir\vendor\codeigniter4\framework\system\Database\MySQLi\Connection.php(314): mysqli->query('UPDATE `supplie...')
#1 C:\xampp\htdocs\kasir\vendor\codeigniter4\framework\system\Database\BaseConnection.php(713): CodeIgniter\Database\MySQLi\Connection->execute('UPDATE `supplie...')
#2 C:\xampp\htdocs\kasir\vendor\codeigniter4\framework\system\Database\BaseConnection.php(641): CodeIgniter\Database\BaseConnection->simpleQuery('UPDATE `supplie...')
#3 C:\xampp\htdocs\kasir\vendor\codeigniter4\framework\system\Database\BaseBuilder.php(2468): CodeIgniter\Database\BaseConnection->query('UPDATE `supplie...', Array, false)
#4 C:\xampp\htdocs\kasir\vendor\codeigniter4\framework\system\Model.php(353): CodeIgniter\Database\BaseBuilder->update()
#5 C:\xampp\htdocs\kasir\vendor\codeigniter4\framework\system\BaseModel.php(901): CodeIgniter\Model->doUpdate(Array, Array)
#6 C:\xampp\htdocs\kasir\vendor\codeigniter4\framework\system\Model.php(737): CodeIgniter\BaseModel->update(Array, Array)
#7 C:\xampp\htdocs\kasir\vendor\codeigniter4\framework\system\BaseModel.php(663): CodeIgniter\Model->update('11', Array)
#8 C:\xampp\htdocs\kasir\app\Controllers\Admin.php(240): CodeIgniter\BaseModel->save(Array)
#9 C:\xampp\htdocs\kasir\vendor\codeigniter4\framework\system\CodeIgniter.php(936): App\Controllers\Admin->supplier_update('11')
#10 C:\xampp\htdocs\kasir\vendor\codeigniter4\framework\system\CodeIgniter.php(432): CodeIgniter\CodeIgniter->runController(Object(App\Controllers\Admin))
#11 C:\xampp\htdocs\kasir\vendor\codeigniter4\framework\system\CodeIgniter.php(333): CodeIgniter\CodeIgniter->handleRequest(NULL, Object(Config\Cache), false)
#12 C:\xampp\htdocs\kasir\public\index.php(44): CodeIgniter\CodeIgniter->run()
#13 C:\xampp\htdocs\kasir\vendor\codeigniter4\framework\system\Commands\Server\rewrite.php(45): require_once('C:\\xampp\\htdocs...')
#14 {main}
CRITICAL - 2021-05-03 12:36:32 --> Cannot add or update a child row: a foreign key constraint fails (`db_kasirtoko`.`supplier`, CONSTRAINT `fk_id_perusahaan` FOREIGN KEY (`id_perusahaan`) REFERENCES `perusahaan` (`id_perusahaan`))
#0 C:\xampp\htdocs\kasir\vendor\codeigniter4\framework\system\Database\MySQLi\Connection.php(314): mysqli->query('UPDATE `supplie...')
#1 C:\xampp\htdocs\kasir\vendor\codeigniter4\framework\system\Database\BaseConnection.php(713): CodeIgniter\Database\MySQLi\Connection->execute('UPDATE `supplie...')
#2 C:\xampp\htdocs\kasir\vendor\codeigniter4\framework\system\Database\BaseConnection.php(641): CodeIgniter\Database\BaseConnection->simpleQuery('UPDATE `supplie...')
#3 C:\xampp\htdocs\kasir\vendor\codeigniter4\framework\system\Database\BaseBuilder.php(2468): CodeIgniter\Database\BaseConnection->query('UPDATE `supplie...', Array, false)
#4 C:\xampp\htdocs\kasir\vendor\codeigniter4\framework\system\Model.php(353): CodeIgniter\Database\BaseBuilder->update()
#5 C:\xampp\htdocs\kasir\vendor\codeigniter4\framework\system\BaseModel.php(901): CodeIgniter\Model->doUpdate(Array, Array)
#6 C:\xampp\htdocs\kasir\vendor\codeigniter4\framework\system\Model.php(737): CodeIgniter\BaseModel->update(Array, Array)
#7 C:\xampp\htdocs\kasir\vendor\codeigniter4\framework\system\BaseModel.php(663): CodeIgniter\Model->update('11', Array)
#8 C:\xampp\htdocs\kasir\app\Controllers\Admin.php(240): CodeIgniter\BaseModel->save(Array)
#9 C:\xampp\htdocs\kasir\vendor\codeigniter4\framework\system\CodeIgniter.php(936): App\Controllers\Admin->supplier_update('11')
#10 C:\xampp\htdocs\kasir\vendor\codeigniter4\framework\system\CodeIgniter.php(432): CodeIgniter\CodeIgniter->runController(Object(App\Controllers\Admin))
#11 C:\xampp\htdocs\kasir\vendor\codeigniter4\framework\system\CodeIgniter.php(333): CodeIgniter\CodeIgniter->handleRequest(NULL, Object(Config\Cache), false)
#12 C:\xampp\htdocs\kasir\public\index.php(44): CodeIgniter\CodeIgniter->run()
#13 C:\xampp\htdocs\kasir\vendor\codeigniter4\framework\system\Commands\Server\rewrite.php(45): require_once('C:\\xampp\\htdocs...')
#14 {main}
ERROR - 2021-05-03 12:36:41 --> mysqli_sql_exception: Cannot add or update a child row: a foreign key constraint fails (`db_kasirtoko`.`supplier`, CONSTRAINT `fk_id_perusahaan` FOREIGN KEY (`id_perusahaan`) REFERENCES `perusahaan` (`id_perusahaan`)) in C:\xampp\htdocs\kasir\vendor\codeigniter4\framework\system\Database\MySQLi\Connection.php:314
Stack trace:
#0 C:\xampp\htdocs\kasir\vendor\codeigniter4\framework\system\Database\MySQLi\Connection.php(314): mysqli->query('UPDATE `supplie...')
#1 C:\xampp\htdocs\kasir\vendor\codeigniter4\framework\system\Database\BaseConnection.php(713): CodeIgniter\Database\MySQLi\Connection->execute('UPDATE `supplie...')
#2 C:\xampp\htdocs\kasir\vendor\codeigniter4\framework\system\Database\BaseConnection.php(641): CodeIgniter\Database\BaseConnection->simpleQuery('UPDATE `supplie...')
#3 C:\xampp\htdocs\kasir\vendor\codeigniter4\framework\system\Database\BaseBuilder.php(2468): CodeIgniter\Database\BaseConnection->query('UPDATE `supplie...', Array, false)
#4 C:\xampp\htdocs\kasir\vendor\codeigniter4\framework\system\Model.php(353): CodeIgniter\Database\BaseBuilder->update()
#5 C:\xampp\htdocs\kasir\vendor\codeigniter4\framework\system\BaseModel.php(901): CodeIgniter\Model->doUpdate(Array, Array)
#6 C:\xampp\htdocs\kasir\vendor\codeigniter4\framework\system\Model.php(737): CodeIgniter\BaseModel->update(Array, Array)
#7 C:\xampp\htdocs\kasir\vendor\codeigniter4\framework\system\BaseModel.php(663): CodeIgniter\Model->update('11', Array)
#8 C:\xampp\htdocs\kasir\app\Controllers\Admin.php(240): CodeIgniter\BaseModel->save(Array)
#9 C:\xampp\htdocs\kasir\vendor\codeigniter4\framework\system\CodeIgniter.php(936): App\Controllers\Admin->supplier_update('11')
#10 C:\xampp\htdocs\kasir\vendor\codeigniter4\framework\system\CodeIgniter.php(432): CodeIgniter\CodeIgniter->runController(Object(App\Controllers\Admin))
#11 C:\xampp\htdocs\kasir\vendor\codeigniter4\framework\system\CodeIgniter.php(333): CodeIgniter\CodeIgniter->handleRequest(NULL, Object(Config\Cache), false)
#12 C:\xampp\htdocs\kasir\public\index.php(44): CodeIgniter\CodeIgniter->run()
#13 C:\xampp\htdocs\kasir\vendor\codeigniter4\framework\system\Commands\Server\rewrite.php(45): require_once('C:\\xampp\\htdocs...')
#14 {main}
CRITICAL - 2021-05-03 12:36:41 --> Cannot add or update a child row: a foreign key constraint fails (`db_kasirtoko`.`supplier`, CONSTRAINT `fk_id_perusahaan` FOREIGN KEY (`id_perusahaan`) REFERENCES `perusahaan` (`id_perusahaan`))
#0 C:\xampp\htdocs\kasir\vendor\codeigniter4\framework\system\Database\MySQLi\Connection.php(314): mysqli->query('UPDATE `supplie...')
#1 C:\xampp\htdocs\kasir\vendor\codeigniter4\framework\system\Database\BaseConnection.php(713): CodeIgniter\Database\MySQLi\Connection->execute('UPDATE `supplie...')
#2 C:\xampp\htdocs\kasir\vendor\codeigniter4\framework\system\Database\BaseConnection.php(641): CodeIgniter\Database\BaseConnection->simpleQuery('UPDATE `supplie...')
#3 C:\xampp\htdocs\kasir\vendor\codeigniter4\framework\system\Database\BaseBuilder.php(2468): CodeIgniter\Database\BaseConnection->query('UPDATE `supplie...', Array, false)
#4 C:\xampp\htdocs\kasir\vendor\codeigniter4\framework\system\Model.php(353): CodeIgniter\Database\BaseBuilder->update()
#5 C:\xampp\htdocs\kasir\vendor\codeigniter4\framework\system\BaseModel.php(901): CodeIgniter\Model->doUpdate(Array, Array)
#6 C:\xampp\htdocs\kasir\vendor\codeigniter4\framework\system\Model.php(737): CodeIgniter\BaseModel->update(Array, Array)
#7 C:\xampp\htdocs\kasir\vendor\codeigniter4\framework\system\BaseModel.php(663): CodeIgniter\Model->update('11', Array)
#8 C:\xampp\htdocs\kasir\app\Controllers\Admin.php(240): CodeIgniter\BaseModel->save(Array)
#9 C:\xampp\htdocs\kasir\vendor\codeigniter4\framework\system\CodeIgniter.php(936): App\Controllers\Admin->supplier_update('11')
#10 C:\xampp\htdocs\kasir\vendor\codeigniter4\framework\system\CodeIgniter.php(432): CodeIgniter\CodeIgniter->runController(Object(App\Controllers\Admin))
#11 C:\xampp\htdocs\kasir\vendor\codeigniter4\framework\system\CodeIgniter.php(333): CodeIgniter\CodeIgniter->handleRequest(NULL, Object(Config\Cache), false)
#12 C:\xampp\htdocs\kasir\public\index.php(44): CodeIgniter\CodeIgniter->run()
#13 C:\xampp\htdocs\kasir\vendor\codeigniter4\framework\system\Commands\Server\rewrite.php(45): require_once('C:\\xampp\\htdocs...')
#14 {main}
ERROR - 2021-05-03 12:37:01 --> mysqli_sql_exception: Cannot add or update a child row: a foreign key constraint fails (`db_kasirtoko`.`supplier`, CONSTRAINT `fk_id_perusahaan` FOREIGN KEY (`id_perusahaan`) REFERENCES `perusahaan` (`id_perusahaan`)) in C:\xampp\htdocs\kasir\vendor\codeigniter4\framework\system\Database\MySQLi\Connection.php:314
Stack trace:
#0 C:\xampp\htdocs\kasir\vendor\codeigniter4\framework\system\Database\MySQLi\Connection.php(314): mysqli->query('UPDATE `supplie...')
#1 C:\xampp\htdocs\kasir\vendor\codeigniter4\framework\system\Database\BaseConnection.php(713): CodeIgniter\Database\MySQLi\Connection->execute('UPDATE `supplie...')
#2 C:\xampp\htdocs\kasir\vendor\codeigniter4\framework\system\Database\BaseConnection.php(641): CodeIgniter\Database\BaseConnection->simpleQuery('UPDATE `supplie...')
#3 C:\xampp\htdocs\kasir\vendor\codeigniter4\framework\system\Database\BaseBuilder.php(2468): CodeIgniter\Database\BaseConnection->query('UPDATE `supplie...', Array, false)
#4 C:\xampp\htdocs\kasir\vendor\codeigniter4\framework\system\Model.php(353): CodeIgniter\Database\BaseBuilder->update()
#5 C:\xampp\htdocs\kasir\vendor\codeigniter4\framework\system\BaseModel.php(901): CodeIgniter\Model->doUpdate(Array, Array)
#6 C:\xampp\htdocs\kasir\vendor\codeigniter4\framework\system\Model.php(737): CodeIgniter\BaseModel->update(Array, Array)
#7 C:\xampp\htdocs\kasir\vendor\codeigniter4\framework\system\BaseModel.php(663): CodeIgniter\Model->update('11', Array)
#8 C:\xampp\htdocs\kasir\app\Controllers\Admin.php(240): CodeIgniter\BaseModel->save(Array)
#9 C:\xampp\htdocs\kasir\vendor\codeigniter4\framework\system\CodeIgniter.php(936): App\Controllers\Admin->supplier_update('11')
#10 C:\xampp\htdocs\kasir\vendor\codeigniter4\framework\system\CodeIgniter.php(432): CodeIgniter\CodeIgniter->runController(Object(App\Controllers\Admin))
#11 C:\xampp\htdocs\kasir\vendor\codeigniter4\framework\system\CodeIgniter.php(333): CodeIgniter\CodeIgniter->handleRequest(NULL, Object(Config\Cache), false)
#12 C:\xampp\htdocs\kasir\public\index.php(44): CodeIgniter\CodeIgniter->run()
#13 C:\xampp\htdocs\kasir\vendor\codeigniter4\framework\system\Commands\Server\rewrite.php(45): require_once('C:\\xampp\\htdocs...')
#14 {main}
CRITICAL - 2021-05-03 12:37:01 --> Cannot add or update a child row: a foreign key constraint fails (`db_kasirtoko`.`supplier`, CONSTRAINT `fk_id_perusahaan` FOREIGN KEY (`id_perusahaan`) REFERENCES `perusahaan` (`id_perusahaan`))
#0 C:\xampp\htdocs\kasir\vendor\codeigniter4\framework\system\Database\MySQLi\Connection.php(314): mysqli->query('UPDATE `supplie...')
#1 C:\xampp\htdocs\kasir\vendor\codeigniter4\framework\system\Database\BaseConnection.php(713): CodeIgniter\Database\MySQLi\Connection->execute('UPDATE `supplie...')
#2 C:\xampp\htdocs\kasir\vendor\codeigniter4\framework\system\Database\BaseConnection.php(641): CodeIgniter\Database\BaseConnection->simpleQuery('UPDATE `supplie...')
#3 C:\xampp\htdocs\kasir\vendor\codeigniter4\framework\system\Database\BaseBuilder.php(2468): CodeIgniter\Database\BaseConnection->query('UPDATE `supplie...', Array, false)
#4 C:\xampp\htdocs\kasir\vendor\codeigniter4\framework\system\Model.php(353): CodeIgniter\Database\BaseBuilder->update()
#5 C:\xampp\htdocs\kasir\vendor\codeigniter4\framework\system\BaseModel.php(901): CodeIgniter\Model->doUpdate(Array, Array)
#6 C:\xampp\htdocs\kasir\vendor\codeigniter4\framework\system\Model.php(737): CodeIgniter\BaseModel->update(Array, Array)
#7 C:\xampp\htdocs\kasir\vendor\codeigniter4\framework\system\BaseModel.php(663): CodeIgniter\Model->update('11', Array)
#8 C:\xampp\htdocs\kasir\app\Controllers\Admin.php(240): CodeIgniter\BaseModel->save(Array)
#9 C:\xampp\htdocs\kasir\vendor\codeigniter4\framework\system\CodeIgniter.php(936): App\Controllers\Admin->supplier_update('11')
#10 C:\xampp\htdocs\kasir\vendor\codeigniter4\framework\system\CodeIgniter.php(432): CodeIgniter\CodeIgniter->runController(Object(App\Controllers\Admin))
#11 C:\xampp\htdocs\kasir\vendor\codeigniter4\framework\system\CodeIgniter.php(333): CodeIgniter\CodeIgniter->handleRequest(NULL, Object(Config\Cache), false)
#12 C:\xampp\htdocs\kasir\public\index.php(44): CodeIgniter\CodeIgniter->run()
#13 C:\xampp\htdocs\kasir\vendor\codeigniter4\framework\system\Commands\Server\rewrite.php(45): require_once('C:\\xampp\\htdocs...')
#14 {main}
ERROR - 2021-05-03 12:40:25 --> mysqli_sql_exception: Cannot add or update a child row: a foreign key constraint fails (`db_kasirtoko`.`supplier`, CONSTRAINT `fk_id_perusahaan` FOREIGN KEY (`id_perusahaan`) REFERENCES `perusahaan` (`id_perusahaan`)) in C:\xampp\htdocs\kasir\vendor\codeigniter4\framework\system\Database\MySQLi\Connection.php:314
Stack trace:
#0 C:\xampp\htdocs\kasir\vendor\codeigniter4\framework\system\Database\MySQLi\Connection.php(314): mysqli->query('UPDATE `supplie...')
#1 C:\xampp\htdocs\kasir\vendor\codeigniter4\framework\system\Database\BaseConnection.php(713): CodeIgniter\Database\MySQLi\Connection->execute('UPDATE `supplie...')
#2 C:\xampp\htdocs\kasir\vendor\codeigniter4\framework\system\Database\BaseConnection.php(641): CodeIgniter\Database\BaseConnection->simpleQuery('UPDATE `supplie...')
#3 C:\xampp\htdocs\kasir\vendor\codeigniter4\framework\system\Database\BaseBuilder.php(2468): CodeIgniter\Database\BaseConnection->query('UPDATE `supplie...', Array, false)
#4 C:\xampp\htdocs\kasir\vendor\codeigniter4\framework\system\Model.php(353): CodeIgniter\Database\BaseBuilder->update()
#5 C:\xampp\htdocs\kasir\vendor\codeigniter4\framework\system\BaseModel.php(901): CodeIgniter\Model->doUpdate(Array, Array)
#6 C:\xampp\htdocs\kasir\vendor\codeigniter4\framework\system\Model.php(737): CodeIgniter\BaseModel->update(Array, Array)
#7 C:\xampp\htdocs\kasir\vendor\codeigniter4\framework\system\BaseModel.php(663): CodeIgniter\Model->update('11', Array)
#8 C:\xampp\htdocs\kasir\app\Controllers\Admin.php(240): CodeIgniter\BaseModel->save(Array)
#9 C:\xampp\htdocs\kasir\vendor\codeigniter4\framework\system\CodeIgniter.php(936): App\Controllers\Admin->supplier_update('11')
#10 C:\xampp\htdocs\kasir\vendor\codeigniter4\framework\system\CodeIgniter.php(432): CodeIgniter\CodeIgniter->runController(Object(App\Controllers\Admin))
#11 C:\xampp\htdocs\kasir\vendor\codeigniter4\framework\system\CodeIgniter.php(333): CodeIgniter\CodeIgniter->handleRequest(NULL, Object(Config\Cache), false)
#12 C:\xampp\htdocs\kasir\public\index.php(44): CodeIgniter\CodeIgniter->run()
#13 C:\xampp\htdocs\kasir\vendor\codeigniter4\framework\system\Commands\Server\rewrite.php(45): require_once('C:\\xampp\\htdocs...')
#14 {main}
CRITICAL - 2021-05-03 12:40:25 --> Cannot add or update a child row: a foreign key constraint fails (`db_kasirtoko`.`supplier`, CONSTRAINT `fk_id_perusahaan` FOREIGN KEY (`id_perusahaan`) REFERENCES `perusahaan` (`id_perusahaan`))
#0 C:\xampp\htdocs\kasir\vendor\codeigniter4\framework\system\Database\MySQLi\Connection.php(314): mysqli->query('UPDATE `supplie...')
#1 C:\xampp\htdocs\kasir\vendor\codeigniter4\framework\system\Database\BaseConnection.php(713): CodeIgniter\Database\MySQLi\Connection->execute('UPDATE `supplie...')
#2 C:\xampp\htdocs\kasir\vendor\codeigniter4\framework\system\Database\BaseConnection.php(641): CodeIgniter\Database\BaseConnection->simpleQuery('UPDATE `supplie...')
#3 C:\xampp\htdocs\kasir\vendor\codeigniter4\framework\system\Database\BaseBuilder.php(2468): CodeIgniter\Database\BaseConnection->query('UPDATE `supplie...', Array, false)
#4 C:\xampp\htdocs\kasir\vendor\codeigniter4\framework\system\Model.php(353): CodeIgniter\Database\BaseBuilder->update()
#5 C:\xampp\htdocs\kasir\vendor\codeigniter4\framework\system\BaseModel.php(901): CodeIgniter\Model->doUpdate(Array, Array)
#6 C:\xampp\htdocs\kasir\vendor\codeigniter4\framework\system\Model.php(737): CodeIgniter\BaseModel->update(Array, Array)
#7 C:\xampp\htdocs\kasir\vendor\codeigniter4\framework\system\BaseModel.php(663): CodeIgniter\Model->update('11', Array)
#8 C:\xampp\htdocs\kasir\app\Controllers\Admin.php(240): CodeIgniter\BaseModel->save(Array)
#9 C:\xampp\htdocs\kasir\vendor\codeigniter4\framework\system\CodeIgniter.php(936): App\Controllers\Admin->supplier_update('11')
#10 C:\xampp\htdocs\kasir\vendor\codeigniter4\framework\system\CodeIgniter.php(432): CodeIgniter\CodeIgniter->runController(Object(App\Controllers\Admin))
#11 C:\xampp\htdocs\kasir\vendor\codeigniter4\framework\system\CodeIgniter.php(333): CodeIgniter\CodeIgniter->handleRequest(NULL, Object(Config\Cache), false)
#12 C:\xampp\htdocs\kasir\public\index.php(44): CodeIgniter\CodeIgniter->run()
#13 C:\xampp\htdocs\kasir\vendor\codeigniter4\framework\system\Commands\Server\rewrite.php(45): require_once('C:\\xampp\\htdocs...')
#14 {main}
ERROR - 2021-05-03 12:41:12 --> mysqli_sql_exception: Cannot add or update a child row: a foreign key constraint fails (`db_kasirtoko`.`supplier`, CONSTRAINT `fk_id_perusahaan` FOREIGN KEY (`id_perusahaan`) REFERENCES `perusahaan` (`id_perusahaan`)) in C:\xampp\htdocs\kasir\vendor\codeigniter4\framework\system\Database\MySQLi\Connection.php:314
Stack trace:
#0 C:\xampp\htdocs\kasir\vendor\codeigniter4\framework\system\Database\MySQLi\Connection.php(314): mysqli->query('UPDATE `supplie...')
#1 C:\xampp\htdocs\kasir\vendor\codeigniter4\framework\system\Database\BaseConnection.php(713): CodeIgniter\Database\MySQLi\Connection->execute('UPDATE `supplie...')
#2 C:\xampp\htdocs\kasir\vendor\codeigniter4\framework\system\Database\BaseConnection.php(641): CodeIgniter\Database\BaseConnection->simpleQuery('UPDATE `supplie...')
#3 C:\xampp\htdocs\kasir\vendor\codeigniter4\framework\system\Database\BaseBuilder.php(2468): CodeIgniter\Database\BaseConnection->query('UPDATE `supplie...', Array, false)
#4 C:\xampp\htdocs\kasir\vendor\codeigniter4\framework\system\Model.php(353): CodeIgniter\Database\BaseBuilder->update()
#5 C:\xampp\htdocs\kasir\vendor\codeigniter4\framework\system\BaseModel.php(901): CodeIgniter\Model->doUpdate(Array, Array)
#6 C:\xampp\htdocs\kasir\vendor\codeigniter4\framework\system\Model.php(737): CodeIgniter\BaseModel->update(Array, Array)
#7 C:\xampp\htdocs\kasir\vendor\codeigniter4\framework\system\BaseModel.php(663): CodeIgniter\Model->update('11', Array)
#8 C:\xampp\htdocs\kasir\app\Controllers\Admin.php(240): CodeIgniter\BaseModel->save(Array)
#9 C:\xampp\htdocs\kasir\vendor\codeigniter4\framework\system\CodeIgniter.php(936): App\Controllers\Admin->supplier_update('11')
#10 C:\xampp\htdocs\kasir\vendor\codeigniter4\framework\system\CodeIgniter.php(432): CodeIgniter\CodeIgniter->runController(Object(App\Controllers\Admin))
#11 C:\xampp\htdocs\kasir\vendor\codeigniter4\framework\system\CodeIgniter.php(333): CodeIgniter\CodeIgniter->handleRequest(NULL, Object(Config\Cache), false)
#12 C:\xampp\htdocs\kasir\public\index.php(44): CodeIgniter\CodeIgniter->run()
#13 C:\xampp\htdocs\kasir\vendor\codeigniter4\framework\system\Commands\Server\rewrite.php(45): require_once('C:\\xampp\\htdocs...')
#14 {main}
CRITICAL - 2021-05-03 12:41:12 --> Cannot add or update a child row: a foreign key constraint fails (`db_kasirtoko`.`supplier`, CONSTRAINT `fk_id_perusahaan` FOREIGN KEY (`id_perusahaan`) REFERENCES `perusahaan` (`id_perusahaan`))
#0 C:\xampp\htdocs\kasir\vendor\codeigniter4\framework\system\Database\MySQLi\Connection.php(314): mysqli->query('UPDATE `supplie...')
#1 C:\xampp\htdocs\kasir\vendor\codeigniter4\framework\system\Database\BaseConnection.php(713): CodeIgniter\Database\MySQLi\Connection->execute('UPDATE `supplie...')
#2 C:\xampp\htdocs\kasir\vendor\codeigniter4\framework\system\Database\BaseConnection.php(641): CodeIgniter\Database\BaseConnection->simpleQuery('UPDATE `supplie...')
#3 C:\xampp\htdocs\kasir\vendor\codeigniter4\framework\system\Database\BaseBuilder.php(2468): CodeIgniter\Database\BaseConnection->query('UPDATE `supplie...', Array, false)
#4 C:\xampp\htdocs\kasir\vendor\codeigniter4\framework\system\Model.php(353): CodeIgniter\Database\BaseBuilder->update()
#5 C:\xampp\htdocs\kasir\vendor\codeigniter4\framework\system\BaseModel.php(901): CodeIgniter\Model->doUpdate(Array, Array)
#6 C:\xampp\htdocs\kasir\vendor\codeigniter4\framework\system\Model.php(737): CodeIgniter\BaseModel->update(Array, Array)
#7 C:\xampp\htdocs\kasir\vendor\codeigniter4\framework\system\BaseModel.php(663): CodeIgniter\Model->update('11', Array)
#8 C:\xampp\htdocs\kasir\app\Controllers\Admin.php(240): CodeIgniter\BaseModel->save(Array)
#9 C:\xampp\htdocs\kasir\vendor\codeigniter4\framework\system\CodeIgniter.php(936): App\Controllers\Admin->supplier_update('11')
#10 C:\xampp\htdocs\kasir\vendor\codeigniter4\framework\system\CodeIgniter.php(432): CodeIgniter\CodeIgniter->runController(Object(App\Controllers\Admin))
#11 C:\xampp\htdocs\kasir\vendor\codeigniter4\framework\system\CodeIgniter.php(333): CodeIgniter\CodeIgniter->handleRequest(NULL, Object(Config\Cache), false)
#12 C:\xampp\htdocs\kasir\public\index.php(44): CodeIgniter\CodeIgniter->run()
#13 C:\xampp\htdocs\kasir\vendor\codeigniter4\framework\system\Commands\Server\rewrite.php(45): require_once('C:\\xampp\\htdocs...')
#14 {main}
ERROR - 2021-05-03 12:42:10 --> mysqli_sql_exception: Cannot add or update a child row: a foreign key constraint fails (`db_kasirtoko`.`supplier`, CONSTRAINT `fk_id_perusahaan` FOREIGN KEY (`id_perusahaan`) REFERENCES `perusahaan` (`id_perusahaan`)) in C:\xampp\htdocs\kasir\vendor\codeigniter4\framework\system\Database\MySQLi\Connection.php:314
Stack trace:
#0 C:\xampp\htdocs\kasir\vendor\codeigniter4\framework\system\Database\MySQLi\Connection.php(314): mysqli->query('UPDATE `supplie...')
#1 C:\xampp\htdocs\kasir\vendor\codeigniter4\framework\system\Database\BaseConnection.php(713): CodeIgniter\Database\MySQLi\Connection->execute('UPDATE `supplie...')
#2 C:\xampp\htdocs\kasir\vendor\codeigniter4\framework\system\Database\BaseConnection.php(641): CodeIgniter\Database\BaseConnection->simpleQuery('UPDATE `supplie...')
#3 C:\xampp\htdocs\kasir\vendor\codeigniter4\framework\system\Database\BaseBuilder.php(2468): CodeIgniter\Database\BaseConnection->query('UPDATE `supplie...', Array, false)
#4 C:\xampp\htdocs\kasir\vendor\codeigniter4\framework\system\Model.php(353): CodeIgniter\Database\BaseBuilder->update()
#5 C:\xampp\htdocs\kasir\vendor\codeigniter4\framework\system\BaseModel.php(901): CodeIgniter\Model->doUpdate(Array, Array)
#6 C:\xampp\htdocs\kasir\vendor\codeigniter4\framework\system\Model.php(737): CodeIgniter\BaseModel->update(Array, Array)
#7 C:\xampp\htdocs\kasir\vendor\codeigniter4\framework\system\BaseModel.php(663): CodeIgniter\Model->update('11', Array)
#8 C:\xampp\htdocs\kasir\app\Controllers\Admin.php(240): CodeIgniter\BaseModel->save(Array)
#9 C:\xampp\htdocs\kasir\vendor\codeigniter4\framework\system\CodeIgniter.php(936): App\Controllers\Admin->supplier_update('11')
#10 C:\xampp\htdocs\kasir\vendor\codeigniter4\framework\system\CodeIgniter.php(432): CodeIgniter\CodeIgniter->runController(Object(App\Controllers\Admin))
#11 C:\xampp\htdocs\kasir\vendor\codeigniter4\framework\system\CodeIgniter.php(333): CodeIgniter\CodeIgniter->handleRequest(NULL, Object(Config\Cache), false)
#12 C:\xampp\htdocs\kasir\public\index.php(44): CodeIgniter\CodeIgniter->run()
#13 C:\xampp\htdocs\kasir\vendor\codeigniter4\framework\system\Commands\Server\rewrite.php(45): require_once('C:\\xampp\\htdocs...')
#14 {main}
CRITICAL - 2021-05-03 12:42:10 --> Cannot add or update a child row: a foreign key constraint fails (`db_kasirtoko`.`supplier`, CONSTRAINT `fk_id_perusahaan` FOREIGN KEY (`id_perusahaan`) REFERENCES `perusahaan` (`id_perusahaan`))
#0 C:\xampp\htdocs\kasir\vendor\codeigniter4\framework\system\Database\MySQLi\Connection.php(314): mysqli->query('UPDATE `supplie...')
#1 C:\xampp\htdocs\kasir\vendor\codeigniter4\framework\system\Database\BaseConnection.php(713): CodeIgniter\Database\MySQLi\Connection->execute('UPDATE `supplie...')
#2 C:\xampp\htdocs\kasir\vendor\codeigniter4\framework\system\Database\BaseConnection.php(641): CodeIgniter\Database\BaseConnection->simpleQuery('UPDATE `supplie...')
#3 C:\xampp\htdocs\kasir\vendor\codeigniter4\framework\system\Database\BaseBuilder.php(2468): CodeIgniter\Database\BaseConnection->query('UPDATE `supplie...', Array, false)
#4 C:\xampp\htdocs\kasir\vendor\codeigniter4\framework\system\Model.php(353): CodeIgniter\Database\BaseBuilder->update()
#5 C:\xampp\htdocs\kasir\vendor\codeigniter4\framework\system\BaseModel.php(901): CodeIgniter\Model->doUpdate(Array, Array)
#6 C:\xampp\htdocs\kasir\vendor\codeigniter4\framework\system\Model.php(737): CodeIgniter\BaseModel->update(Array, Array)
#7 C:\xampp\htdocs\kasir\vendor\codeigniter4\framework\system\BaseModel.php(663): CodeIgniter\Model->update('11', Array)
#8 C:\xampp\htdocs\kasir\app\Controllers\Admin.php(240): CodeIgniter\BaseModel->save(Array)
#9 C:\xampp\htdocs\kasir\vendor\codeigniter4\framework\system\CodeIgniter.php(936): App\Controllers\Admin->supplier_update('11')
#10 C:\xampp\htdocs\kasir\vendor\codeigniter4\framework\system\CodeIgniter.php(432): CodeIgniter\CodeIgniter->runController(Object(App\Controllers\Admin))
#11 C:\xampp\htdocs\kasir\vendor\codeigniter4\framework\system\CodeIgniter.php(333): CodeIgniter\CodeIgniter->handleRequest(NULL, Object(Config\Cache), false)
#12 C:\xampp\htdocs\kasir\public\index.php(44): CodeIgniter\CodeIgniter->run()
#13 C:\xampp\htdocs\kasir\vendor\codeigniter4\framework\system\Commands\Server\rewrite.php(45): require_once('C:\\xampp\\htdocs...')
#14 {main}
CRITICAL - 2021-05-03 12:48:35 --> syntax error, unexpected token "echo"
#0 C:\xampp\htdocs\kasir\vendor\codeigniter4\framework\system\View\View.php(222): CodeIgniter\View\View->CodeIgniter\View\{closure}()
#1 C:\xampp\htdocs\kasir\vendor\codeigniter4\framework\system\Common.php(1217): CodeIgniter\View\View->render('admin/supplier/...', Array, true)
#2 C:\xampp\htdocs\kasir\app\Controllers\Admin.php(134): view('admin/supplier/...', Array)
#3 C:\xampp\htdocs\kasir\vendor\codeigniter4\framework\system\CodeIgniter.php(936): App\Controllers\Admin->supplier_ubah('11')
#4 C:\xampp\htdocs\kasir\vendor\codeigniter4\framework\system\CodeIgniter.php(432): CodeIgniter\CodeIgniter->runController(Object(App\Controllers\Admin))
#5 C:\xampp\htdocs\kasir\vendor\codeigniter4\framework\system\CodeIgniter.php(333): CodeIgniter\CodeIgniter->handleRequest(NULL, Object(Config\Cache), false)
#6 C:\xampp\htdocs\kasir\public\index.php(44): CodeIgniter\CodeIgniter->run()
#7 C:\xampp\htdocs\kasir\vendor\codeigniter4\framework\system\Commands\Server\rewrite.php(45): require_once('C:\\xampp\\htdocs...')
#8 {main}
CRITICAL - 2021-05-03 12:49:46 --> syntax error, unexpected token "}", expecting "," or ";"
#0 C:\xampp\htdocs\kasir\vendor\codeigniter4\framework\system\View\View.php(222): CodeIgniter\View\View->CodeIgniter\View\{closure}()
#1 C:\xampp\htdocs\kasir\vendor\codeigniter4\framework\system\Common.php(1217): CodeIgniter\View\View->render('admin/supplier/...', Array, true)
#2 C:\xampp\htdocs\kasir\app\Controllers\Admin.php(134): view('admin/supplier/...', Array)
#3 C:\xampp\htdocs\kasir\vendor\codeigniter4\framework\system\CodeIgniter.php(936): App\Controllers\Admin->supplier_ubah('11')
#4 C:\xampp\htdocs\kasir\vendor\codeigniter4\framework\system\CodeIgniter.php(432): CodeIgniter\CodeIgniter->runController(Object(App\Controllers\Admin))
#5 C:\xampp\htdocs\kasir\vendor\codeigniter4\framework\system\CodeIgniter.php(333): CodeIgniter\CodeIgniter->handleRequest(NULL, Object(Config\Cache), false)
#6 C:\xampp\htdocs\kasir\public\index.php(44): CodeIgniter\CodeIgniter->run()
#7 C:\xampp\htdocs\kasir\vendor\codeigniter4\framework\system\Commands\Server\rewrite.php(45): require_once('C:\\xampp\\htdocs...')
#8 {main}
CRITICAL - 2021-05-03 12:49:56 --> syntax error, unexpected token ";"
#0 C:\xampp\htdocs\kasir\vendor\codeigniter4\framework\system\View\View.php(222): CodeIgniter\View\View->CodeIgniter\View\{closure}()
#1 C:\xampp\htdocs\kasir\vendor\codeigniter4\framework\system\Common.php(1217): CodeIgniter\View\View->render('admin/supplier/...', Array, true)
#2 C:\xampp\htdocs\kasir\app\Controllers\Admin.php(134): view('admin/supplier/...', Array)
#3 C:\xampp\htdocs\kasir\vendor\codeigniter4\framework\system\CodeIgniter.php(936): App\Controllers\Admin->supplier_ubah('11')
#4 C:\xampp\htdocs\kasir\vendor\codeigniter4\framework\system\CodeIgniter.php(432): CodeIgniter\CodeIgniter->runController(Object(App\Controllers\Admin))
#5 C:\xampp\htdocs\kasir\vendor\codeigniter4\framework\system\CodeIgniter.php(333): CodeIgniter\CodeIgniter->handleRequest(NULL, Object(Config\Cache), false)
#6 C:\xampp\htdocs\kasir\public\index.php(44): CodeIgniter\CodeIgniter->run()
#7 C:\xampp\htdocs\kasir\vendor\codeigniter4\framework\system\Commands\Server\rewrite.php(45): require_once('C:\\xampp\\htdocs...')
#8 {main}
CRITICAL - 2021-05-03 12:53:52 --> syntax error, unexpected token ","
#0 C:\xampp\htdocs\kasir\vendor\codeigniter4\framework\system\View\View.php(222): CodeIgniter\View\View->CodeIgniter\View\{closure}()
#1 C:\xampp\htdocs\kasir\vendor\codeigniter4\framework\system\Common.php(1217): CodeIgniter\View\View->render('admin/supplier/...', Array, true)
#2 C:\xampp\htdocs\kasir\app\Controllers\Admin.php(134): view('admin/supplier/...', Array)
#3 C:\xampp\htdocs\kasir\vendor\codeigniter4\framework\system\CodeIgniter.php(936): App\Controllers\Admin->supplier_ubah('11')
#4 C:\xampp\htdocs\kasir\vendor\codeigniter4\framework\system\CodeIgniter.php(432): CodeIgniter\CodeIgniter->runController(Object(App\Controllers\Admin))
#5 C:\xampp\htdocs\kasir\vendor\codeigniter4\framework\system\CodeIgniter.php(333): CodeIgniter\CodeIgniter->handleRequest(NULL, Object(Config\Cache), false)
#6 C:\xampp\htdocs\kasir\public\index.php(44): CodeIgniter\CodeIgniter->run()
#7 C:\xampp\htdocs\kasir\vendor\codeigniter4\framework\system\Commands\Server\rewrite.php(45): require_once('C:\\xampp\\htdocs...')
#8 {main}
CRITICAL - 2021-05-03 12:54:13 --> syntax error, unexpected token "echo"
#0 C:\xampp\htdocs\kasir\vendor\codeigniter4\framework\system\View\View.php(222): CodeIgniter\View\View->CodeIgniter\View\{closure}()
#1 C:\xampp\htdocs\kasir\vendor\codeigniter4\framework\system\Common.php(1217): CodeIgniter\View\View->render('admin/supplier/...', Array, true)
#2 C:\xampp\htdocs\kasir\app\Controllers\Admin.php(134): view('admin/supplier/...', Array)
#3 C:\xampp\htdocs\kasir\vendor\codeigniter4\framework\system\CodeIgniter.php(936): App\Controllers\Admin->supplier_ubah('11')
#4 C:\xampp\htdocs\kasir\vendor\codeigniter4\framework\system\CodeIgniter.php(432): CodeIgniter\CodeIgniter->runController(Object(App\Controllers\Admin))
#5 C:\xampp\htdocs\kasir\vendor\codeigniter4\framework\system\CodeIgniter.php(333): CodeIgniter\CodeIgniter->handleRequest(NULL, Object(Config\Cache), false)
#6 C:\xampp\htdocs\kasir\public\index.php(44): CodeIgniter\CodeIgniter->run()
#7 C:\xampp\htdocs\kasir\vendor\codeigniter4\framework\system\Commands\Server\rewrite.php(45): require_once('C:\\xampp\\htdocs...')
#8 {main}
CRITICAL - 2021-05-03 12:54:20 --> syntax error, unexpected token ","
#0 C:\xampp\htdocs\kasir\vendor\codeigniter4\framework\system\View\View.php(222): CodeIgniter\View\View->CodeIgniter\View\{closure}()
#1 C:\xampp\htdocs\kasir\vendor\codeigniter4\framework\system\Common.php(1217): CodeIgniter\View\View->render('admin/supplier/...', Array, true)
#2 C:\xampp\htdocs\kasir\app\Controllers\Admin.php(134): view('admin/supplier/...', Array)
#3 C:\xampp\htdocs\kasir\vendor\codeigniter4\framework\system\CodeIgniter.php(936): App\Controllers\Admin->supplier_ubah('11')
#4 C:\xampp\htdocs\kasir\vendor\codeigniter4\framework\system\CodeIgniter.php(432): CodeIgniter\CodeIgniter->runController(Object(App\Controllers\Admin))
#5 C:\xampp\htdocs\kasir\vendor\codeigniter4\framework\system\CodeIgniter.php(333): CodeIgniter\CodeIgniter->handleRequest(NULL, Object(Config\Cache), false)
#6 C:\xampp\htdocs\kasir\public\index.php(44): CodeIgniter\CodeIgniter->run()
#7 C:\xampp\htdocs\kasir\vendor\codeigniter4\framework\system\Commands\Server\rewrite.php(45): require_once('C:\\xampp\\htdocs...')
#8 {main}
CRITICAL - 2021-05-03 12:54:22 --> syntax error, unexpected token ","
#0 C:\xampp\htdocs\kasir\vendor\codeigniter4\framework\system\View\View.php(222): CodeIgniter\View\View->CodeIgniter\View\{closure}()
#1 C:\xampp\htdocs\kasir\vendor\codeigniter4\framework\system\Common.php(1217): CodeIgniter\View\View->render('admin/supplier/...', Array, true)
#2 C:\xampp\htdocs\kasir\app\Controllers\Admin.php(134): view('admin/supplier/...', Array)
#3 C:\xampp\htdocs\kasir\vendor\codeigniter4\framework\system\CodeIgniter.php(936): App\Controllers\Admin->supplier_ubah('11')
#4 C:\xampp\htdocs\kasir\vendor\codeigniter4\framework\system\CodeIgniter.php(432): CodeIgniter\CodeIgniter->runController(Object(App\Controllers\Admin))
#5 C:\xampp\htdocs\kasir\vendor\codeigniter4\framework\system\CodeIgniter.php(333): CodeIgniter\CodeIgniter->handleRequest(NULL, Object(Config\Cache), false)
#6 C:\xampp\htdocs\kasir\public\index.php(44): CodeIgniter\CodeIgniter->run()
#7 C:\xampp\htdocs\kasir\vendor\codeigniter4\framework\system\Commands\Server\rewrite.php(45): require_once('C:\\xampp\\htdocs...')
#8 {main}
CRITICAL - 2021-05-03 12:57:28 --> Undefined array key "id_perusahaan"
#0 C:\xampp\htdocs\kasir\app\Views\admin\supplier\supplier\supplier_ubah.php(61): CodeIgniter\Debug\Exceptions->errorHandler(2, 'Undefined array...', 'C:\\xampp\\htdocs...', 61)
#1 C:\xampp\htdocs\kasir\vendor\codeigniter4\framework\system\View\View.php(220): include('C:\\xampp\\htdocs...')
#2 C:\xampp\htdocs\kasir\vendor\codeigniter4\framework\system\View\View.php(222): CodeIgniter\View\View->CodeIgniter\View\{closure}()
#3 C:\xampp\htdocs\kasir\vendor\codeigniter4\framework\system\Common.php(1217): CodeIgniter\View\View->render('admin/supplier/...', Array, true)
#4 C:\xampp\htdocs\kasir\app\Controllers\Admin.php(134): view('admin/supplier/...', Array)
#5 C:\xampp\htdocs\kasir\vendor\codeigniter4\framework\system\CodeIgniter.php(936): App\Controllers\Admin->supplier_ubah('11')
#6 C:\xampp\htdocs\kasir\vendor\codeigniter4\framework\system\CodeIgniter.php(432): CodeIgniter\CodeIgniter->runController(Object(App\Controllers\Admin))
#7 C:\xampp\htdocs\kasir\vendor\codeigniter4\framework\system\CodeIgniter.php(333): CodeIgniter\CodeIgniter->handleRequest(NULL, Object(Config\Cache), false)
#8 C:\xampp\htdocs\kasir\public\index.php(44): CodeIgniter\CodeIgniter->run()
#9 C:\xampp\htdocs\kasir\vendor\codeigniter4\framework\system\Commands\Server\rewrite.php(45): require_once('C:\\xampp\\htdocs...')
#10 {main}
CRITICAL - 2021-05-03 12:57:45 --> Undefined array key "id_perusahaan"
#0 C:\xampp\htdocs\kasir\app\Views\admin\supplier\supplier\supplier_ubah.php(61): CodeIgniter\Debug\Exceptions->errorHandler(2, 'Undefined array...', 'C:\\xampp\\htdocs...', 61)
#1 C:\xampp\htdocs\kasir\vendor\codeigniter4\framework\system\View\View.php(220): include('C:\\xampp\\htdocs...')
#2 C:\xampp\htdocs\kasir\vendor\codeigniter4\framework\system\View\View.php(222): CodeIgniter\View\View->CodeIgniter\View\{closure}()
#3 C:\xampp\htdocs\kasir\vendor\codeigniter4\framework\system\Common.php(1217): CodeIgniter\View\View->render('admin/supplier/...', Array, true)
#4 C:\xampp\htdocs\kasir\app\Controllers\Admin.php(134): view('admin/supplier/...', Array)
#5 C:\xampp\htdocs\kasir\vendor\codeigniter4\framework\system\CodeIgniter.php(936): App\Controllers\Admin->supplier_ubah('11')
#6 C:\xampp\htdocs\kasir\vendor\codeigniter4\framework\system\CodeIgniter.php(432): CodeIgniter\CodeIgniter->runController(Object(App\Controllers\Admin))
#7 C:\xampp\htdocs\kasir\vendor\codeigniter4\framework\system\CodeIgniter.php(333): CodeIgniter\CodeIgniter->handleRequest(NULL, Object(Config\Cache), false)
#8 C:\xampp\htdocs\kasir\public\index.php(44): CodeIgniter\CodeIgniter->run()
#9 C:\xampp\htdocs\kasir\vendor\codeigniter4\framework\system\Commands\Server\rewrite.php(45): require_once('C:\\xampp\\htdocs...')
#10 {main}
CRITICAL - 2021-05-03 12:59:55 --> syntax error, unexpected token "isset", expecting "("
#0 C:\xampp\htdocs\kasir\vendor\codeigniter4\framework\system\View\View.php(222): CodeIgniter\View\View->CodeIgniter\View\{closure}()
#1 C:\xampp\htdocs\kasir\vendor\codeigniter4\framework\system\Common.php(1217): CodeIgniter\View\View->render('admin/supplier/...', Array, true)
#2 C:\xampp\htdocs\kasir\app\Controllers\Admin.php(134): view('admin/supplier/...', Array)
#3 C:\xampp\htdocs\kasir\vendor\codeigniter4\framework\system\CodeIgniter.php(936): App\Controllers\Admin->supplier_ubah('11')
#4 C:\xampp\htdocs\kasir\vendor\codeigniter4\framework\system\CodeIgniter.php(432): CodeIgniter\CodeIgniter->runController(Object(App\Controllers\Admin))
#5 C:\xampp\htdocs\kasir\vendor\codeigniter4\framework\system\CodeIgniter.php(333): CodeIgniter\CodeIgniter->handleRequest(NULL, Object(Config\Cache), false)
#6 C:\xampp\htdocs\kasir\public\index.php(44): CodeIgniter\CodeIgniter->run()
#7 C:\xampp\htdocs\kasir\vendor\codeigniter4\framework\system\Commands\Server\rewrite.php(45): require_once('C:\\xampp\\htdocs...')
#8 {main}
CRITICAL - 2021-05-03 13:02:39 --> Undefined variable $x
#0 C:\xampp\htdocs\kasir\app\Views\admin\supplier\supplier\supplier_ubah.php(62): CodeIgniter\Debug\Exceptions->errorHandler(2, 'Undefined varia...', 'C:\\xampp\\htdocs...', 62)
#1 C:\xampp\htdocs\kasir\vendor\codeigniter4\framework\system\View\View.php(220): include('C:\\xampp\\htdocs...')
#2 C:\xampp\htdocs\kasir\vendor\codeigniter4\framework\system\View\View.php(222): CodeIgniter\View\View->CodeIgniter\View\{closure}()
#3 C:\xampp\htdocs\kasir\vendor\codeigniter4\framework\system\Common.php(1217): CodeIgniter\View\View->render('admin/supplier/...', Array, true)
#4 C:\xampp\htdocs\kasir\app\Controllers\Admin.php(134): view('admin/supplier/...', Array)
#5 C:\xampp\htdocs\kasir\vendor\codeigniter4\framework\system\CodeIgniter.php(936): App\Controllers\Admin->supplier_ubah('11')
#6 C:\xampp\htdocs\kasir\vendor\codeigniter4\framework\system\CodeIgniter.php(432): CodeIgniter\CodeIgniter->runController(Object(App\Controllers\Admin))
#7 C:\xampp\htdocs\kasir\vendor\codeigniter4\framework\system\CodeIgniter.php(333): CodeIgniter\CodeIgniter->handleRequest(NULL, Object(Config\Cache), false)
#8 C:\xampp\htdocs\kasir\public\index.php(44): CodeIgniter\CodeIgniter->run()
#9 C:\xampp\htdocs\kasir\vendor\codeigniter4\framework\system\Commands\Server\rewrite.php(45): require_once('C:\\xampp\\htdocs...')
#10 {main}
ERROR - 2021-05-03 13:11:42 --> mysqli_sql_exception: Cannot delete or update a parent row: a foreign key constraint fails (`db_kasirtoko`.`supplier`, CONSTRAINT `fk_id_perusahaan` FOREIGN KEY (`id_perusahaan`) REFERENCES `perusahaan` (`id_perusahaan`)) in C:\xampp\htdocs\kasir\vendor\codeigniter4\framework\system\Database\MySQLi\Connection.php:314
Stack trace:
#0 C:\xampp\htdocs\kasir\vendor\codeigniter4\framework\system\Database\MySQLi\Connection.php(314): mysqli->query('DELETE FROM `pe...')
#1 C:\xampp\htdocs\kasir\vendor\codeigniter4\framework\system\Database\BaseConnection.php(713): CodeIgniter\Database\MySQLi\Connection->execute('DELETE FROM `pe...')
#2 C:\xampp\htdocs\kasir\vendor\codeigniter4\framework\system\Database\BaseConnection.php(641): CodeIgniter\Database\BaseConnection->simpleQuery('DELETE FROM `pe...')
#3 C:\xampp\htdocs\kasir\vendor\codeigniter4\framework\system\Database\BaseBuilder.php(2864): CodeIgniter\Database\BaseConnection->query('DELETE FROM `pe...', Array, false)
#4 C:\xampp\htdocs\kasir\vendor\codeigniter4\framework\system\Model.php(422): CodeIgniter\Database\BaseBuilder->delete()
#5 C:\xampp\htdocs\kasir\vendor\codeigniter4\framework\system\BaseModel.php(1009): CodeIgniter\Model->doDelete(Array, false)
#6 C:\xampp\htdocs\kasir\app\Controllers\Admin.php(346): CodeIgniter\BaseModel->delete(Array)
#7 C:\xampp\htdocs\kasir\vendor\codeigniter4\framework\system\CodeIgniter.php(936): App\Controllers\Admin->perusahaan_delete('9')
#8 C:\xampp\htdocs\kasir\vendor\codeigniter4\framework\system\CodeIgniter.php(432): CodeIgniter\CodeIgniter->runController(Object(App\Controllers\Admin))
#9 C:\xampp\htdocs\kasir\vendor\codeigniter4\framework\system\CodeIgniter.php(333): CodeIgniter\CodeIgniter->handleRequest(NULL, Object(Config\Cache), false)
#10 C:\xampp\htdocs\kasir\public\index.php(44): CodeIgniter\CodeIgniter->run()
#11 C:\xampp\htdocs\kasir\vendor\codeigniter4\framework\system\Commands\Server\rewrite.php(45): require_once('C:\\xampp\\htdocs...')
#12 {main}
CRITICAL - 2021-05-03 13:11:42 --> Cannot delete or update a parent row: a foreign key constraint fails (`db_kasirtoko`.`supplier`, CONSTRAINT `fk_id_perusahaan` FOREIGN KEY (`id_perusahaan`) REFERENCES `perusahaan` (`id_perusahaan`))
#0 C:\xampp\htdocs\kasir\vendor\codeigniter4\framework\system\Database\MySQLi\Connection.php(314): mysqli->query('DELETE FROM `pe...')
#1 C:\xampp\htdocs\kasir\vendor\codeigniter4\framework\system\Database\BaseConnection.php(713): CodeIgniter\Database\MySQLi\Connection->execute('DELETE FROM `pe...')
#2 C:\xampp\htdocs\kasir\vendor\codeigniter4\framework\system\Database\BaseConnection.php(641): CodeIgniter\Database\BaseConnection->simpleQuery('DELETE FROM `pe...')
#3 C:\xampp\htdocs\kasir\vendor\codeigniter4\framework\system\Database\BaseBuilder.php(2864): CodeIgniter\Database\BaseConnection->query('DELETE FROM `pe...', Array, false)
#4 C:\xampp\htdocs\kasir\vendor\codeigniter4\framework\system\Model.php(422): CodeIgniter\Database\BaseBuilder->delete()
#5 C:\xampp\htdocs\kasir\vendor\codeigniter4\framework\system\BaseModel.php(1009): CodeIgniter\Model->doDelete(Array, false)
#6 C:\xampp\htdocs\kasir\app\Controllers\Admin.php(346): CodeIgniter\BaseModel->delete(Array)
#7 C:\xampp\htdocs\kasir\vendor\codeigniter4\framework\system\CodeIgniter.php(936): App\Controllers\Admin->perusahaan_delete('9')
#8 C:\xampp\htdocs\kasir\vendor\codeigniter4\framework\system\CodeIgniter.php(432): CodeIgniter\CodeIgniter->runController(Object(App\Controllers\Admin))
#9 C:\xampp\htdocs\kasir\vendor\codeigniter4\framework\system\CodeIgniter.php(333): CodeIgniter\CodeIgniter->handleRequest(NULL, Object(Config\Cache), false)
#10 C:\xampp\htdocs\kasir\public\index.php(44): CodeIgniter\CodeIgniter->run()
#11 C:\xampp\htdocs\kasir\vendor\codeigniter4\framework\system\Commands\Server\rewrite.php(45): require_once('C:\\xampp\\htdocs...')
#12 {main}
